#
# There is insufficient memory for the Java Runtime Environment to continue.
# Native memory allocation (malloc) failed to allocate 668816 bytes for Chunk::new
# Possible reasons:
#   The system is out of physical RAM or swap space
#   The process is running with CompressedOops enabled, and the Java Heap may be blocking the growth of the native heap
# Possible solutions:
#   Reduce memory load on the system
#   Increase physical memory or swap space
#   Check if swap backing store is full
#   Decrease Java heap size (-Xmx/-Xms)
#   Decrease number of Java threads
#   Decrease Java thread stack sizes (-Xss)
#   Set larger code cache with -XX:ReservedCodeCacheSize=
#   JVM is running with Unscaled Compressed Oops mode in which the Java heap is
#     placed in the first 4GB address space. The Java Heap base address is the
#     maximum limit for the native heap growth. Please use -XX:HeapBaseMinAddress
#     to set the Java Heap base and to place the Java Heap above 4GB virtual address.
# This output file may be truncated or incomplete.
#
#  Out of Memory Error (arena.cpp:189), pid=21872, tid=1660
#
# JRE version: OpenJDK Runtime Environment Temurin-17.0.8.1+1 (17.0.8.1+1) (build 17.0.8.1+1)
# Java VM: OpenJDK 64-Bit Server VM Temurin-17.0.8.1+1 (17.0.8.1+1, mixed mode, sharing, tiered, compressed oops, compressed class ptrs, g1 gc, windows-amd64)
# No core dump will be written. Minidumps are not enabled by default on client versions of Windows
#

---------------  S U M M A R Y ------------

Command Line: --add-opens=java.base/java.lang=ALL-UNNAMED --add-opens=java.base/java.lang.invoke=ALL-UNNAMED --add-opens=java.base/java.util=ALL-UNNAMED --add-opens=java.prefs/java.util.prefs=ALL-UNNAMED --add-exports=jdk.compiler/com.sun.tools.javac.api=ALL-UNNAMED --add-exports=jdk.compiler/com.sun.tools.javac.util=ALL-UNNAMED --add-opens=java.base/java.util=ALL-UNNAMED --add-opens=java.prefs/java.util.prefs=ALL-UNNAMED --add-opens=java.base/java.nio.charset=ALL-UNNAMED --add-opens=java.base/java.net=ALL-UNNAMED --add-opens=java.base/java.util.concurrent.atomic=ALL-UNNAMED --add-opens=java.xml/javax.xml.namespace=ALL-UNNAMED -XX:MaxMetaspaceSize=384m -XX:+HeapDumpOnOutOfMemoryError -Xms256m -Xmx512m -Dfile.encoding=windows-1252 -Duser.country=US -Duser.language=en -Duser.variant -javaagent:C:\Users\i n f i n i t y\.gradle\wrapper\dists\gradle-8.12.1-bin\eumc4uhoysa37zql93vfjkxy0\gradle-8.12.1\lib\agents\gradle-instrumentation-agent-8.12.1.jar org.gradle.launcher.daemon.bootstrap.GradleDaemon 8.12.1

Host: Intel(R) Core(TM) i7-7700HQ CPU @ 2.80GHz, 8 cores, 15G,  Windows 10 , 64 bit Build 19041 (10.0.19041.5794)
Time: Wed Jun  4 18:17:29 2025 Egypt Daylight Time elapsed time: 27.450620 seconds (0d 0h 0m 27s)

---------------  T H R E A D  ---------------

Current thread (0x0000028171b00b20):  JavaThread "C2 CompilerThread2" daemon [_thread_in_native, id=1660, stack(0x000000b152600000,0x000000b152700000)]


Current CompileTask:
C2:  27450 12710       4       org.gradle.api.internal.artifacts.ivyservice.modulecache.ModuleMetadataSerializer$Reader::readMavenDependency (148 bytes)

Stack: [0x000000b152600000,0x000000b152700000]
Native frames: (J=compiled Java code, j=interpreted, Vv=VM code, C=native code)
V  [jvm.dll+0x678b0a]
V  [jvm.dll+0x835e84]
V  [jvm.dll+0x83762e]
V  [jvm.dll+0x837c93]
V  [jvm.dll+0x24746f]
V  [jvm.dll+0xac20c]
V  [jvm.dll+0xac7dc]
V  [jvm.dll+0x365ca7]
V  [jvm.dll+0x1bd012]
V  [jvm.dll+0x219d49]
V  [jvm.dll+0x219011]
V  [jvm.dll+0x1a534d]
V  [jvm.dll+0x228d8a]
V  [jvm.dll+0x226dcc]
V  [jvm.dll+0x7ec09b]
V  [jvm.dll+0x7e64ca]
V  [jvm.dll+0x677955]
C  [ucrtbase.dll+0x21bb2]
C  [KERNEL32.DLL+0x17374]
C  [ntdll.dll+0x4cc91]


---------------  P R O C E S S  ---------------

Threads class SMR info:
_java_thread_list=0x00000281736e5420, length=68, elements={
0x00000281385d8da0, 0x0000028153111400, 0x0000028153112080, 0x0000028153127840,
0x0000028153129370, 0x000002815312a340, 0x000002815312ad00, 0x000002815312beb0,
0x000002815312d880, 0x0000028153141c70, 0x000002815333ca00, 0x000002815349e260,
0x000002816e095990, 0x000002816e0654c0, 0x000002816e0dc7d0, 0x000002816ddde120,
0x000002816e4f63b0, 0x000002816e2e99e0, 0x000002816e53fff0, 0x000002816e53d770,
0x000002816e541e50, 0x000002816e540a10, 0x000002816e541940, 0x000002816e53dc80,
0x000002816e53e190, 0x000002816e53ebb0, 0x00000281703c1630, 0x00000281703bbb10,
0x0000028171f71990, 0x0000028171f74210, 0x0000028171f70a60, 0x0000028171f72dd0,
0x0000028171f73d00, 0x0000028171f74720, 0x0000028171f76070, 0x0000028171f76580,
0x0000028171f71480, 0x0000028171f71ea0, 0x0000028171f779c0, 0x000002817325dc10,
0x0000028173259530, 0x0000028171a2cc80, 0x0000028171a299e0, 0x0000028171a2ae20,
0x0000028171a2c770, 0x0000028171a29ef0, 0x0000028171a294d0, 0x0000028171a2b330,
0x0000028171a2b840, 0x0000028171a26230, 0x0000028171a2bd50, 0x0000028171a2a910,
0x0000028170fe3ae0, 0x0000028171a27670, 0x0000028171a25810, 0x0000028171a2c260,
0x0000028171a26740, 0x0000028171a28ab0, 0x0000028171a26c50, 0x0000028171a2d190,
0x0000028171b00b20, 0x0000028171a2a400, 0x0000028171a27160, 0x0000028171a27b80,
0x0000028171a285a0, 0x0000028171a28fc0, 0x0000028171a28090, 0x00000281703c1b40
}

Java Threads: ( => current thread )
  0x00000281385d8da0 JavaThread "main" [_thread_blocked, id=19968, stack(0x000000b14ea00000,0x000000b14eb00000)]
  0x0000028153111400 JavaThread "Reference Handler" daemon [_thread_blocked, id=10676, stack(0x000000b14f100000,0x000000b14f200000)]
  0x0000028153112080 JavaThread "Finalizer" daemon [_thread_blocked, id=22456, stack(0x000000b14f200000,0x000000b14f300000)]
  0x0000028153127840 JavaThread "Signal Dispatcher" daemon [_thread_blocked, id=21852, stack(0x000000b14f300000,0x000000b14f400000)]
  0x0000028153129370 JavaThread "Attach Listener" daemon [_thread_blocked, id=22920, stack(0x000000b14f400000,0x000000b14f500000)]
  0x000002815312a340 JavaThread "Service Thread" daemon [_thread_blocked, id=10184, stack(0x000000b14f500000,0x000000b14f600000)]
  0x000002815312ad00 JavaThread "Monitor Deflation Thread" daemon [_thread_blocked, id=3144, stack(0x000000b14f600000,0x000000b14f700000)]
  0x000002815312beb0 JavaThread "C2 CompilerThread0" daemon [_thread_in_native, id=3044, stack(0x000000b14f700000,0x000000b14f800000)]
  0x000002815312d880 JavaThread "C1 CompilerThread0" daemon [_thread_blocked, id=14712, stack(0x000000b14f800000,0x000000b14f900000)]
  0x0000028153141c70 JavaThread "Sweeper thread" daemon [_thread_blocked, id=10976, stack(0x000000b14f900000,0x000000b14fa00000)]
  0x000002815333ca00 JavaThread "Common-Cleaner" daemon [_thread_blocked, id=12416, stack(0x000000b14fa00000,0x000000b14fb00000)]
  0x000002815349e260 JavaThread "Notification Thread" daemon [_thread_blocked, id=19336, stack(0x000000b14fb00000,0x000000b14fc00000)]
  0x000002816e095990 JavaThread "Daemon health stats" [_thread_blocked, id=13092, stack(0x000000b150400000,0x000000b150500000)]
  0x000002816e0654c0 JavaThread "Incoming local TCP Connector on port 60725" [_thread_in_native, id=17592, stack(0x000000b150500000,0x000000b150600000)]
  0x000002816e0dc7d0 JavaThread "Daemon periodic checks" [_thread_blocked, id=18604, stack(0x000000b150600000,0x000000b150700000)]
  0x000002816ddde120 JavaThread "Daemon" [_thread_blocked, id=17432, stack(0x000000b150700000,0x000000b150800000)]
  0x000002816e4f63b0 JavaThread "Daemon worker" [_thread_blocked, id=13116, stack(0x000000b150a00000,0x000000b150b00000)]
  0x000002816e2e99e0 JavaThread "Cache worker for journal cache (C:\Users\i n f i n i t y\.gradle\caches\journal-1)" [_thread_blocked, id=20384, stack(0x000000b150e00000,0x000000b150f00000)]
  0x000002816e53fff0 JavaThread "File lock request listener" [_thread_in_native, id=23524, stack(0x000000b150f00000,0x000000b151000000)]
  0x000002816e53d770 JavaThread "Cache worker for file hash cache (C:\Users\i n f i n i t y\.gradle\caches\8.12.1\fileHashes)" [_thread_blocked, id=13080, stack(0x000000b151000000,0x000000b151100000)]
  0x000002816e541e50 JavaThread "File watcher server" daemon [_thread_in_native, id=15940, stack(0x000000b151600000,0x000000b151700000)]
  0x000002816e540a10 JavaThread "File watcher consumer" daemon [_thread_blocked, id=22508, stack(0x000000b151700000,0x000000b151800000)]
  0x000002816e541940 JavaThread "jar transforms" [_thread_blocked, id=17224, stack(0x000000b151800000,0x000000b151900000)]
  0x000002816e53dc80 JavaThread "jar transforms Thread 2" [_thread_blocked, id=6208, stack(0x000000b151900000,0x000000b151a00000)]
  0x000002816e53e190 JavaThread "Cache worker for file content cache (C:\Users\i n f i n i t y\.gradle\caches\8.12.1\fileContent)" [_thread_blocked, id=14124, stack(0x000000b151b00000,0x000000b151c00000)]
  0x000002816e53ebb0 JavaThread "jar transforms Thread 3" [_thread_blocked, id=17252, stack(0x000000b151e00000,0x000000b151f00000)]
  0x00000281703c1630 JavaThread "Memory manager" [_thread_blocked, id=18268, stack(0x000000b153400000,0x000000b153500000)]
  0x00000281703bbb10 JavaThread "jar transforms Thread 4" [_thread_blocked, id=23216, stack(0x000000b153500000,0x000000b153600000)]
  0x0000028171f71990 JavaThread "ForkJoinPool.commonPool-worker-1" daemon [_thread_blocked, id=2424, stack(0x000000b157300000,0x000000b157400000)]
  0x0000028171f74210 JavaThread "ForkJoinPool.commonPool-worker-2" daemon [_thread_blocked, id=3540, stack(0x000000b157400000,0x000000b157500000)]
  0x0000028171f70a60 JavaThread "ForkJoinPool.commonPool-worker-3" daemon [_thread_blocked, id=10196, stack(0x000000b157500000,0x000000b157600000)]
  0x0000028171f72dd0 JavaThread "ForkJoinPool.commonPool-worker-4" daemon [_thread_blocked, id=19696, stack(0x000000b157600000,0x000000b157700000)]
  0x0000028171f73d00 JavaThread "ForkJoinPool.commonPool-worker-5" daemon [_thread_blocked, id=16436, stack(0x000000b157700000,0x000000b157800000)]
  0x0000028171f74720 JavaThread "ForkJoinPool.commonPool-worker-6" daemon [_thread_blocked, id=14680, stack(0x000000b157800000,0x000000b157900000)]
  0x0000028171f76070 JavaThread "ForkJoinPool.commonPool-worker-7" daemon [_thread_blocked, id=12428, stack(0x000000b157900000,0x000000b157a00000)]
  0x0000028171f76580 JavaThread "Exec process" daemon [_thread_in_native, id=19784, stack(0x000000b157a00000,0x000000b157b00000)]
  0x0000028171f71480 JavaThread "Exec process Thread 2" daemon [_thread_in_native, id=9832, stack(0x000000b157b00000,0x000000b157c00000)]
  0x0000028171f71ea0 JavaThread "Exec process Thread 3" daemon [_thread_in_native, id=21488, stack(0x000000b157c00000,0x000000b157d00000)]
  0x0000028171f779c0 JavaThread "included builds" [_thread_blocked, id=19056, stack(0x000000b157d00000,0x000000b157e00000)]
  0x000002817325dc10 JavaThread "Cache worker for Java compile cache (C:\Users\i n f i n i t y\.gradle\caches\8.12.1\javaCompile)" [_thread_blocked, id=14820, stack(0x000000b158600000,0x000000b158700000)]
  0x0000028173259530 JavaThread "Exec process Thread 4" daemon [_thread_blocked, id=11684, stack(0x000000b159200000,0x000000b159300000)]
  0x0000028171a2cc80 JavaThread "VFS cleanup" [_thread_blocked, id=6328, stack(0x000000b150b00000,0x000000b150c00000)]
  0x0000028171a299e0 JavaThread "Handler for socket connection from /127.0.0.1:60725 to /127.0.0.1:60735" [_thread_in_native, id=22644, stack(0x000000b14fd00000,0x000000b14fe00000)]
  0x0000028171a2ae20 JavaThread "Cancel handler" [_thread_blocked, id=928, stack(0x000000b14fe00000,0x000000b14ff00000)]
  0x0000028171a2c770 JavaThread "Asynchronous log dispatcher for DefaultDaemonConnection: socket connection from /127.0.0.1:60725 to /127.0.0.1:60735" [_thread_blocked, id=10828, stack(0x000000b150800000,0x000000b150900000)]
  0x0000028171a29ef0 JavaThread "Stdin handler" [_thread_blocked, id=15764, stack(0x000000b150900000,0x000000b150a00000)]
  0x0000028171a294d0 JavaThread "Daemon client event forwarder" [_thread_blocked, id=9048, stack(0x000000b150c00000,0x000000b150d00000)]
  0x0000028171a2b330 JavaThread "Cache worker for file hash cache (D:\GP\Final_imp\BACKEND\demo\.gradle\8.12.1\fileHashes)" [_thread_blocked, id=22744, stack(0x000000b150d00000,0x000000b150e00000)]
  0x0000028171a2b840 JavaThread "Cache worker for Build Output Cleanup Cache (D:\GP\Final_imp\BACKEND\demo\.gradle\buildOutputCleanup)" [_thread_blocked, id=19928, stack(0x000000b151100000,0x000000b151200000)]
  0x0000028171a26230 JavaThread "Cache worker for checksums cache (D:\GP\Final_imp\BACKEND\demo\.gradle\8.12.1\checksums)" [_thread_blocked, id=22636, stack(0x000000b151200000,0x000000b151300000)]
  0x0000028171a2bd50 JavaThread "Cache worker for cache directory md-rule (C:\Users\i n f i n i t y\.gradle\caches\8.12.1\md-rule)" [_thread_blocked, id=18148, stack(0x000000b151a00000,0x000000b151b00000)]
  0x0000028171a2a910 JavaThread "Cache worker for cache directory md-supplier (C:\Users\i n f i n i t y\.gradle\caches\8.12.1\md-supplier)" [_thread_blocked, id=20236, stack(0x000000b151c00000,0x000000b151d00000)]
  0x0000028170fe3ae0 JavaThread "C2 CompilerThread1" daemon [_thread_in_native, id=2320, stack(0x000000b151d00000,0x000000b151e00000)]
  0x0000028171a27670 JavaThread "Unconstrained build operations" [_thread_blocked, id=2912, stack(0x000000b151f00000,0x000000b152000000)]
  0x0000028171a25810 JavaThread "Unconstrained build operations Thread 2" [_thread_blocked, id=22940, stack(0x000000b152000000,0x000000b152100000)]
  0x0000028171a2c260 JavaThread "Unconstrained build operations Thread 3" [_thread_blocked, id=21740, stack(0x000000b152100000,0x000000b152200000)]
  0x0000028171a26740 JavaThread "Unconstrained build operations Thread 4" [_thread_blocked, id=23036, stack(0x000000b152200000,0x000000b152300000)]
  0x0000028171a28ab0 JavaThread "Unconstrained build operations Thread 5" [_thread_blocked, id=22772, stack(0x000000b152300000,0x000000b152400000)]
  0x0000028171a26c50 JavaThread "Unconstrained build operations Thread 6" [_thread_blocked, id=13056, stack(0x000000b152400000,0x000000b152500000)]
  0x0000028171a2d190 JavaThread "Unconstrained build operations Thread 7" [_thread_blocked, id=1528, stack(0x000000b152500000,0x000000b152600000)]
=>0x0000028171b00b20 JavaThread "C2 CompilerThread2" daemon [_thread_in_native, id=1660, stack(0x000000b152600000,0x000000b152700000)]
  0x0000028171a2a400 JavaThread "Unconstrained build operations Thread 8" [_thread_blocked, id=8124, stack(0x000000b152700000,0x000000b152800000)]
  0x0000028171a27160 JavaThread "Unconstrained build operations Thread 9" [_thread_blocked, id=860, stack(0x000000b152800000,0x000000b152900000)]
  0x0000028171a27b80 JavaThread "Unconstrained build operations Thread 10" [_thread_blocked, id=22632, stack(0x000000b152900000,0x000000b152a00000)]
  0x0000028171a285a0 JavaThread "Unconstrained build operations Thread 11" [_thread_blocked, id=6520, stack(0x000000b152a00000,0x000000b152b00000)]
  0x0000028171a28fc0 JavaThread "Unconstrained build operations Thread 12" [_thread_blocked, id=23548, stack(0x000000b152b00000,0x000000b152c00000)]
  0x0000028171a28090 JavaThread "Unconstrained build operations Thread 13" [_thread_blocked, id=14180, stack(0x000000b152c00000,0x000000b152d00000)]
  0x00000281703c1b40 JavaThread "Unconstrained build operations Thread 14" [_thread_blocked, id=9444, stack(0x000000b152d00000,0x000000b152e00000)]

Other Threads:
  0x000002815310c8e0 VMThread "VM Thread" [stack: 0x000000b14f000000,0x000000b14f100000] [id=11408]
  0x0000028138613930 WatcherThread [stack: 0x000000b14fc00000,0x000000b14fd00000] [id=4364]
  0x0000028138608280 GCTaskThread "GC Thread#0" [stack: 0x000000b14eb00000,0x000000b14ec00000] [id=15784]
  0x00000281535a93e0 GCTaskThread "GC Thread#1" [stack: 0x000000b14ff00000,0x000000b150000000] [id=17416]
  0x000002815366ecb0 GCTaskThread "GC Thread#2" [stack: 0x000000b150000000,0x000000b150100000] [id=2852]
  0x00000281538eb4b0 GCTaskThread "GC Thread#3" [stack: 0x000000b150100000,0x000000b150200000] [id=16244]
  0x0000028153b36500 GCTaskThread "GC Thread#4" [stack: 0x000000b150200000,0x000000b150300000] [id=1320]
  0x000002815355e1a0 GCTaskThread "GC Thread#5" [stack: 0x000000b150300000,0x000000b150400000] [id=12964]
  0x000002816e748360 GCTaskThread "GC Thread#6" [stack: 0x000000b151300000,0x000000b151400000] [id=21792]
  0x000002817245b810 GCTaskThread "GC Thread#7" [stack: 0x000000b151400000,0x000000b151500000] [id=1412]
  0x000002813860d0d0 ConcurrentGCThread "G1 Main Marker" [stack: 0x000000b14ec00000,0x000000b14ed00000] [id=3872]
  0x000002813860e180 ConcurrentGCThread "G1 Conc#0" [stack: 0x000000b14ed00000,0x000000b14ee00000] [id=18480]
  0x00000281711aa8c0 ConcurrentGCThread "G1 Conc#1" [stack: 0x000000b151500000,0x000000b151600000] [id=6512]
  0x000002813868d670 ConcurrentGCThread "G1 Refine#0" [stack: 0x000000b14ee00000,0x000000b14ef00000] [id=9344]
  0x000002816ea7c9b0 ConcurrentGCThread "G1 Refine#1" [stack: 0x000000b153600000,0x000000b153700000] [id=3172]
  0x000002816ea7cca0 ConcurrentGCThread "G1 Refine#2" [stack: 0x000000b157200000,0x000000b157300000] [id=23172]
  0x000002813868dfa0 ConcurrentGCThread "G1 Service" [stack: 0x000000b14ef00000,0x000000b14f000000] [id=20112]

Threads with active compile tasks:
C2 CompilerThread0    27473 12715       4       org.gradle.api.internal.attributes.DefaultMutableAttributeContainer::keySet (25 bytes)
C2 CompilerThread1    27473 12709       4       org.gradle.api.internal.artifacts.ivyservice.resolveengine.result.DesugaredAttributeContainerSerializer::read (155 bytes)
C2 CompilerThread2    27473 12710       4       org.gradle.api.internal.artifacts.ivyservice.modulecache.ModuleMetadataSerializer$Reader::readMavenDependency (148 bytes)

VM state: not at safepoint (normal execution)

VM Mutex/Monitor currently owned by a thread: None

Heap address: 0x00000000e0000000, size: 512 MB, Compressed Oops mode: 32-bit

CDS archive(s) mapped at: [0x0000028154000000-0x0000028154bd0000-0x0000028154bd0000), size 12386304, SharedBaseAddress: 0x0000028154000000, ArchiveRelocationMode: 1.
Compressed class space mapped at: 0x0000028155000000-0x0000028169000000, reserved size: 335544320
Narrow klass base: 0x0000028154000000, Narrow klass shift: 0, Narrow klass range: 0x100000000

GC Precious Log:
 CPUs: 8 total, 8 available
 Memory: 16245M
 Large Page Support: Disabled
 NUMA Support: Disabled
 Compressed Oops: Enabled (32-bit)
 Heap Region Size: 1M
 Heap Min Capacity: 256M
 Heap Initial Capacity: 256M
 Heap Max Capacity: 512M
 Pre-touch: Disabled
 Parallel Workers: 8
 Concurrent Workers: 2
 Concurrent Refinement Workers: 8
 Periodic GC: Disabled

Heap:
 garbage-first heap   total 262144K, used 133001K [0x00000000e0000000, 0x0000000100000000)
  region size 1024K, 78 young (79872K), 20 survivors (20480K)
 Metaspace       used 70232K, committed 70912K, reserved 393216K
  class space    used 9683K, committed 9984K, reserved 327680K

Heap Regions: E=young(eden), S=young(survivor), O=old, HS=humongous(starts), HC=humongous(continues), CS=collection set, F=free, OA=open archive, CA=closed archive, TAMS=top-at-mark-start (previous, next)
|   0|0x00000000e0000000, 0x00000000e0100000, 0x00000000e0100000|100%| O|  |TAMS 0x00000000e0100000, 0x00000000e0000000| Untracked 
|   1|0x00000000e0100000, 0x00000000e0200000, 0x00000000e0200000|100%|HS|  |TAMS 0x00000000e0200000, 0x00000000e0100000| Complete 
|   2|0x00000000e0200000, 0x00000000e0300000, 0x00000000e0300000|100%|HC|  |TAMS 0x00000000e0300000, 0x00000000e0200000| Complete 
|   3|0x00000000e0300000, 0x00000000e0400000, 0x00000000e0400000|100%|HC|  |TAMS 0x00000000e0400000, 0x00000000e0300000| Complete 
|   4|0x00000000e0400000, 0x00000000e0500000, 0x00000000e0500000|100%| O|  |TAMS 0x00000000e0500000, 0x00000000e0400000| Untracked 
|   5|0x00000000e0500000, 0x00000000e0600000, 0x00000000e0600000|100%| O|  |TAMS 0x00000000e0600000, 0x00000000e0500000| Untracked 
|   6|0x00000000e0600000, 0x00000000e0700000, 0x00000000e0700000|100%|HS|  |TAMS 0x00000000e0700000, 0x00000000e0600000| Complete 
|   7|0x00000000e0700000, 0x00000000e0800000, 0x00000000e0800000|100%| O|  |TAMS 0x00000000e0800000, 0x00000000e0700000| Untracked 
|   8|0x00000000e0800000, 0x00000000e0900000, 0x00000000e0900000|100%| O|  |TAMS 0x00000000e0900000, 0x00000000e0800000| Untracked 
|   9|0x00000000e0900000, 0x00000000e0a00000, 0x00000000e0a00000|100%| O|  |TAMS 0x00000000e0a00000, 0x00000000e0900000| Untracked 
|  10|0x00000000e0a00000, 0x00000000e0b00000, 0x00000000e0b00000|100%| O|  |TAMS 0x00000000e0b00000, 0x00000000e0a00000| Untracked 
|  11|0x00000000e0b00000, 0x00000000e0c00000, 0x00000000e0c00000|100%| O|  |TAMS 0x00000000e0c00000, 0x00000000e0b00000| Untracked 
|  12|0x00000000e0c00000, 0x00000000e0d00000, 0x00000000e0d00000|100%| O|  |TAMS 0x00000000e0d00000, 0x00000000e0c00000| Untracked 
|  13|0x00000000e0d00000, 0x00000000e0e00000, 0x00000000e0e00000|100%| O|  |TAMS 0x00000000e0e00000, 0x00000000e0d00000| Untracked 
|  14|0x00000000e0e00000, 0x00000000e0f00000, 0x00000000e0f00000|100%| O|  |TAMS 0x00000000e0f00000, 0x00000000e0e00000| Untracked 
|  15|0x00000000e0f00000, 0x00000000e1000000, 0x00000000e1000000|100%| O|  |TAMS 0x00000000e1000000, 0x00000000e0f00000| Untracked 
|  16|0x00000000e1000000, 0x00000000e1100000, 0x00000000e1100000|100%| O|  |TAMS 0x00000000e1100000, 0x00000000e1000000| Untracked 
|  17|0x00000000e1100000, 0x00000000e1200000, 0x00000000e1200000|100%| O|  |TAMS 0x00000000e1200000, 0x00000000e1100000| Untracked 
|  18|0x00000000e1200000, 0x00000000e1300000, 0x00000000e1300000|100%| O|  |TAMS 0x00000000e1300000, 0x00000000e1200000| Untracked 
|  19|0x00000000e1300000, 0x00000000e1400000, 0x00000000e1400000|100%| O|  |TAMS 0x00000000e1400000, 0x00000000e1300000| Untracked 
|  20|0x00000000e1400000, 0x00000000e1500000, 0x00000000e1500000|100%| O|  |TAMS 0x00000000e1500000, 0x00000000e1400000| Untracked 
|  21|0x00000000e1500000, 0x00000000e1600000, 0x00000000e1600000|100%| O|  |TAMS 0x00000000e1600000, 0x00000000e1500000| Untracked 
|  22|0x00000000e1600000, 0x00000000e1700000, 0x00000000e1700000|100%| O|  |TAMS 0x00000000e1700000, 0x00000000e1600000| Untracked 
|  23|0x00000000e1700000, 0x00000000e1800000, 0x00000000e1800000|100%| O|  |TAMS 0x00000000e1800000, 0x00000000e1700000| Untracked 
|  24|0x00000000e1800000, 0x00000000e1900000, 0x00000000e1900000|100%| O|  |TAMS 0x00000000e1900000, 0x00000000e1800000| Untracked 
|  25|0x00000000e1900000, 0x00000000e1a00000, 0x00000000e1a00000|100%| O|  |TAMS 0x00000000e1a00000, 0x00000000e1900000| Untracked 
|  26|0x00000000e1a00000, 0x00000000e1b00000, 0x00000000e1b00000|100%| O|  |TAMS 0x00000000e1b00000, 0x00000000e1a00000| Untracked 
|  27|0x00000000e1b00000, 0x00000000e1c00000, 0x00000000e1c00000|100%| O|  |TAMS 0x00000000e1c00000, 0x00000000e1b00000| Untracked 
|  28|0x00000000e1c00000, 0x00000000e1d00000, 0x00000000e1d00000|100%| O|  |TAMS 0x00000000e1d00000, 0x00000000e1c00000| Untracked 
|  29|0x00000000e1d00000, 0x00000000e1e00000, 0x00000000e1e00000|100%| O|  |TAMS 0x00000000e1e00000, 0x00000000e1d00000| Untracked 
|  30|0x00000000e1e00000, 0x00000000e1f00000, 0x00000000e1f00000|100%| O|  |TAMS 0x00000000e1f00000, 0x00000000e1e00000| Untracked 
|  31|0x00000000e1f00000, 0x00000000e2000000, 0x00000000e2000000|100%| O|  |TAMS 0x00000000e2000000, 0x00000000e1f00000| Untracked 
|  32|0x00000000e2000000, 0x00000000e2100000, 0x00000000e2100000|100%| O|  |TAMS 0x00000000e2100000, 0x00000000e2000000| Untracked 
|  33|0x00000000e2100000, 0x00000000e2200000, 0x00000000e2200000|100%| O|  |TAMS 0x00000000e2200000, 0x00000000e2100000| Untracked 
|  34|0x00000000e2200000, 0x00000000e2300000, 0x00000000e2300000|100%| O|  |TAMS 0x00000000e2300000, 0x00000000e2200000| Untracked 
|  35|0x00000000e2300000, 0x00000000e2400000, 0x00000000e2400000|100%| O|  |TAMS 0x00000000e2400000, 0x00000000e2300000| Untracked 
|  36|0x00000000e2400000, 0x00000000e2500000, 0x00000000e2500000|100%| O|  |TAMS 0x00000000e2500000, 0x00000000e2400000| Untracked 
|  37|0x00000000e2500000, 0x00000000e2600000, 0x00000000e2600000|100%| O|  |TAMS 0x00000000e2600000, 0x00000000e2500000| Untracked 
|  38|0x00000000e2600000, 0x00000000e2700000, 0x00000000e2700000|100%| O|  |TAMS 0x00000000e2700000, 0x00000000e2600000| Untracked 
|  39|0x00000000e2700000, 0x00000000e2800000, 0x00000000e2800000|100%| O|  |TAMS 0x00000000e2800000, 0x00000000e2700000| Untracked 
|  40|0x00000000e2800000, 0x00000000e2900000, 0x00000000e2900000|100%| O|  |TAMS 0x00000000e2900000, 0x00000000e2800000| Untracked 
|  41|0x00000000e2900000, 0x00000000e2a00000, 0x00000000e2a00000|100%| O|  |TAMS 0x00000000e2a00000, 0x00000000e2900000| Untracked 
|  42|0x00000000e2a00000, 0x00000000e2b00000, 0x00000000e2b00000|100%| O|  |TAMS 0x00000000e2b00000, 0x00000000e2a00000| Untracked 
|  43|0x00000000e2b00000, 0x00000000e2c00000, 0x00000000e2c00000|100%| O|  |TAMS 0x00000000e2c00000, 0x00000000e2b00000| Untracked 
|  44|0x00000000e2c00000, 0x00000000e2d00000, 0x00000000e2d00000|100%| O|  |TAMS 0x00000000e2d00000, 0x00000000e2c00000| Untracked 
|  45|0x00000000e2d00000, 0x00000000e2e00000, 0x00000000e2e00000|100%| O|  |TAMS 0x00000000e2e00000, 0x00000000e2d00000| Untracked 
|  46|0x00000000e2e00000, 0x00000000e2f00000, 0x00000000e2f00000|100%| O|  |TAMS 0x00000000e2f00000, 0x00000000e2e00000| Untracked 
|  47|0x00000000e2f00000, 0x00000000e3000000, 0x00000000e3000000|100%| O|  |TAMS 0x00000000e3000000, 0x00000000e2f00000| Untracked 
|  48|0x00000000e3000000, 0x00000000e3100000, 0x00000000e3100000|100%| O|  |TAMS 0x00000000e30da000, 0x00000000e3000000| Untracked 
|  49|0x00000000e3100000, 0x00000000e3100000, 0x00000000e3200000|  0%| F|  |TAMS 0x00000000e3100000, 0x00000000e3100000| Untracked 
|  50|0x00000000e3200000, 0x00000000e3200000, 0x00000000e3300000|  0%| F|  |TAMS 0x00000000e3200000, 0x00000000e3200000| Untracked 
|  51|0x00000000e3300000, 0x00000000e3300000, 0x00000000e3400000|  0%| F|  |TAMS 0x00000000e3300000, 0x00000000e3300000| Untracked 
|  52|0x00000000e3400000, 0x00000000e3400000, 0x00000000e3500000|  0%| F|  |TAMS 0x00000000e3400000, 0x00000000e3400000| Untracked 
|  53|0x00000000e3500000, 0x00000000e3600000, 0x00000000e3600000|100%|HS|  |TAMS 0x00000000e3500000, 0x00000000e3500000| Complete 
|  54|0x00000000e3600000, 0x00000000e3700000, 0x00000000e3700000|100%|HS|  |TAMS 0x00000000e3600000, 0x00000000e3600000| Complete 
|  55|0x00000000e3700000, 0x00000000e3800000, 0x00000000e3800000|100%| O|  |TAMS 0x00000000e3700000, 0x00000000e3700000| Untracked 
|  56|0x00000000e3800000, 0x00000000e3900000, 0x00000000e3900000|100%| O|  |TAMS 0x00000000e3800000, 0x00000000e3800000| Untracked 
|  57|0x00000000e3900000, 0x00000000e39e2400, 0x00000000e3a00000| 88%| O|  |TAMS 0x00000000e3900000, 0x00000000e3900000| Untracked 
|  58|0x00000000e3a00000, 0x00000000e3a00000, 0x00000000e3b00000|  0%| F|  |TAMS 0x00000000e3a00000, 0x00000000e3a00000| Untracked 
|  59|0x00000000e3b00000, 0x00000000e3b00000, 0x00000000e3c00000|  0%| F|  |TAMS 0x00000000e3b00000, 0x00000000e3b00000| Untracked 
|  60|0x00000000e3c00000, 0x00000000e3c00000, 0x00000000e3d00000|  0%| F|  |TAMS 0x00000000e3c00000, 0x00000000e3c00000| Untracked 
|  61|0x00000000e3d00000, 0x00000000e3d00000, 0x00000000e3e00000|  0%| F|  |TAMS 0x00000000e3d00000, 0x00000000e3d00000| Untracked 
|  62|0x00000000e3e00000, 0x00000000e3e00000, 0x00000000e3f00000|  0%| F|  |TAMS 0x00000000e3e00000, 0x00000000e3e00000| Untracked 
|  63|0x00000000e3f00000, 0x00000000e3f00000, 0x00000000e4000000|  0%| F|  |TAMS 0x00000000e3f00000, 0x00000000e3f00000| Untracked 
|  64|0x00000000e4000000, 0x00000000e4000000, 0x00000000e4100000|  0%| F|  |TAMS 0x00000000e4000000, 0x00000000e4000000| Untracked 
|  65|0x00000000e4100000, 0x00000000e4100000, 0x00000000e4200000|  0%| F|  |TAMS 0x00000000e4100000, 0x00000000e4100000| Untracked 
|  66|0x00000000e4200000, 0x00000000e4200000, 0x00000000e4300000|  0%| F|  |TAMS 0x00000000e4200000, 0x00000000e4200000| Untracked 
|  67|0x00000000e4300000, 0x00000000e4300000, 0x00000000e4400000|  0%| F|  |TAMS 0x00000000e4300000, 0x00000000e4300000| Untracked 
|  68|0x00000000e4400000, 0x00000000e4400000, 0x00000000e4500000|  0%| F|  |TAMS 0x00000000e4400000, 0x00000000e4400000| Untracked 
|  69|0x00000000e4500000, 0x00000000e4500000, 0x00000000e4600000|  0%| F|  |TAMS 0x00000000e4500000, 0x00000000e4500000| Untracked 
|  70|0x00000000e4600000, 0x00000000e4600000, 0x00000000e4700000|  0%| F|  |TAMS 0x00000000e4600000, 0x00000000e4600000| Untracked 
|  71|0x00000000e4700000, 0x00000000e4700000, 0x00000000e4800000|  0%| F|  |TAMS 0x00000000e4700000, 0x00000000e4700000| Untracked 
|  72|0x00000000e4800000, 0x00000000e4800000, 0x00000000e4900000|  0%| F|  |TAMS 0x00000000e4800000, 0x00000000e4800000| Untracked 
|  73|0x00000000e4900000, 0x00000000e4900000, 0x00000000e4a00000|  0%| F|  |TAMS 0x00000000e4900000, 0x00000000e4900000| Untracked 
|  74|0x00000000e4a00000, 0x00000000e4a00000, 0x00000000e4b00000|  0%| F|  |TAMS 0x00000000e4a00000, 0x00000000e4a00000| Untracked 
|  75|0x00000000e4b00000, 0x00000000e4b00000, 0x00000000e4c00000|  0%| F|  |TAMS 0x00000000e4b00000, 0x00000000e4b00000| Untracked 
|  76|0x00000000e4c00000, 0x00000000e4c00000, 0x00000000e4d00000|  0%| F|  |TAMS 0x00000000e4c00000, 0x00000000e4c00000| Untracked 
|  77|0x00000000e4d00000, 0x00000000e4d00000, 0x00000000e4e00000|  0%| F|  |TAMS 0x00000000e4d00000, 0x00000000e4d00000| Untracked 
|  78|0x00000000e4e00000, 0x00000000e4e00000, 0x00000000e4f00000|  0%| F|  |TAMS 0x00000000e4e00000, 0x00000000e4e00000| Untracked 
|  79|0x00000000e4f00000, 0x00000000e4f00000, 0x00000000e5000000|  0%| F|  |TAMS 0x00000000e4f00000, 0x00000000e4f00000| Untracked 
|  80|0x00000000e5000000, 0x00000000e5000000, 0x00000000e5100000|  0%| F|  |TAMS 0x00000000e5000000, 0x00000000e5000000| Untracked 
|  81|0x00000000e5100000, 0x00000000e5100000, 0x00000000e5200000|  0%| F|  |TAMS 0x00000000e5100000, 0x00000000e5100000| Untracked 
|  82|0x00000000e5200000, 0x00000000e5200000, 0x00000000e5300000|  0%| F|  |TAMS 0x00000000e5200000, 0x00000000e5200000| Untracked 
|  83|0x00000000e5300000, 0x00000000e5400000, 0x00000000e5400000|100%| S|CS|TAMS 0x00000000e5300000, 0x00000000e5300000| Complete 
|  84|0x00000000e5400000, 0x00000000e5500000, 0x00000000e5500000|100%| S|CS|TAMS 0x00000000e5400000, 0x00000000e5400000| Complete 
|  85|0x00000000e5500000, 0x00000000e5600000, 0x00000000e5600000|100%| S|CS|TAMS 0x00000000e5500000, 0x00000000e5500000| Complete 
|  86|0x00000000e5600000, 0x00000000e5700000, 0x00000000e5700000|100%| S|CS|TAMS 0x00000000e5600000, 0x00000000e5600000| Complete 
|  87|0x00000000e5700000, 0x00000000e5800000, 0x00000000e5800000|100%| S|CS|TAMS 0x00000000e5700000, 0x00000000e5700000| Complete 
|  88|0x00000000e5800000, 0x00000000e5900000, 0x00000000e5900000|100%| S|CS|TAMS 0x00000000e5800000, 0x00000000e5800000| Complete 
|  89|0x00000000e5900000, 0x00000000e5a00000, 0x00000000e5a00000|100%| S|CS|TAMS 0x00000000e5900000, 0x00000000e5900000| Complete 
|  90|0x00000000e5a00000, 0x00000000e5b00000, 0x00000000e5b00000|100%| S|CS|TAMS 0x00000000e5a00000, 0x00000000e5a00000| Complete 
|  91|0x00000000e5b00000, 0x00000000e5c00000, 0x00000000e5c00000|100%| S|CS|TAMS 0x00000000e5b00000, 0x00000000e5b00000| Complete 
|  92|0x00000000e5c00000, 0x00000000e5d00000, 0x00000000e5d00000|100%| S|CS|TAMS 0x00000000e5c00000, 0x00000000e5c00000| Complete 
|  93|0x00000000e5d00000, 0x00000000e5e00000, 0x00000000e5e00000|100%| S|CS|TAMS 0x00000000e5d00000, 0x00000000e5d00000| Complete 
|  94|0x00000000e5e00000, 0x00000000e5f00000, 0x00000000e5f00000|100%| S|CS|TAMS 0x00000000e5e00000, 0x00000000e5e00000| Complete 
|  95|0x00000000e5f00000, 0x00000000e6000000, 0x00000000e6000000|100%| S|CS|TAMS 0x00000000e5f00000, 0x00000000e5f00000| Complete 
|  96|0x00000000e6000000, 0x00000000e6100000, 0x00000000e6100000|100%| S|CS|TAMS 0x00000000e6000000, 0x00000000e6000000| Complete 
|  97|0x00000000e6100000, 0x00000000e6200000, 0x00000000e6200000|100%| S|CS|TAMS 0x00000000e6100000, 0x00000000e6100000| Complete 
|  98|0x00000000e6200000, 0x00000000e6300000, 0x00000000e6300000|100%| S|CS|TAMS 0x00000000e6200000, 0x00000000e6200000| Complete 
|  99|0x00000000e6300000, 0x00000000e6400000, 0x00000000e6400000|100%| S|CS|TAMS 0x00000000e6300000, 0x00000000e6300000| Complete 
| 100|0x00000000e6400000, 0x00000000e6500000, 0x00000000e6500000|100%| S|CS|TAMS 0x00000000e6400000, 0x00000000e6400000| Complete 
| 101|0x00000000e6500000, 0x00000000e6600000, 0x00000000e6600000|100%| S|CS|TAMS 0x00000000e6500000, 0x00000000e6500000| Complete 
| 102|0x00000000e6600000, 0x00000000e6700000, 0x00000000e6700000|100%| S|CS|TAMS 0x00000000e6600000, 0x00000000e6600000| Complete 
| 103|0x00000000e6700000, 0x00000000e6700000, 0x00000000e6800000|  0%| F|  |TAMS 0x00000000e6700000, 0x00000000e6700000| Untracked 
| 104|0x00000000e6800000, 0x00000000e6800000, 0x00000000e6900000|  0%| F|  |TAMS 0x00000000e6800000, 0x00000000e6800000| Untracked 
| 105|0x00000000e6900000, 0x00000000e6900000, 0x00000000e6a00000|  0%| F|  |TAMS 0x00000000e6900000, 0x00000000e6900000| Untracked 
| 106|0x00000000e6a00000, 0x00000000e6a00000, 0x00000000e6b00000|  0%| F|  |TAMS 0x00000000e6a00000, 0x00000000e6a00000| Untracked 
| 107|0x00000000e6b00000, 0x00000000e6b00000, 0x00000000e6c00000|  0%| F|  |TAMS 0x00000000e6b00000, 0x00000000e6b00000| Untracked 
| 108|0x00000000e6c00000, 0x00000000e6c00000, 0x00000000e6d00000|  0%| F|  |TAMS 0x00000000e6c00000, 0x00000000e6c00000| Untracked 
| 109|0x00000000e6d00000, 0x00000000e6d00000, 0x00000000e6e00000|  0%| F|  |TAMS 0x00000000e6d00000, 0x00000000e6d00000| Untracked 
| 110|0x00000000e6e00000, 0x00000000e6e00000, 0x00000000e6f00000|  0%| F|  |TAMS 0x00000000e6e00000, 0x00000000e6e00000| Untracked 
| 111|0x00000000e6f00000, 0x00000000e6f00000, 0x00000000e7000000|  0%| F|  |TAMS 0x00000000e6f00000, 0x00000000e6f00000| Untracked 
| 112|0x00000000e7000000, 0x00000000e7000000, 0x00000000e7100000|  0%| F|  |TAMS 0x00000000e7000000, 0x00000000e7000000| Untracked 
| 113|0x00000000e7100000, 0x00000000e7100000, 0x00000000e7200000|  0%| F|  |TAMS 0x00000000e7100000, 0x00000000e7100000| Untracked 
| 114|0x00000000e7200000, 0x00000000e7200000, 0x00000000e7300000|  0%| F|  |TAMS 0x00000000e7200000, 0x00000000e7200000| Untracked 
| 115|0x00000000e7300000, 0x00000000e7300000, 0x00000000e7400000|  0%| F|  |TAMS 0x00000000e7300000, 0x00000000e7300000| Untracked 
| 116|0x00000000e7400000, 0x00000000e7400000, 0x00000000e7500000|  0%| F|  |TAMS 0x00000000e7400000, 0x00000000e7400000| Untracked 
| 117|0x00000000e7500000, 0x00000000e7500000, 0x00000000e7600000|  0%| F|  |TAMS 0x00000000e7500000, 0x00000000e7500000| Untracked 
| 118|0x00000000e7600000, 0x00000000e7600000, 0x00000000e7700000|  0%| F|  |TAMS 0x00000000e7600000, 0x00000000e7600000| Untracked 
| 119|0x00000000e7700000, 0x00000000e7700000, 0x00000000e7800000|  0%| F|  |TAMS 0x00000000e7700000, 0x00000000e7700000| Untracked 
| 120|0x00000000e7800000, 0x00000000e7800000, 0x00000000e7900000|  0%| F|  |TAMS 0x00000000e7800000, 0x00000000e7800000| Untracked 
| 121|0x00000000e7900000, 0x00000000e7900000, 0x00000000e7a00000|  0%| F|  |TAMS 0x00000000e7900000, 0x00000000e7900000| Untracked 
| 122|0x00000000e7a00000, 0x00000000e7a00000, 0x00000000e7b00000|  0%| F|  |TAMS 0x00000000e7a00000, 0x00000000e7a00000| Untracked 
| 123|0x00000000e7b00000, 0x00000000e7b00000, 0x00000000e7c00000|  0%| F|  |TAMS 0x00000000e7b00000, 0x00000000e7b00000| Untracked 
| 124|0x00000000e7c00000, 0x00000000e7c00000, 0x00000000e7d00000|  0%| F|  |TAMS 0x00000000e7c00000, 0x00000000e7c00000| Untracked 
| 125|0x00000000e7d00000, 0x00000000e7d00000, 0x00000000e7e00000|  0%| F|  |TAMS 0x00000000e7d00000, 0x00000000e7d00000| Untracked 
| 126|0x00000000e7e00000, 0x00000000e7e00000, 0x00000000e7f00000|  0%| F|  |TAMS 0x00000000e7e00000, 0x00000000e7e00000| Untracked 
| 127|0x00000000e7f00000, 0x00000000e7f00000, 0x00000000e8000000|  0%| F|  |TAMS 0x00000000e7f00000, 0x00000000e7f00000| Untracked 
| 128|0x00000000e8000000, 0x00000000e8000000, 0x00000000e8100000|  0%| F|  |TAMS 0x00000000e8000000, 0x00000000e8000000| Untracked 
| 129|0x00000000e8100000, 0x00000000e8100000, 0x00000000e8200000|  0%| F|  |TAMS 0x00000000e8100000, 0x00000000e8100000| Untracked 
| 130|0x00000000e8200000, 0x00000000e8200000, 0x00000000e8300000|  0%| F|  |TAMS 0x00000000e8200000, 0x00000000e8200000| Untracked 
| 131|0x00000000e8300000, 0x00000000e8300000, 0x00000000e8400000|  0%| F|  |TAMS 0x00000000e8300000, 0x00000000e8300000| Untracked 
| 132|0x00000000e8400000, 0x00000000e8400000, 0x00000000e8500000|  0%| F|  |TAMS 0x00000000e8400000, 0x00000000e8400000| Untracked 
| 133|0x00000000e8500000, 0x00000000e8500000, 0x00000000e8600000|  0%| F|  |TAMS 0x00000000e8500000, 0x00000000e8500000| Untracked 
| 134|0x00000000e8600000, 0x00000000e8600000, 0x00000000e8700000|  0%| F|  |TAMS 0x00000000e8600000, 0x00000000e8600000| Untracked 
| 135|0x00000000e8700000, 0x00000000e8700000, 0x00000000e8800000|  0%| F|  |TAMS 0x00000000e8700000, 0x00000000e8700000| Untracked 
| 136|0x00000000e8800000, 0x00000000e8800000, 0x00000000e8900000|  0%| F|  |TAMS 0x00000000e8800000, 0x00000000e8800000| Untracked 
| 137|0x00000000e8900000, 0x00000000e8900000, 0x00000000e8a00000|  0%| F|  |TAMS 0x00000000e8900000, 0x00000000e8900000| Untracked 
| 138|0x00000000e8a00000, 0x00000000e8a00000, 0x00000000e8b00000|  0%| F|  |TAMS 0x00000000e8a00000, 0x00000000e8a00000| Untracked 
| 139|0x00000000e8b00000, 0x00000000e8b00000, 0x00000000e8c00000|  0%| F|  |TAMS 0x00000000e8b00000, 0x00000000e8b00000| Untracked 
| 140|0x00000000e8c00000, 0x00000000e8c00000, 0x00000000e8d00000|  0%| F|  |TAMS 0x00000000e8c00000, 0x00000000e8c00000| Untracked 
| 141|0x00000000e8d00000, 0x00000000e8d00000, 0x00000000e8e00000|  0%| F|  |TAMS 0x00000000e8d00000, 0x00000000e8d00000| Untracked 
| 142|0x00000000e8e00000, 0x00000000e8e00000, 0x00000000e8f00000|  0%| F|  |TAMS 0x00000000e8e00000, 0x00000000e8e00000| Untracked 
| 143|0x00000000e8f00000, 0x00000000e8f00000, 0x00000000e9000000|  0%| F|  |TAMS 0x00000000e8f00000, 0x00000000e8f00000| Untracked 
| 144|0x00000000e9000000, 0x00000000e9000000, 0x00000000e9100000|  0%| F|  |TAMS 0x00000000e9000000, 0x00000000e9000000| Untracked 
| 145|0x00000000e9100000, 0x00000000e9100000, 0x00000000e9200000|  0%| F|  |TAMS 0x00000000e9100000, 0x00000000e9100000| Untracked 
| 146|0x00000000e9200000, 0x00000000e9200000, 0x00000000e9300000|  0%| F|  |TAMS 0x00000000e9200000, 0x00000000e9200000| Untracked 
| 147|0x00000000e9300000, 0x00000000e9300000, 0x00000000e9400000|  0%| F|  |TAMS 0x00000000e9300000, 0x00000000e9300000| Untracked 
| 148|0x00000000e9400000, 0x00000000e9400000, 0x00000000e9500000|  0%| F|  |TAMS 0x00000000e9400000, 0x00000000e9400000| Untracked 
| 149|0x00000000e9500000, 0x00000000e9500000, 0x00000000e9600000|  0%| F|  |TAMS 0x00000000e9500000, 0x00000000e9500000| Untracked 
| 150|0x00000000e9600000, 0x00000000e9600000, 0x00000000e9700000|  0%| F|  |TAMS 0x00000000e9600000, 0x00000000e9600000| Untracked 
| 151|0x00000000e9700000, 0x00000000e9700000, 0x00000000e9800000|  0%| F|  |TAMS 0x00000000e9700000, 0x00000000e9700000| Untracked 
| 152|0x00000000e9800000, 0x00000000e9800000, 0x00000000e9900000|  0%| F|  |TAMS 0x00000000e9800000, 0x00000000e9800000| Untracked 
| 153|0x00000000e9900000, 0x00000000e9900000, 0x00000000e9a00000|  0%| F|  |TAMS 0x00000000e9900000, 0x00000000e9900000| Untracked 
| 154|0x00000000e9a00000, 0x00000000e9a00000, 0x00000000e9b00000|  0%| F|  |TAMS 0x00000000e9a00000, 0x00000000e9a00000| Untracked 
| 155|0x00000000e9b00000, 0x00000000e9b00000, 0x00000000e9c00000|  0%| F|  |TAMS 0x00000000e9b00000, 0x00000000e9b00000| Untracked 
| 156|0x00000000e9c00000, 0x00000000e9c00000, 0x00000000e9d00000|  0%| F|  |TAMS 0x00000000e9c00000, 0x00000000e9c00000| Untracked 
| 157|0x00000000e9d00000, 0x00000000e9d00000, 0x00000000e9e00000|  0%| F|  |TAMS 0x00000000e9d00000, 0x00000000e9d00000| Untracked 
| 158|0x00000000e9e00000, 0x00000000e9e00000, 0x00000000e9f00000|  0%| F|  |TAMS 0x00000000e9e00000, 0x00000000e9e00000| Untracked 
| 159|0x00000000e9f00000, 0x00000000e9f00000, 0x00000000ea000000|  0%| F|  |TAMS 0x00000000e9f00000, 0x00000000e9f00000| Untracked 
| 160|0x00000000ea000000, 0x00000000ea000000, 0x00000000ea100000|  0%| F|  |TAMS 0x00000000ea000000, 0x00000000ea000000| Untracked 
| 161|0x00000000ea100000, 0x00000000ea100000, 0x00000000ea200000|  0%| F|  |TAMS 0x00000000ea100000, 0x00000000ea100000| Untracked 
| 162|0x00000000ea200000, 0x00000000ea200000, 0x00000000ea300000|  0%| F|  |TAMS 0x00000000ea200000, 0x00000000ea200000| Untracked 
| 163|0x00000000ea300000, 0x00000000ea300000, 0x00000000ea400000|  0%| F|  |TAMS 0x00000000ea300000, 0x00000000ea300000| Untracked 
| 164|0x00000000ea400000, 0x00000000ea400000, 0x00000000ea500000|  0%| F|  |TAMS 0x00000000ea400000, 0x00000000ea400000| Untracked 
| 165|0x00000000ea500000, 0x00000000ea500000, 0x00000000ea600000|  0%| F|  |TAMS 0x00000000ea500000, 0x00000000ea500000| Untracked 
| 166|0x00000000ea600000, 0x00000000ea600000, 0x00000000ea700000|  0%| F|  |TAMS 0x00000000ea600000, 0x00000000ea600000| Untracked 
| 167|0x00000000ea700000, 0x00000000ea700000, 0x00000000ea800000|  0%| F|  |TAMS 0x00000000ea700000, 0x00000000ea700000| Untracked 
| 168|0x00000000ea800000, 0x00000000ea800000, 0x00000000ea900000|  0%| F|  |TAMS 0x00000000ea800000, 0x00000000ea800000| Untracked 
| 169|0x00000000ea900000, 0x00000000ea900000, 0x00000000eaa00000|  0%| F|  |TAMS 0x00000000ea900000, 0x00000000ea900000| Untracked 
| 170|0x00000000eaa00000, 0x00000000eaa00000, 0x00000000eab00000|  0%| F|  |TAMS 0x00000000eaa00000, 0x00000000eaa00000| Untracked 
| 171|0x00000000eab00000, 0x00000000eab00000, 0x00000000eac00000|  0%| F|  |TAMS 0x00000000eab00000, 0x00000000eab00000| Untracked 
| 172|0x00000000eac00000, 0x00000000eac00000, 0x00000000ead00000|  0%| F|  |TAMS 0x00000000eac00000, 0x00000000eac00000| Untracked 
| 173|0x00000000ead00000, 0x00000000ead00000, 0x00000000eae00000|  0%| F|  |TAMS 0x00000000ead00000, 0x00000000ead00000| Untracked 
| 174|0x00000000eae00000, 0x00000000eae00000, 0x00000000eaf00000|  0%| F|  |TAMS 0x00000000eae00000, 0x00000000eae00000| Untracked 
| 175|0x00000000eaf00000, 0x00000000eaf00000, 0x00000000eb000000|  0%| F|  |TAMS 0x00000000eaf00000, 0x00000000eaf00000| Untracked 
| 176|0x00000000eb000000, 0x00000000eb000000, 0x00000000eb100000|  0%| F|  |TAMS 0x00000000eb000000, 0x00000000eb000000| Untracked 
| 177|0x00000000eb100000, 0x00000000eb100000, 0x00000000eb200000|  0%| F|  |TAMS 0x00000000eb100000, 0x00000000eb100000| Untracked 
| 178|0x00000000eb200000, 0x00000000eb200000, 0x00000000eb300000|  0%| F|  |TAMS 0x00000000eb200000, 0x00000000eb200000| Untracked 
| 179|0x00000000eb300000, 0x00000000eb300000, 0x00000000eb400000|  0%| F|  |TAMS 0x00000000eb300000, 0x00000000eb300000| Untracked 
| 180|0x00000000eb400000, 0x00000000eb400000, 0x00000000eb500000|  0%| F|  |TAMS 0x00000000eb400000, 0x00000000eb400000| Untracked 
| 181|0x00000000eb500000, 0x00000000eb500000, 0x00000000eb600000|  0%| F|  |TAMS 0x00000000eb500000, 0x00000000eb500000| Untracked 
| 182|0x00000000eb600000, 0x00000000eb600000, 0x00000000eb700000|  0%| F|  |TAMS 0x00000000eb600000, 0x00000000eb600000| Untracked 
| 183|0x00000000eb700000, 0x00000000eb700000, 0x00000000eb800000|  0%| F|  |TAMS 0x00000000eb700000, 0x00000000eb700000| Untracked 
| 184|0x00000000eb800000, 0x00000000eb800000, 0x00000000eb900000|  0%| F|  |TAMS 0x00000000eb800000, 0x00000000eb800000| Untracked 
| 185|0x00000000eb900000, 0x00000000eb900000, 0x00000000eba00000|  0%| F|  |TAMS 0x00000000eb900000, 0x00000000eb900000| Untracked 
| 186|0x00000000eba00000, 0x00000000eba00000, 0x00000000ebb00000|  0%| F|  |TAMS 0x00000000eba00000, 0x00000000eba00000| Untracked 
| 187|0x00000000ebb00000, 0x00000000ebb00000, 0x00000000ebc00000|  0%| F|  |TAMS 0x00000000ebb00000, 0x00000000ebb00000| Untracked 
| 188|0x00000000ebc00000, 0x00000000ebc00000, 0x00000000ebd00000|  0%| F|  |TAMS 0x00000000ebc00000, 0x00000000ebc00000| Untracked 
| 189|0x00000000ebd00000, 0x00000000ebd00000, 0x00000000ebe00000|  0%| F|  |TAMS 0x00000000ebd00000, 0x00000000ebd00000| Untracked 
| 190|0x00000000ebe00000, 0x00000000ebe00000, 0x00000000ebf00000|  0%| F|  |TAMS 0x00000000ebe00000, 0x00000000ebe00000| Untracked 
| 191|0x00000000ebf00000, 0x00000000ebf00000, 0x00000000ec000000|  0%| F|  |TAMS 0x00000000ebf00000, 0x00000000ebf00000| Untracked 
| 192|0x00000000ec000000, 0x00000000ec000000, 0x00000000ec100000|  0%| F|  |TAMS 0x00000000ec000000, 0x00000000ec000000| Untracked 
| 193|0x00000000ec100000, 0x00000000ec100000, 0x00000000ec200000|  0%| F|  |TAMS 0x00000000ec100000, 0x00000000ec100000| Untracked 
| 194|0x00000000ec200000, 0x00000000ec200000, 0x00000000ec300000|  0%| F|  |TAMS 0x00000000ec200000, 0x00000000ec200000| Untracked 
| 195|0x00000000ec300000, 0x00000000ec300000, 0x00000000ec400000|  0%| F|  |TAMS 0x00000000ec300000, 0x00000000ec300000| Untracked 
| 196|0x00000000ec400000, 0x00000000ec400000, 0x00000000ec500000|  0%| F|  |TAMS 0x00000000ec400000, 0x00000000ec400000| Untracked 
| 197|0x00000000ec500000, 0x00000000ec500000, 0x00000000ec600000|  0%| F|  |TAMS 0x00000000ec500000, 0x00000000ec500000| Untracked 
| 198|0x00000000ec600000, 0x00000000ec6c4bb8, 0x00000000ec700000| 76%| E|  |TAMS 0x00000000ec600000, 0x00000000ec600000| Complete 
| 199|0x00000000ec700000, 0x00000000ec800000, 0x00000000ec800000|100%| E|CS|TAMS 0x00000000ec700000, 0x00000000ec700000| Complete 
| 200|0x00000000ec800000, 0x00000000ec900000, 0x00000000ec900000|100%| E|CS|TAMS 0x00000000ec800000, 0x00000000ec800000| Complete 
| 201|0x00000000ec900000, 0x00000000eca00000, 0x00000000eca00000|100%| E|CS|TAMS 0x00000000ec900000, 0x00000000ec900000| Complete 
| 202|0x00000000eca00000, 0x00000000ecb00000, 0x00000000ecb00000|100%| E|CS|TAMS 0x00000000eca00000, 0x00000000eca00000| Complete 
| 203|0x00000000ecb00000, 0x00000000ecc00000, 0x00000000ecc00000|100%| E|CS|TAMS 0x00000000ecb00000, 0x00000000ecb00000| Complete 
| 204|0x00000000ecc00000, 0x00000000ecd00000, 0x00000000ecd00000|100%| E|CS|TAMS 0x00000000ecc00000, 0x00000000ecc00000| Complete 
| 205|0x00000000ecd00000, 0x00000000ece00000, 0x00000000ece00000|100%| E|CS|TAMS 0x00000000ecd00000, 0x00000000ecd00000| Complete 
| 206|0x00000000ece00000, 0x00000000ecf00000, 0x00000000ecf00000|100%| E|CS|TAMS 0x00000000ece00000, 0x00000000ece00000| Complete 
| 207|0x00000000ecf00000, 0x00000000ed000000, 0x00000000ed000000|100%| E|CS|TAMS 0x00000000ecf00000, 0x00000000ecf00000| Complete 
| 208|0x00000000ed000000, 0x00000000ed100000, 0x00000000ed100000|100%| E|CS|TAMS 0x00000000ed000000, 0x00000000ed000000| Complete 
| 209|0x00000000ed100000, 0x00000000ed200000, 0x00000000ed200000|100%| E|CS|TAMS 0x00000000ed100000, 0x00000000ed100000| Complete 
| 210|0x00000000ed200000, 0x00000000ed300000, 0x00000000ed300000|100%| E|CS|TAMS 0x00000000ed200000, 0x00000000ed200000| Complete 
| 211|0x00000000ed300000, 0x00000000ed400000, 0x00000000ed400000|100%| E|CS|TAMS 0x00000000ed300000, 0x00000000ed300000| Complete 
| 212|0x00000000ed400000, 0x00000000ed500000, 0x00000000ed500000|100%| E|CS|TAMS 0x00000000ed400000, 0x00000000ed400000| Complete 
| 213|0x00000000ed500000, 0x00000000ed600000, 0x00000000ed600000|100%| E|CS|TAMS 0x00000000ed500000, 0x00000000ed500000| Complete 
| 214|0x00000000ed600000, 0x00000000ed700000, 0x00000000ed700000|100%| E|CS|TAMS 0x00000000ed600000, 0x00000000ed600000| Complete 
| 215|0x00000000ed700000, 0x00000000ed800000, 0x00000000ed800000|100%| E|CS|TAMS 0x00000000ed700000, 0x00000000ed700000| Complete 
| 216|0x00000000ed800000, 0x00000000ed900000, 0x00000000ed900000|100%| E|CS|TAMS 0x00000000ed800000, 0x00000000ed800000| Complete 
| 217|0x00000000ed900000, 0x00000000eda00000, 0x00000000eda00000|100%| E|CS|TAMS 0x00000000ed900000, 0x00000000ed900000| Complete 
| 218|0x00000000eda00000, 0x00000000edb00000, 0x00000000edb00000|100%| E|CS|TAMS 0x00000000eda00000, 0x00000000eda00000| Complete 
| 219|0x00000000edb00000, 0x00000000edc00000, 0x00000000edc00000|100%| E|CS|TAMS 0x00000000edb00000, 0x00000000edb00000| Complete 
| 220|0x00000000edc00000, 0x00000000edd00000, 0x00000000edd00000|100%| E|CS|TAMS 0x00000000edc00000, 0x00000000edc00000| Complete 
| 221|0x00000000edd00000, 0x00000000ede00000, 0x00000000ede00000|100%| E|CS|TAMS 0x00000000edd00000, 0x00000000edd00000| Complete 
| 222|0x00000000ede00000, 0x00000000edf00000, 0x00000000edf00000|100%| E|CS|TAMS 0x00000000ede00000, 0x00000000ede00000| Complete 
| 223|0x00000000edf00000, 0x00000000ee000000, 0x00000000ee000000|100%| E|CS|TAMS 0x00000000edf00000, 0x00000000edf00000| Complete 
| 224|0x00000000ee000000, 0x00000000ee100000, 0x00000000ee100000|100%| E|CS|TAMS 0x00000000ee000000, 0x00000000ee000000| Complete 
| 225|0x00000000ee100000, 0x00000000ee200000, 0x00000000ee200000|100%| E|CS|TAMS 0x00000000ee100000, 0x00000000ee100000| Complete 
| 226|0x00000000ee200000, 0x00000000ee300000, 0x00000000ee300000|100%| E|CS|TAMS 0x00000000ee200000, 0x00000000ee200000| Complete 
| 227|0x00000000ee300000, 0x00000000ee400000, 0x00000000ee400000|100%| E|CS|TAMS 0x00000000ee300000, 0x00000000ee300000| Complete 
| 228|0x00000000ee400000, 0x00000000ee500000, 0x00000000ee500000|100%| E|CS|TAMS 0x00000000ee400000, 0x00000000ee400000| Complete 
| 229|0x00000000ee500000, 0x00000000ee600000, 0x00000000ee600000|100%| E|CS|TAMS 0x00000000ee500000, 0x00000000ee500000| Complete 
| 230|0x00000000ee600000, 0x00000000ee700000, 0x00000000ee700000|100%| E|CS|TAMS 0x00000000ee600000, 0x00000000ee600000| Complete 
| 231|0x00000000ee700000, 0x00000000ee800000, 0x00000000ee800000|100%| E|  |TAMS 0x00000000ee700000, 0x00000000ee700000| Complete 
| 232|0x00000000ee800000, 0x00000000ee900000, 0x00000000ee900000|100%| E|CS|TAMS 0x00000000ee800000, 0x00000000ee800000| Complete 
| 233|0x00000000ee900000, 0x00000000eea00000, 0x00000000eea00000|100%| E|CS|TAMS 0x00000000ee900000, 0x00000000ee900000| Complete 
| 234|0x00000000eea00000, 0x00000000eeb00000, 0x00000000eeb00000|100%| E|CS|TAMS 0x00000000eea00000, 0x00000000eea00000| Complete 
| 235|0x00000000eeb00000, 0x00000000eec00000, 0x00000000eec00000|100%| E|CS|TAMS 0x00000000eeb00000, 0x00000000eeb00000| Complete 
| 236|0x00000000eec00000, 0x00000000eed00000, 0x00000000eed00000|100%| E|CS|TAMS 0x00000000eec00000, 0x00000000eec00000| Complete 
| 237|0x00000000eed00000, 0x00000000eee00000, 0x00000000eee00000|100%| E|CS|TAMS 0x00000000eed00000, 0x00000000eed00000| Complete 
| 238|0x00000000eee00000, 0x00000000eef00000, 0x00000000eef00000|100%| E|CS|TAMS 0x00000000eee00000, 0x00000000eee00000| Complete 
| 239|0x00000000eef00000, 0x00000000ef000000, 0x00000000ef000000|100%| E|CS|TAMS 0x00000000eef00000, 0x00000000eef00000| Complete 
| 240|0x00000000ef000000, 0x00000000ef100000, 0x00000000ef100000|100%| E|CS|TAMS 0x00000000ef000000, 0x00000000ef000000| Complete 
| 241|0x00000000ef100000, 0x00000000ef200000, 0x00000000ef200000|100%| E|CS|TAMS 0x00000000ef100000, 0x00000000ef100000| Complete 
| 242|0x00000000ef200000, 0x00000000ef300000, 0x00000000ef300000|100%| E|CS|TAMS 0x00000000ef200000, 0x00000000ef200000| Complete 
| 243|0x00000000ef300000, 0x00000000ef400000, 0x00000000ef400000|100%| E|CS|TAMS 0x00000000ef300000, 0x00000000ef300000| Complete 
| 244|0x00000000ef400000, 0x00000000ef500000, 0x00000000ef500000|100%| E|CS|TAMS 0x00000000ef400000, 0x00000000ef400000| Complete 
| 245|0x00000000ef500000, 0x00000000ef600000, 0x00000000ef600000|100%| E|CS|TAMS 0x00000000ef500000, 0x00000000ef500000| Complete 
| 246|0x00000000ef600000, 0x00000000ef700000, 0x00000000ef700000|100%| E|CS|TAMS 0x00000000ef600000, 0x00000000ef600000| Complete 
| 247|0x00000000ef700000, 0x00000000ef800000, 0x00000000ef800000|100%| E|CS|TAMS 0x00000000ef700000, 0x00000000ef700000| Complete 
| 248|0x00000000ef800000, 0x00000000ef900000, 0x00000000ef900000|100%| E|CS|TAMS 0x00000000ef800000, 0x00000000ef800000| Complete 
| 249|0x00000000ef900000, 0x00000000efa00000, 0x00000000efa00000|100%| E|CS|TAMS 0x00000000ef900000, 0x00000000ef900000| Complete 
| 250|0x00000000efa00000, 0x00000000efb00000, 0x00000000efb00000|100%| E|CS|TAMS 0x00000000efa00000, 0x00000000efa00000| Complete 
| 251|0x00000000efb00000, 0x00000000efc00000, 0x00000000efc00000|100%| E|CS|TAMS 0x00000000efb00000, 0x00000000efb00000| Complete 
| 252|0x00000000efc00000, 0x00000000efd00000, 0x00000000efd00000|100%| E|CS|TAMS 0x00000000efc00000, 0x00000000efc00000| Complete 
| 253|0x00000000efd00000, 0x00000000efe00000, 0x00000000efe00000|100%| E|CS|TAMS 0x00000000efd00000, 0x00000000efd00000| Complete 
| 254|0x00000000efe00000, 0x00000000eff00000, 0x00000000eff00000|100%| E|CS|TAMS 0x00000000efe00000, 0x00000000efe00000| Complete 
| 255|0x00000000eff00000, 0x00000000f0000000, 0x00000000f0000000|100%| E|CS|TAMS 0x00000000eff00000, 0x00000000eff00000| Complete 

Card table byte_map: [0x000002814f4f0000,0x000002814f5f0000] _byte_map_base: 0x000002814edf0000

Marking Bits (Prev, Next): (CMBitMap*) 0x00000281386087e0, (CMBitMap*) 0x00000281386087a0
 Prev Bits: [0x000002814fef0000, 0x00000281506f0000)
 Next Bits: [0x000002814f6f0000, 0x000002814fef0000)

Polling page: 0x00000281365b0000

Metaspace:

Usage:
  Non-class:     59.13 MB used.
      Class:      9.46 MB used.
       Both:     68.59 MB used.

Virtual space:
  Non-class space:       64.00 MB reserved,      59.50 MB ( 93%) committed,  1 nodes.
      Class space:      320.00 MB reserved,       9.75 MB (  3%) committed,  1 nodes.
             Both:      384.00 MB reserved,      69.25 MB ( 18%) committed. 

Chunk freelists:
   Non-Class:  4.18 MB
       Class:  6.18 MB
        Both:  10.36 MB

MaxMetaspaceSize: 384.00 MB
CompressedClassSpaceSize: 320.00 MB
Initial GC threshold: 21.00 MB
Current GC threshold: 99.50 MB
CDS: on
MetaspaceReclaimPolicy: balanced
 - commit_granule_bytes: 65536.
 - commit_granule_words: 8192.
 - virtual_space_node_default_size: 8388608.
 - enlarge_chunks_in_place: 1.
 - new_chunks_are_fully_committed: 0.
 - uncommit_free_chunks: 1.
 - use_allocation_guard: 0.
 - handle_deallocations: 1.


Internal statistics:

num_allocs_failed_limit: 12.
num_arena_births: 840.
num_arena_deaths: 0.
num_vsnodes_births: 2.
num_vsnodes_deaths: 0.
num_space_committed: 1108.
num_space_uncommitted: 0.
num_chunks_returned_to_freelist: 12.
num_chunks_taken_from_freelist: 3858.
num_chunk_merges: 12.
num_chunk_splits: 2457.
num_chunks_enlarged: 1590.
num_inconsistent_stats: 0.

CodeHeap 'non-profiled nmethods': size=120000Kb used=7368Kb max_used=7368Kb free=112632Kb
 bounds [0x0000028147b90000, 0x00000281482d0000, 0x000002814f0c0000]
CodeHeap 'profiled nmethods': size=120000Kb used=21624Kb max_used=21624Kb free=98375Kb
 bounds [0x00000281400c0000, 0x00000281415e0000, 0x00000281475f0000]
CodeHeap 'non-nmethods': size=5760Kb used=2360Kb max_used=2469Kb free=3399Kb
 bounds [0x00000281475f0000, 0x0000028147880000, 0x0000028147b90000]
 total_blobs=12278 nmethods=11396 adapters=794
 compilation: enabled
              stopped_count=0, restarted_count=0
 full_count=0

Compilation events (20 events):
Event: 27.382 Thread 0x000002815312d880 12822       3       org.gradle.api.internal.provider.ValueState$NonFinalizedValue::<init> (15 bytes)
Event: 27.383 Thread 0x000002815312d880 nmethod 12822 0x00000281415db110 code [0x00000281415db2c0, 0x00000281415db538]
Event: 27.383 Thread 0x000002815312d880 12823       1       org.gradle.api.internal.tasks.TaskStateInternal::getExecuting (5 bytes)
Event: 27.383 Thread 0x000002815312d880 nmethod 12823 0x00000281482b9e10 code [0x00000281482b9fa0, 0x00000281482ba078]
Event: 27.383 Thread 0x000002815312d880 12824       3       java.util.RegularEnumSet::add (9 bytes)
Event: 27.384 Thread 0x000002815312d880 nmethod 12824 0x00000281415db610 code [0x00000281415db7c0, 0x00000281415dba08]
Event: 27.384 Thread 0x000002815312d880 12825       3       java.util.RegularEnumSet::add (40 bytes)
Event: 27.384 Thread 0x000002815312d880 nmethod 12825 0x00000281415dbb10 code [0x00000281415dbcc0, 0x00000281415dbea8]
Event: 27.384 Thread 0x000002815312d880 12826       2       java.util.ArrayList::toArray (57 bytes)
Event: 27.384 Thread 0x000002815312d880 nmethod 12826 0x00000281415dbf90 code [0x00000281415dc140, 0x00000281415dc4b8]
Event: 27.384 Thread 0x000002815312d880 12827       3       java.util.Formatter$FormatSpecifier::<init> (77 bytes)
Event: 27.385 Thread 0x000002815312d880 nmethod 12827 0x00000281415dc590 code [0x00000281415dc7a0, 0x00000281415dcf58]
Event: 27.385 Thread 0x000002815312d880 12828       3       java.util.stream.Streams$ConcatSpliterator::characteristics (56 bytes)
Event: 27.385 Thread 0x000002815312d880 nmethod 12828 0x00000281415dd190 code [0x00000281415dd360, 0x00000281415dd7a8]
Event: 27.385 Thread 0x000002815312d880 12829       3       java.util.stream.StreamSpliterators$AbstractWrappingSpliterator::characteristics (49 bytes)
Event: 27.385 Thread 0x000002815312d880 nmethod 12829 0x00000281415dd910 code [0x00000281415ddb00, 0x00000281415de1c8]
Event: 27.385 Thread 0x000002815312d880 12830       3       java.util.stream.StreamOpFlag::toStreamFlags (12 bytes)
Event: 27.385 Thread 0x000002815312d880 nmethod 12830 0x0000028140901d10 code [0x0000028140901ea0, 0x0000028140901f98]
Event: 27.385 Thread 0x000002815312d880 12831       3       java.util.stream.StreamOpFlag::toCharacteristics (6 bytes)
Event: 27.385 Thread 0x000002815312d880 nmethod 12831 0x0000028140960f10 code [0x00000281409610a0, 0x0000028140961198]

GC Heap History (20 events):
Event: 1.285 GC heap before
{Heap before GC invocations=2 (full 0):
 garbage-first heap   total 262144K, used 60261K [0x00000000e0000000, 0x0000000100000000)
  region size 1024K, 51 young (52224K), 5 survivors (5120K)
 Metaspace       used 4647K, committed 4800K, reserved 393216K
  class space    used 576K, committed 640K, reserved 327680K
}
Event: 1.289 GC heap after
{Heap after GC invocations=3 (full 0):
 garbage-first heap   total 262144K, used 16075K [0x00000000e0000000, 0x0000000100000000)
  region size 1024K, 5 young (5120K), 5 survivors (5120K)
 Metaspace       used 4647K, committed 4800K, reserved 393216K
  class space    used 576K, committed 640K, reserved 327680K
}
Event: 3.431 GC heap before
{Heap before GC invocations=3 (full 0):
 garbage-first heap   total 262144K, used 126667K [0x00000000e0000000, 0x0000000100000000)
  region size 1024K, 114 young (116736K), 5 survivors (5120K)
 Metaspace       used 21200K, committed 21504K, reserved 393216K
  class space    used 3084K, committed 3264K, reserved 327680K
}
Event: 3.439 GC heap after
{Heap after GC invocations=4 (full 0):
 garbage-first heap   total 262144K, used 23722K [0x00000000e0000000, 0x0000000100000000)
  region size 1024K, 12 young (12288K), 12 survivors (12288K)
 Metaspace       used 21200K, committed 21504K, reserved 393216K
  class space    used 3084K, committed 3264K, reserved 327680K
}
Event: 5.065 GC heap before
{Heap before GC invocations=5 (full 0):
 garbage-first heap   total 262144K, used 142506K [0x00000000e0000000, 0x0000000100000000)
  region size 1024K, 130 young (133120K), 12 survivors (12288K)
 Metaspace       used 35607K, committed 35968K, reserved 393216K
  class space    used 5064K, committed 5248K, reserved 327680K
}
Event: 5.076 GC heap after
{Heap after GC invocations=6 (full 0):
 garbage-first heap   total 262144K, used 32228K [0x00000000e0000000, 0x0000000100000000)
  region size 1024K, 16 young (16384K), 16 survivors (16384K)
 Metaspace       used 35607K, committed 35968K, reserved 393216K
  class space    used 5064K, committed 5248K, reserved 327680K
}
Event: 5.087 GC heap before
{Heap before GC invocations=6 (full 0):
 garbage-first heap   total 262144K, used 33252K [0x00000000e0000000, 0x0000000100000000)
  region size 1024K, 17 young (17408K), 16 survivors (16384K)
 Metaspace       used 35705K, committed 36160K, reserved 393216K
  class space    used 5084K, committed 5312K, reserved 327680K
}
Event: 5.096 GC heap after
{Heap after GC invocations=7 (full 0):
 garbage-first heap   total 262144K, used 32977K [0x00000000e0000000, 0x0000000100000000)
  region size 1024K, 2 young (2048K), 2 survivors (2048K)
 Metaspace       used 35705K, committed 36160K, reserved 393216K
  class space    used 5084K, committed 5312K, reserved 327680K
}
Event: 5.122 GC heap before
{Heap before GC invocations=7 (full 0):
 garbage-first heap   total 262144K, used 35025K [0x00000000e0000000, 0x0000000100000000)
  region size 1024K, 5 young (5120K), 2 survivors (2048K)
 Metaspace       used 35929K, committed 36288K, reserved 393216K
  class space    used 5117K, committed 5312K, reserved 327680K
}
Event: 5.123 GC heap after
{Heap after GC invocations=8 (full 0):
 garbage-first heap   total 262144K, used 31345K [0x00000000e0000000, 0x0000000100000000)
  region size 1024K, 1 young (1024K), 1 survivors (1024K)
 Metaspace       used 35929K, committed 36288K, reserved 393216K
  class space    used 5117K, committed 5312K, reserved 327680K
}
Event: 7.168 GC heap before
{Heap before GC invocations=9 (full 0):
 garbage-first heap   total 262144K, used 193137K [0x00000000e0000000, 0x0000000100000000)
  region size 1024K, 153 young (156672K), 1 survivors (1024K)
 Metaspace       used 49589K, committed 50176K, reserved 393216K
  class space    used 7082K, committed 7360K, reserved 327680K
}
Event: 7.178 GC heap after
{Heap after GC invocations=10 (full 0):
 garbage-first heap   total 262144K, used 41330K [0x00000000e0000000, 0x0000000100000000)
  region size 1024K, 11 young (11264K), 11 survivors (11264K)
 Metaspace       used 49589K, committed 50176K, reserved 393216K
  class space    used 7082K, committed 7360K, reserved 327680K
}
Event: 8.749 GC heap before
{Heap before GC invocations=10 (full 0):
 garbage-first heap   total 262144K, used 186738K [0x00000000e0000000, 0x0000000100000000)
  region size 1024K, 153 young (156672K), 11 survivors (11264K)
 Metaspace       used 54025K, committed 54592K, reserved 393216K
  class space    used 7536K, committed 7808K, reserved 327680K
}
Event: 8.761 GC heap after
{Heap after GC invocations=11 (full 0):
 garbage-first heap   total 262144K, used 52334K [0x00000000e0000000, 0x0000000100000000)
  region size 1024K, 20 young (20480K), 20 survivors (20480K)
 Metaspace       used 54025K, committed 54592K, reserved 393216K
  class space    used 7536K, committed 7808K, reserved 327680K
}
Event: 10.789 GC heap before
{Heap before GC invocations=11 (full 0):
 garbage-first heap   total 262144K, used 187502K [0x00000000e0000000, 0x0000000100000000)
  region size 1024K, 153 young (156672K), 20 survivors (20480K)
 Metaspace       used 58723K, committed 59328K, reserved 393216K
  class space    used 8212K, committed 8512K, reserved 327680K
}
Event: 10.803 GC heap after
{Heap after GC invocations=12 (full 0):
 garbage-first heap   total 262144K, used 57192K [0x00000000e0000000, 0x0000000100000000)
  region size 1024K, 7 young (7168K), 7 survivors (7168K)
 Metaspace       used 58723K, committed 59328K, reserved 393216K
  class space    used 8212K, committed 8512K, reserved 327680K
}
Event: 12.105 GC heap before
{Heap before GC invocations=12 (full 0):
 garbage-first heap   total 262144K, used 158568K [0x00000000e0000000, 0x0000000100000000)
  region size 1024K, 90 young (92160K), 7 survivors (7168K)
 Metaspace       used 60471K, committed 61056K, reserved 393216K
  class space    used 8409K, committed 8704K, reserved 327680K
}
Event: 12.111 GC heap after
{Heap after GC invocations=13 (full 0):
 garbage-first heap   total 262144K, used 57850K [0x00000000e0000000, 0x0000000100000000)
  region size 1024K, 8 young (8192K), 8 survivors (8192K)
 Metaspace       used 60471K, committed 61056K, reserved 393216K
  class space    used 8409K, committed 8704K, reserved 327680K
}
Event: 13.708 GC heap before
{Heap before GC invocations=14 (full 0):
 garbage-first heap   total 262144K, used 211450K [0x00000000e0000000, 0x0000000100000000)
  region size 1024K, 153 young (156672K), 8 survivors (8192K)
 Metaspace       used 68507K, committed 69056K, reserved 393216K
  class space    used 9435K, committed 9664K, reserved 327680K
}
Event: 13.722 GC heap after
{Heap after GC invocations=15 (full 0):
 garbage-first heap   total 262144K, used 75657K [0x00000000e0000000, 0x0000000100000000)
  region size 1024K, 20 young (20480K), 20 survivors (20480K)
 Metaspace       used 68507K, committed 69056K, reserved 393216K
  class space    used 9435K, committed 9664K, reserved 327680K
}

Dll operation events (14 events):
Event: 0.006 Loaded shared library C:\Users\i n f i n i t y\AppData\Local\Programs\Eclipse Adoptium\jdk-17.0.8.101-hotspot\bin\java.dll
Event: 0.023 Loaded shared library C:\Users\i n f i n i t y\AppData\Local\Programs\Eclipse Adoptium\jdk-17.0.8.101-hotspot\bin\jsvml.dll
Event: 0.062 Loaded shared library C:\Users\i n f i n i t y\AppData\Local\Programs\Eclipse Adoptium\jdk-17.0.8.101-hotspot\bin\zip.dll
Event: 0.064 Loaded shared library C:\Users\i n f i n i t y\AppData\Local\Programs\Eclipse Adoptium\jdk-17.0.8.101-hotspot\bin\instrument.dll
Event: 0.068 Loaded shared library C:\Users\i n f i n i t y\AppData\Local\Programs\Eclipse Adoptium\jdk-17.0.8.101-hotspot\bin\net.dll
Event: 0.069 Loaded shared library C:\Users\i n f i n i t y\AppData\Local\Programs\Eclipse Adoptium\jdk-17.0.8.101-hotspot\bin\nio.dll
Event: 0.071 Loaded shared library C:\Users\i n f i n i t y\AppData\Local\Programs\Eclipse Adoptium\jdk-17.0.8.101-hotspot\bin\zip.dll
Event: 0.267 Loaded shared library C:\Users\i n f i n i t y\AppData\Local\Programs\Eclipse Adoptium\jdk-17.0.8.101-hotspot\bin\jimage.dll
Event: 0.400 Loaded shared library C:\Users\i n f i n i t y\AppData\Local\Programs\Eclipse Adoptium\jdk-17.0.8.101-hotspot\bin\verify.dll
Event: 0.538 Loaded shared library C:\Users\i n f i n i t y\.gradle\native\1def1411415f61bf3af743bc5b6707747c0891f09f0c88961ee8f79bc544acac\windows-amd64\native-platform.dll
Event: 0.548 Loaded shared library C:\Users\i n f i n i t y\.gradle\native\0.2.6\x86_64-windows-gnu\gradle-fileevents.dll
Event: 1.445 Loaded shared library C:\Users\i n f i n i t y\AppData\Local\Programs\Eclipse Adoptium\jdk-17.0.8.101-hotspot\bin\management.dll
Event: 1.447 Loaded shared library C:\Users\i n f i n i t y\AppData\Local\Programs\Eclipse Adoptium\jdk-17.0.8.101-hotspot\bin\management_ext.dll
Event: 1.988 Loaded shared library C:\Users\i n f i n i t y\AppData\Local\Programs\Eclipse Adoptium\jdk-17.0.8.101-hotspot\bin\sunmscapi.dll

Deoptimization events (20 events):
Event: 27.304 Thread 0x000002816e4f63b0 Uncommon trap: trap_request=0xffffffde fr.pc=0x0000028148123808 relative=0x0000000000000b48
Event: 27.304 Thread 0x000002816e4f63b0 Uncommon trap: reason=class_check action=maybe_recompile pc=0x0000028148123808 method=com.google.common.collect.Sets$1$1.computeNext()Ljava/lang/Object; @ 16 c2
Event: 27.304 Thread 0x000002816e4f63b0 DEOPT PACKING pc=0x0000028148123808 sp=0x000000b150af81f0
Event: 27.304 Thread 0x000002816e4f63b0 DEOPT UNPACKING pc=0x00000281476469a3 sp=0x000000b150af8110 mode 2
Event: 27.313 Thread 0x000002816e4f63b0 Uncommon trap: trap_request=0xffffff45 fr.pc=0x0000028147f9831c relative=0x0000000000000c5c
Event: 27.313 Thread 0x000002816e4f63b0 Uncommon trap: reason=unstable_if action=reinterpret pc=0x0000028147f9831c method=org.gradle.api.internal.artifacts.dependencies.DefaultImmutableVersionConstraint.<init>(Ljava/lang/String;Ljava/lang/String;Ljava/lang/String;Ljava/util/List;Ljava/lang/Stri
Event: 27.313 Thread 0x000002816e4f63b0 DEOPT PACKING pc=0x0000028147f9831c sp=0x000000b150af8870
Event: 27.313 Thread 0x000002816e4f63b0 DEOPT UNPACKING pc=0x00000281476469a3 sp=0x000000b150af8820 mode 2
Event: 27.315 Thread 0x000002816e4f63b0 Uncommon trap: trap_request=0xffffffde fr.pc=0x0000028148123808 relative=0x0000000000000b48
Event: 27.315 Thread 0x000002816e4f63b0 Uncommon trap: reason=class_check action=maybe_recompile pc=0x0000028148123808 method=com.google.common.collect.Sets$1$1.computeNext()Ljava/lang/Object; @ 16 c2
Event: 27.315 Thread 0x000002816e4f63b0 DEOPT PACKING pc=0x0000028148123808 sp=0x000000b150af7fc0
Event: 27.315 Thread 0x000002816e4f63b0 DEOPT UNPACKING pc=0x00000281476469a3 sp=0x000000b150af7ee0 mode 2
Event: 27.315 Thread 0x000002816e4f63b0 Uncommon trap: trap_request=0xffffffde fr.pc=0x0000028148123808 relative=0x0000000000000b48
Event: 27.315 Thread 0x000002816e4f63b0 Uncommon trap: reason=class_check action=maybe_recompile pc=0x0000028148123808 method=com.google.common.collect.Sets$1$1.computeNext()Ljava/lang/Object; @ 16 c2
Event: 27.315 Thread 0x000002816e4f63b0 DEOPT PACKING pc=0x0000028148123808 sp=0x000000b150af7fc0
Event: 27.315 Thread 0x000002816e4f63b0 DEOPT UNPACKING pc=0x00000281476469a3 sp=0x000000b150af7ee0 mode 2
Event: 27.339 Thread 0x000002816e4f63b0 DEOPT PACKING pc=0x000002814088a3eb sp=0x000000b150af85c0
Event: 27.339 Thread 0x000002816e4f63b0 DEOPT UNPACKING pc=0x0000028147647143 sp=0x000000b150af7a68 mode 0
Event: 27.340 Thread 0x000002816e4f63b0 DEOPT PACKING pc=0x00000281414469bc sp=0x000000b150af7040
Event: 27.340 Thread 0x000002816e4f63b0 DEOPT UNPACKING pc=0x0000028147647143 sp=0x000000b150af65c0 mode 0

Classes unloaded (0 events):
No events

Classes redefined (0 events):
No events

Internal exceptions (20 events):
Event: 14.065 Thread 0x0000028173258600 Exception <a 'java/lang/NoSuchMethodError'{0x00000000edb32da0}: static [Ljava/lang/Object;.<clinit>()V> (0x00000000edb32da0) 
thrown [s\src\hotspot\share\prims\jni.cpp, line 1107]
Event: 14.174 Thread 0x0000028171f71480 Exception <a 'java/io/IOException'{0x00000000edbb2a48}> (0x00000000edbb2a48) 
thrown [s\src\hotspot\share\prims\jni.cpp, line 516]
Event: 14.177 Thread 0x0000028173258b10 Exception <a 'java/io/IOException'{0x00000000edc3cd08}> (0x00000000edc3cd08) 
thrown [s\src\hotspot\share\prims\jni.cpp, line 516]
Event: 14.179 Thread 0x0000028173258600 Exception <a 'java/lang/reflect/InvocationTargetException'{0x00000000edb91150}> (0x00000000edb91150) 
thrown [s\src\hotspot\share\runtime\reflection.cpp, line 1121]
Event: 14.183 Thread 0x000002817325d700 Exception <a 'java/lang/reflect/InvocationTargetException'{0x00000000edff4ff8}> (0x00000000edff4ff8) 
thrown [s\src\hotspot\share\runtime\reflection.cpp, line 1121]
Event: 14.192 Thread 0x000002816e2e8090 Exception <a 'java/lang/NoSuchMethodError'{0x00000000ed935b98}: static [Ljava/lang/StackTraceElement;.<clinit>()V> (0x00000000ed935b98) 
thrown [s\src\hotspot\share\prims\jni.cpp, line 1107]
Event: 14.195 Thread 0x000002816e2e8090 Exception <a 'java/lang/NoSuchMethodError'{0x00000000ed9f6bf0}: static [B.<clinit>()V> (0x00000000ed9f6bf0) 
thrown [s\src\hotspot\share\prims\jni.cpp, line 1107]
Event: 14.218 Thread 0x000002816e4f63b0 Exception <a 'java/lang/NoSuchMethodError'{0x00000000ed8b3308}: 'void java.lang.invoke.DirectMethodHandle$Holder.invokeStatic(java.lang.Object, int, java.lang.Object)'> (0x00000000ed8b3308) 
thrown [s\src\hotspot\share\interpreter\linkResolver.cpp, line 759]
Event: 14.330 Thread 0x000002816ddde120 Exception <a 'java/lang/NoSuchMethodError'{0x00000000ed033ef0}: static Lorg/gradle/tooling/internal/provider/serialization/ClassLoaderDetails;.<clinit>()V> (0x00000000ed033ef0) 
thrown [s\src\hotspot\share\prims\jni.cpp, line 1107]
Event: 14.332 Thread 0x000002816ddde120 Exception <a 'java/lang/NoSuchMethodError'{0x00000000ed046c38}: static Lorg/gradle/tooling/internal/provider/serialization/WellKnownClassLoaderRegistry$KnownClassLoaderSpec;.<clinit>()V> (0x00000000ed046c38) 
thrown [s\src\hotspot\share\prims\jni.cpp, line 1107]
Event: 14.332 Thread 0x000002816ddde120 Exception <a 'java/lang/NoSuchMethodError'{0x00000000ed0482b0}: static Lorg/gradle/internal/classloader/ClassLoaderSpec;.<clinit>()V> (0x00000000ed0482b0) 
thrown [s\src\hotspot\share\prims\jni.cpp, line 1107]
Event: 14.333 Thread 0x000002816ddde120 Exception <a 'java/lang/NoSuchMethodError'{0x00000000ed05aeb8}: static Lorg/gradle/internal/classloader/ClassLoaderSpec;.<clinit>()V> (0x00000000ed05aeb8) 
thrown [s\src\hotspot\share\prims\jni.cpp, line 1107]
Event: 14.334 Thread 0x000002816ddde120 Exception <a 'java/lang/NoSuchMethodError'{0x00000000ed067050}: static Lorg/gradle/internal/classloader/VisitableURLClassLoader$Spec;.<clinit>()V> (0x00000000ed067050) 
thrown [s\src\hotspot\share\prims\jni.cpp, line 1107]
Event: 27.270 Thread 0x000002816e4f63b0 Exception <a 'sun/nio/fs/WindowsException'{0x00000000ecc0e468}> (0x00000000ecc0e468) 
thrown [s\src\hotspot\share\prims\jni.cpp, line 516]
Event: 27.271 Thread 0x000002816e4f63b0 Exception <a 'sun/nio/fs/WindowsException'{0x00000000ecc0fa48}> (0x00000000ecc0fa48) 
thrown [s\src\hotspot\share\prims\jni.cpp, line 516]
Event: 27.272 Thread 0x000002816e4f63b0 Exception <a 'sun/nio/fs/WindowsException'{0x00000000ecc11028}> (0x00000000ecc11028) 
thrown [s\src\hotspot\share\prims\jni.cpp, line 516]
Event: 27.272 Thread 0x000002816e4f63b0 Exception <a 'sun/nio/fs/WindowsException'{0x00000000ecc12608}> (0x00000000ecc12608) 
thrown [s\src\hotspot\share\prims\jni.cpp, line 516]
Event: 27.375 Thread 0x000002816e4f63b0 Exception <a 'java/lang/NoClassDefFoundError'{0x00000000ec61c6f0}: org/jetbrains/kotlin/gradle/plugin/KotlinPluginWrapper> (0x00000000ec61c6f0) 
thrown [s\src\hotspot\share\oops\constantPool.cpp, line 835]
Event: 27.375 Thread 0x000002816e4f63b0 Exception <a 'java/lang/NoClassDefFoundError'{0x00000000ec61e7e8}: org/graalvm/buildtools/gradle/NativeImagePlugin> (0x00000000ec61e7e8) 
thrown [s\src\hotspot\share\oops\constantPool.cpp, line 835]
Event: 27.375 Thread 0x000002816e4f63b0 Exception <a 'java/lang/NoClassDefFoundError'{0x00000000ec6208d0}: org/cyclonedx/gradle/CycloneDxPlugin> (0x00000000ec6208d0) 
thrown [s\src\hotspot\share\oops\constantPool.cpp, line 835]

VM Operations (20 events):
Event: 14.146 Executing VM operation: ICBufferFull
Event: 14.146 Executing VM operation: ICBufferFull done
Event: 14.179 Executing VM operation: HandshakeAllThreads
Event: 14.179 Executing VM operation: HandshakeAllThreads done
Event: 14.189 Executing VM operation: HandshakeAllThreads
Event: 14.190 Executing VM operation: HandshakeAllThreads done
Event: 14.217 Executing VM operation: HandshakeAllThreads
Event: 14.217 Executing VM operation: HandshakeAllThreads done
Event: 14.262 Executing VM operation: HandshakeAllThreads
Event: 14.262 Executing VM operation: HandshakeAllThreads done
Event: 15.276 Executing VM operation: Cleanup
Event: 15.276 Executing VM operation: Cleanup done
Event: 17.287 Executing VM operation: Cleanup
Event: 17.287 Executing VM operation: Cleanup done
Event: 19.292 Executing VM operation: Cleanup
Event: 19.292 Executing VM operation: Cleanup done
Event: 22.316 Executing VM operation: Cleanup
Event: 22.316 Executing VM operation: Cleanup done
Event: 27.343 Executing VM operation: ICBufferFull
Event: 27.343 Executing VM operation: ICBufferFull done

Events (20 events):
Event: 27.249 Thread 0x0000028171a2b840 Thread added: 0x0000028171a2b840
Event: 27.274 Thread 0x0000028171a26230 Thread added: 0x0000028171a26230
Event: 27.280 Thread 0x0000028171a2bd50 Thread added: 0x0000028171a2bd50
Event: 27.283 Thread 0x0000028171a2a910 Thread added: 0x0000028171a2a910
Event: 27.291 Thread 0x0000028170fe3ae0 Thread added: 0x0000028170fe3ae0
Event: 27.339 Thread 0x0000028171a27670 Thread added: 0x0000028171a27670
Event: 27.339 Thread 0x0000028171a25810 Thread added: 0x0000028171a25810
Event: 27.339 Thread 0x0000028171a2c260 Thread added: 0x0000028171a2c260
Event: 27.339 Thread 0x0000028171a26740 Thread added: 0x0000028171a26740
Event: 27.339 Thread 0x0000028171a28ab0 Thread added: 0x0000028171a28ab0
Event: 27.339 Thread 0x0000028171a26c50 Thread added: 0x0000028171a26c50
Event: 27.339 Thread 0x0000028171a2d190 Thread added: 0x0000028171a2d190
Event: 27.341 Thread 0x0000028171b00b20 Thread added: 0x0000028171b00b20
Event: 27.352 Thread 0x0000028171a2a400 Thread added: 0x0000028171a2a400
Event: 27.352 Thread 0x0000028171a27160 Thread added: 0x0000028171a27160
Event: 27.352 Thread 0x0000028171a27b80 Thread added: 0x0000028171a27b80
Event: 27.353 Thread 0x0000028171a285a0 Thread added: 0x0000028171a285a0
Event: 27.354 Thread 0x0000028171a28fc0 Thread added: 0x0000028171a28fc0
Event: 27.354 Thread 0x0000028171a28090 Thread added: 0x0000028171a28090
Event: 27.355 Thread 0x00000281703c1b40 Thread added: 0x00000281703c1b40


Dynamic libraries:
0x00007ff7c92f0000 - 0x00007ff7c92fe000 	C:\Users\i n f i n i t y\AppData\Local\Programs\Eclipse Adoptium\jdk-17.0.8.101-hotspot\bin\java.exe
0x00007ffbf1d90000 - 0x00007ffbf1f88000 	C:\Windows\SYSTEM32\ntdll.dll
0x00007ffbf15f0000 - 0x00007ffbf16b2000 	C:\Windows\System32\KERNEL32.DLL
0x00007ffbef4e0000 - 0x00007ffbef7d6000 	C:\Windows\System32\KERNELBASE.dll
0x00007ffbef7e0000 - 0x00007ffbef8e0000 	C:\Windows\System32\ucrtbase.dll
0x00007ffbc07d0000 - 0x00007ffbc07e9000 	C:\Users\i n f i n i t y\AppData\Local\Programs\Eclipse Adoptium\jdk-17.0.8.101-hotspot\bin\VCRUNTIME140.dll
0x00007ffbc0850000 - 0x00007ffbc0867000 	C:\Users\i n f i n i t y\AppData\Local\Programs\Eclipse Adoptium\jdk-17.0.8.101-hotspot\bin\jli.dll
0x00007ffbf0d70000 - 0x00007ffbf0f0d000 	C:\Windows\System32\USER32.dll
0x00007ffbdbb20000 - 0x00007ffbdbdba000 	C:\Windows\WinSxS\amd64_microsoft.windows.common-controls_6595b64144ccf1df_6.0.19041.5794_none_60bcd33171f2783c\COMCTL32.dll
0x00007ffbefa50000 - 0x00007ffbefa72000 	C:\Windows\System32\win32u.dll
0x00007ffbefdc0000 - 0x00007ffbefe5e000 	C:\Windows\System32\msvcrt.dll
0x00007ffbf0fe0000 - 0x00007ffbf100b000 	C:\Windows\System32\GDI32.dll
0x00007ffbef930000 - 0x00007ffbefa4a000 	C:\Windows\System32\gdi32full.dll
0x00007ffbefd20000 - 0x00007ffbefdbd000 	C:\Windows\System32\msvcp_win.dll
0x00007ffbf17f0000 - 0x00007ffbf181f000 	C:\Windows\System32\IMM32.DLL
0x00007ffbda9a0000 - 0x00007ffbda9ac000 	C:\Users\i n f i n i t y\AppData\Local\Programs\Eclipse Adoptium\jdk-17.0.8.101-hotspot\bin\vcruntime140_1.dll
0x00007ffb949e0000 - 0x00007ffb94a71000 	C:\Users\i n f i n i t y\AppData\Local\Programs\Eclipse Adoptium\jdk-17.0.8.101-hotspot\bin\msvcp140.dll
0x00007ffb5edf0000 - 0x00007ffb5fa3c000 	C:\Users\i n f i n i t y\AppData\Local\Programs\Eclipse Adoptium\jdk-17.0.8.101-hotspot\bin\server\jvm.dll
0x00007ffbf19a0000 - 0x00007ffbf1a4f000 	C:\Windows\System32\ADVAPI32.dll
0x00007ffbf1190000 - 0x00007ffbf122f000 	C:\Windows\System32\sechost.dll
0x00007ffbf16c0000 - 0x00007ffbf17e3000 	C:\Windows\System32\RPCRT4.dll
0x00007ffbef4b0000 - 0x00007ffbef4d7000 	C:\Windows\System32\bcrypt.dll
0x00007ffbd8690000 - 0x00007ffbd8699000 	C:\Windows\SYSTEM32\WSOCK32.dll
0x00007ffbee9c0000 - 0x00007ffbeea0b000 	C:\Windows\SYSTEM32\POWRPROF.dll
0x00007ffbddcf0000 - 0x00007ffbddd17000 	C:\Windows\SYSTEM32\WINMM.dll
0x00007ffbf1880000 - 0x00007ffbf18eb000 	C:\Windows\System32\WS2_32.dll
0x00007ffbe9d20000 - 0x00007ffbe9d2a000 	C:\Windows\SYSTEM32\VERSION.dll
0x00007ffbee830000 - 0x00007ffbee842000 	C:\Windows\SYSTEM32\UMPDC.dll
0x00007ffbed2b0000 - 0x00007ffbed2c2000 	C:\Windows\SYSTEM32\kernel.appcore.dll
0x00007ffbd9ee0000 - 0x00007ffbd9eea000 	C:\Users\i n f i n i t y\AppData\Local\Programs\Eclipse Adoptium\jdk-17.0.8.101-hotspot\bin\jimage.dll
0x00007ffbdc140000 - 0x00007ffbdc341000 	C:\Windows\SYSTEM32\DBGHELP.DLL
0x00007ffbd5fe0000 - 0x00007ffbd6014000 	C:\Windows\SYSTEM32\dbgcore.DLL
0x00007ffbefbe0000 - 0x00007ffbefc62000 	C:\Windows\System32\bcryptPrimitives.dll
0x00007ffbebee0000 - 0x00007ffbebeee000 	C:\Users\i n f i n i t y\AppData\Local\Programs\Eclipse Adoptium\jdk-17.0.8.101-hotspot\bin\instrument.dll
0x00007ffbbee90000 - 0x00007ffbbeeb5000 	C:\Users\i n f i n i t y\AppData\Local\Programs\Eclipse Adoptium\jdk-17.0.8.101-hotspot\bin\java.dll
0x00007ffb94900000 - 0x00007ffb949d6000 	C:\Users\i n f i n i t y\AppData\Local\Programs\Eclipse Adoptium\jdk-17.0.8.101-hotspot\bin\jsvml.dll
0x00007ffbefe60000 - 0x00007ffbf05ce000 	C:\Windows\System32\SHELL32.dll
0x00007ffbed4b0000 - 0x00007ffbedc53000 	C:\Windows\SYSTEM32\windows.storage.dll
0x00007ffbf1230000 - 0x00007ffbf1583000 	C:\Windows\System32\combase.dll
0x00007ffbeee60000 - 0x00007ffbeee8b000 	C:\Windows\SYSTEM32\Wldp.dll
0x00007ffbf0f10000 - 0x00007ffbf0fdd000 	C:\Windows\System32\OLEAUT32.dll
0x00007ffbf0b20000 - 0x00007ffbf0bcd000 	C:\Windows\System32\SHCORE.dll
0x00007ffbf1820000 - 0x00007ffbf1875000 	C:\Windows\System32\shlwapi.dll
0x00007ffbef360000 - 0x00007ffbef385000 	C:\Windows\SYSTEM32\profapi.dll
0x00007ffbba7d0000 - 0x00007ffbba7e8000 	C:\Users\i n f i n i t y\AppData\Local\Programs\Eclipse Adoptium\jdk-17.0.8.101-hotspot\bin\zip.dll
0x00007ffbbc2c0000 - 0x00007ffbbc2d9000 	C:\Users\i n f i n i t y\AppData\Local\Programs\Eclipse Adoptium\jdk-17.0.8.101-hotspot\bin\net.dll
0x00007ffbe8230000 - 0x00007ffbe833a000 	C:\Windows\SYSTEM32\WINHTTP.dll
0x00007ffbeebc0000 - 0x00007ffbeec2c000 	C:\Windows\system32\mswsock.dll
0x00007ffbbbb70000 - 0x00007ffbbbb85000 	C:\Users\i n f i n i t y\AppData\Local\Programs\Eclipse Adoptium\jdk-17.0.8.101-hotspot\bin\nio.dll
0x00007ffbcdec0000 - 0x00007ffbcded0000 	C:\Users\i n f i n i t y\AppData\Local\Programs\Eclipse Adoptium\jdk-17.0.8.101-hotspot\bin\verify.dll
0x00007ffb948b0000 - 0x00007ffb948d7000 	C:\Users\i n f i n i t y\.gradle\native\1def1411415f61bf3af743bc5b6707747c0891f09f0c88961ee8f79bc544acac\windows-amd64\native-platform.dll
0x00007ffbafe40000 - 0x00007ffbafeb8000 	C:\Users\i n f i n i t y\.gradle\native\0.2.6\x86_64-windows-gnu\gradle-fileevents.dll
0x00007ffbebed0000 - 0x00007ffbebed9000 	C:\Users\i n f i n i t y\AppData\Local\Programs\Eclipse Adoptium\jdk-17.0.8.101-hotspot\bin\management.dll
0x00007ffbdd300000 - 0x00007ffbdd30b000 	C:\Users\i n f i n i t y\AppData\Local\Programs\Eclipse Adoptium\jdk-17.0.8.101-hotspot\bin\management_ext.dll
0x00007ffbf1d40000 - 0x00007ffbf1d48000 	C:\Windows\System32\PSAPI.DLL
0x00007ffbee850000 - 0x00007ffbee88b000 	C:\Windows\SYSTEM32\IPHLPAPI.DLL
0x00007ffbf0d00000 - 0x00007ffbf0d08000 	C:\Windows\System32\NSI.dll
0x00007ffbe9cf0000 - 0x00007ffbe9d07000 	C:\Windows\SYSTEM32\dhcpcsvc6.DLL
0x00007ffbe9a50000 - 0x00007ffbe9a6d000 	C:\Windows\SYSTEM32\dhcpcsvc.DLL
0x00007ffbee890000 - 0x00007ffbee95a000 	C:\Windows\SYSTEM32\DNSAPI.dll
0x00007ffbeedc0000 - 0x00007ffbeedd8000 	C:\Windows\SYSTEM32\CRYPTSP.dll
0x00007ffbee470000 - 0x00007ffbee4a8000 	C:\Windows\system32\rsaenh.dll
0x00007ffbef320000 - 0x00007ffbef34e000 	C:\Windows\SYSTEM32\USERENV.dll
0x00007ffbeedb0000 - 0x00007ffbeedbc000 	C:\Windows\SYSTEM32\CRYPTBASE.dll
0x00007ffbdb0a0000 - 0x00007ffbdb0ae000 	C:\Users\i n f i n i t y\AppData\Local\Programs\Eclipse Adoptium\jdk-17.0.8.101-hotspot\bin\sunmscapi.dll
0x00007ffbefa80000 - 0x00007ffbefbdd000 	C:\Windows\System32\CRYPT32.dll
0x00007ffbeeed0000 - 0x00007ffbeeef7000 	C:\Windows\SYSTEM32\ncrypt.dll
0x00007ffbeee90000 - 0x00007ffbeeecb000 	C:\Windows\SYSTEM32\NTASN1.dll
0x00007ffbdc060000 - 0x00007ffbdc067000 	C:\Windows\system32\wshunix.dll

dbghelp: loaded successfully - version: 4.0.5 - missing functions: none
symbol engine: initialized successfully - sym options: 0x614 - pdb path: .;C:\Users\i n f i n i t y\AppData\Local\Programs\Eclipse Adoptium\jdk-17.0.8.101-hotspot\bin;C:\Windows\SYSTEM32;C:\Windows\WinSxS\amd64_microsoft.windows.common-controls_6595b64144ccf1df_6.0.19041.5794_none_60bcd33171f2783c;C:\Users\i n f i n i t y\AppData\Local\Programs\Eclipse Adoptium\jdk-17.0.8.101-hotspot\bin\server;C:\Users\i n f i n i t y\.gradle\native\1def1411415f61bf3af743bc5b6707747c0891f09f0c88961ee8f79bc544acac\windows-amd64;C:\Users\i n f i n i t y\.gradle\native\0.2.6\x86_64-windows-gnu

VM Arguments:
jvm_args: --add-opens=java.base/java.lang=ALL-UNNAMED --add-opens=java.base/java.lang.invoke=ALL-UNNAMED --add-opens=java.base/java.util=ALL-UNNAMED --add-opens=java.prefs/java.util.prefs=ALL-UNNAMED --add-exports=jdk.compiler/com.sun.tools.javac.api=ALL-UNNAMED --add-exports=jdk.compiler/com.sun.tools.javac.util=ALL-UNNAMED --add-opens=java.base/java.util=ALL-UNNAMED --add-opens=java.prefs/java.util.prefs=ALL-UNNAMED --add-opens=java.base/java.nio.charset=ALL-UNNAMED --add-opens=java.base/java.net=ALL-UNNAMED --add-opens=java.base/java.util.concurrent.atomic=ALL-UNNAMED --add-opens=java.xml/javax.xml.namespace=ALL-UNNAMED -XX:MaxMetaspaceSize=384m -XX:+HeapDumpOnOutOfMemoryError -Xms256m -Xmx512m -Dfile.encoding=windows-1252 -Duser.country=US -Duser.language=en -Duser.variant -javaagent:C:\Users\i n f i n i t y\.gradle\wrapper\dists\gradle-8.12.1-bin\eumc4uhoysa37zql93vfjkxy0\gradle-8.12.1\lib\agents\gradle-instrumentation-agent-8.12.1.jar 
java_command: org.gradle.launcher.daemon.bootstrap.GradleDaemon 8.12.1
java_class_path (initial): C:\Users\i n f i n i t y\.gradle\wrapper\dists\gradle-8.12.1-bin\eumc4uhoysa37zql93vfjkxy0\gradle-8.12.1\lib\gradle-daemon-main-8.12.1.jar
Launcher Type: SUN_STANDARD

[Global flags]
     intx CICompilerCount                          = 4                                         {product} {ergonomic}
   size_t CompressedClassSpaceSize                 = 335544320                                 {product} {ergonomic}
     uint ConcGCThreads                            = 2                                         {product} {ergonomic}
     uint G1ConcRefinementThreads                  = 8                                         {product} {ergonomic}
   size_t G1HeapRegionSize                         = 1048576                                   {product} {ergonomic}
    uintx GCDrainStackTargetSize                   = 64                                        {product} {ergonomic}
     bool HeapDumpOnOutOfMemoryError               = true                                   {manageable} {command line}
   size_t InitialHeapSize                          = 268435456                                 {product} {command line}
   size_t MarkStackSize                            = 4194304                                   {product} {ergonomic}
   size_t MaxHeapSize                              = 536870912                                 {product} {command line}
   size_t MaxMetaspaceSize                         = 402653184                                 {product} {command line}
   size_t MaxNewSize                               = 321912832                                 {product} {ergonomic}
   size_t MinHeapDeltaBytes                        = 1048576                                   {product} {ergonomic}
   size_t MinHeapSize                              = 268435456                                 {product} {command line}
    uintx NonNMethodCodeHeapSize                   = 5839372                                {pd product} {ergonomic}
    uintx NonProfiledCodeHeapSize                  = 122909434                              {pd product} {ergonomic}
    uintx ProfiledCodeHeapSize                     = 122909434                              {pd product} {ergonomic}
    uintx ReservedCodeCacheSize                    = 251658240                              {pd product} {ergonomic}
     bool SegmentedCodeCache                       = true                                      {product} {ergonomic}
   size_t SoftMaxHeapSize                          = 536870912                              {manageable} {ergonomic}
     bool UseCompressedClassPointers               = true                           {product lp64_product} {ergonomic}
     bool UseCompressedOops                        = true                           {product lp64_product} {ergonomic}
     bool UseG1GC                                  = true                                      {product} {ergonomic}
     bool UseLargePagesIndividualAllocation        = false                                  {pd product} {ergonomic}

Logging:
Log output configuration:
 #0: stdout all=warning uptime,level,tags
 #1: stderr all=off uptime,level,tags

Environment Variables:
JAVA_HOME=C:\Users\i n f i n i t y\AppData\Local\Programs\Eclipse Adoptium\jdk-17.0.8.101-hotspot\
CLASSPATH=D:\GP\Final_imp\BACKEND\demo\\gradle\wrapper\gradle-wrapper.jar
PATH=C:\Users\i n f i n i t y\AppData\Local\Programs\Python\Python312\Scripts\;C:\Users\i n f i n i t y\AppData\Local\Programs\Python\Python312\;C:\Program Files\Common Files\Oracle\Java\javapath;C:\Program Files (x86)\Common Files\Oracle\Java\java8path;C:\Program Files (x86)\Common Files\Oracle\Java\javapath;C:\Windows\system32;C:\Windows;C:\Windows\System32\Wbem;C:\Windows\System32\WindowsPowerShell\v1.0\;C:\Windows\System32\OpenSSH\;C:\Program Files (x86)\NVIDIA Corporation\PhysX\Common;C:\Program Files\Git\cmd;C:\Program Files\Microsoft SQL Server\150\Tools\Binn\;C:\Program Files\Microsoft SQL Server\Client SDK\ODBC\170\Tools\Binn\;C:\Program Files\dotnet\;C:\Program Files (x86)\Windows Kits\10\Windows Performance Toolkit\;C:\Program Files (x86)\Microsoft SQL Server\160\Tools\Binn\;C:\Program Files\Microsoft SQL Server\160\Tools\Binn\;C:\Program Files\Microsoft SQL Server\160\DTS\Binn\;C:\Program Files\MySQL\MySQL Server 8.0\bin;C:\ProgramData\chocolatey\bin;C:\Program Files\MongoDB\DatabaseTools\bin;C:\Users\i n f i n i t y\AppData\Local\Android\Sdk\platform-tools\;C:\SDKs\Android\flutter\bin\cache\dart-sdk\bin;C:\Users\i n f i n i t y\AppData\Local\Pub\Cache\bin\;C:\Users\i n f i n i t y\AppData\Local\nvm;C:\nvm4w\nodejs;C:\Users\i n f i n i t y\AppData\Local\nvm;C:\Program Files\Apache\maven-mvnd-2.0.0-rc-3-windows-amd64\mvn\bin;;C:\Program Files\NVIDIA Corporation\NVIDIA App\NvDLISR;C:\Program Files\MySQL\MySQL Shell 8.0\bin\;C:\Users\i n f i n i t y\AppData\Local\Programs\Eclipse Adoptium\jdk-17.0.8.101-hotspot\bin;C:\Users\i n f i n i t y\AppData\Local\Microsoft\WindowsApps;C:\SDKs\Android\flutter\bin;C:\Users\i n f i n i t y\.dotnet\tools;C:\Users\i n f i n i t y\AppData\Local\Programs\Microsoft VS Code\bin;C:\Users\i n f i n i t y\AppData\Local\Programs\Azure Data Studio\bin;C:\Users\i n f i n i t y\AppData\Local\GitHubDesktop\bin;C:\Program Files\JetBrains\IntelliJ IDEA 2023.3.6\bin;;C:\Users\i n f i n i t y\AppData\Local\JetBrains\IntelliJ IDEA Community 
USERNAME=ics
LANG=en_US.UTF-8
OS=Windows_NT
PROCESSOR_IDENTIFIER=Intel64 Family 6 Model 158 Stepping 9, GenuineIntel
TMP=C:\Users\INFINI~1\AppData\Local\Temp
TEMP=C:\Users\INFINI~1\AppData\Local\Temp



---------------  S Y S T E M  ---------------

OS:
 Windows 10 , 64 bit Build 19041 (10.0.19041.5794)
OS uptime: 14 days 0:01 hours

CPU: total 8 (initial active 8) (4 cores per cpu, 2 threads per core) family 6 model 158 stepping 9 microcode 0xb4, cx8, cmov, fxsr, ht, mmx, 3dnowpref, sse, sse2, sse3, ssse3, sse4.1, sse4.2, popcnt, lzcnt, tsc, tscinvbit, avx, avx2, aes, erms, clmul, bmi1, bmi2, adx, fma, vzeroupper, clflush, clflushopt
Processor Information for all 8 processors :
  Max Mhz: 2801, Current Mhz: 2801, Mhz Limit: 2801

Memory: 4k page, system-wide physical 16245M (2383M free)
TotalPageFile size 22113M (AvailPageFile size 26M)
current process WorkingSet (physical memory assigned to process): 475M, peak: 499M
current process commit charge ("private bytes"): 536M, peak: 561M

vm_info: OpenJDK 64-Bit Server VM (17.0.8.1+1) for windows-amd64 JRE (17.0.8.1+1), built on Aug 23 2023 15:29:17 by "admin" with MS VC++ 16.7 (VS2019)

END.
