#
# There is insufficient memory for the Java Runtime Environment to continue.
# Native memory allocation (mmap) failed to map 266338304 bytes for G1 virtual space
# Possible reasons:
#   The system is out of physical RAM or swap space
#   The process is running with CompressedOops enabled, and the Java Heap may be blocking the growth of the native heap
# Possible solutions:
#   Reduce memory load on the system
#   Increase physical memory or swap space
#   Check if swap backing store is full
#   Decrease Java heap size (-Xmx/-Xms)
#   Decrease number of Java threads
#   Decrease Java thread stack sizes (-Xss)
#   Set larger code cache with -XX:ReservedCodeCacheSize=
#   JVM is running with Zero Based Compressed Oops mode in which the Java heap is
#     placed in the first 32GB address space. The Java Heap base address is the
#     maximum limit for the native heap growth. Please use -XX:HeapBaseMinAddress
#     to set the Java Heap base and to place the Java Heap above 32GB virtual address.
# This output file may be truncated or incomplete.
#
#  Out of Memory Error (os_windows.cpp:3617), pid=15812, tid=18464
#
# JRE version:  (17.0.8.1+1) (build )
# Java VM: OpenJDK 64-Bit Server VM (17.0.8.1+1, mixed mode, emulated-client, sharing, tiered, compressed oops, compressed class ptrs, g1 gc, windows-amd64)
# No core dump will be written. Minidumps are not enabled by default on client versions of Windows
#

---------------  S U M M A R Y ------------

Command Line: -XX:TieredStopAtLevel=1 -Dfile.encoding=windows-1252 -Duser.country=US -Duser.language=en -Duser.variant com.example.ecodb.Application

Host: Intel(R) Core(TM) i7-7700HQ CPU @ 2.80GHz, 8 cores, 15G,  Windows 10 , 64 bit Build 19041 (10.0.19041.5794)
Time: Wed Jun  4 17:31:22 2025 Egypt Daylight Time elapsed time: 0.013448 seconds (0d 0h 0m 0s)

---------------  T H R E A D  ---------------

Current thread (0x000002eef739a1a0):  JavaThread "Unknown thread" [_thread_in_vm, id=18464, stack(0x000000ef42a00000,0x000000ef42b00000)]

Stack: [0x000000ef42a00000,0x000000ef42b00000]
Native frames: (J=compiled Java code, j=interpreted, Vv=VM code, C=native code)
V  [jvm.dll+0x678b0a]
V  [jvm.dll+0x835e84]
V  [jvm.dll+0x83762e]
V  [jvm.dll+0x837c93]
V  [jvm.dll+0x24746f]
V  [jvm.dll+0x675859]
V  [jvm.dll+0x66a0ea]
V  [jvm.dll+0x306c7b]
V  [jvm.dll+0x30e166]
V  [jvm.dll+0x35dd3e]
V  [jvm.dll+0x35df6f]
V  [jvm.dll+0x2ddb48]
V  [jvm.dll+0x2deab4]
V  [jvm.dll+0x807f31]
V  [jvm.dll+0x36bb21]
V  [jvm.dll+0x7e733c]
V  [jvm.dll+0x3ee4af]
V  [jvm.dll+0x3f00c1]
C  [jli.dll+0x528b]
C  [ucrtbase.dll+0x21bb2]
C  [KERNEL32.DLL+0x17374]
C  [ntdll.dll+0x4cc91]


---------------  P R O C E S S  ---------------

Threads class SMR info:
_java_thread_list=0x00007ffb5f90a018, length=0, elements={
}

Java Threads: ( => current thread )

Other Threads:
  0x000002eef7404a90 GCTaskThread "GC Thread#0" [stack: 0x000000ef42b00000,0x000000ef42c00000] [id=21260]
  0x000002eef74157b0 ConcurrentGCThread "G1 Main Marker" [stack: 0x000000ef42c00000,0x000000ef42d00000] [id=6632]
  0x000002eef7416960 ConcurrentGCThread "G1 Conc#0" [stack: 0x000000ef42d00000,0x000000ef42e00000] [id=10076]

[error occurred during error reporting (printing all threads), id 0xc0000005, EXCEPTION_ACCESS_VIOLATION (0xc0000005) at pc=0x00007ffb5f0de587]

VM state: not at safepoint (not fully initialized)

VM Mutex/Monitor currently owned by a thread:  ([mutex/lock_event])
[0x000002eef7393fd0] Heap_lock - owner thread: 0x000002eef739a1a0

Heap address: 0x0000000702200000, size: 4062 MB, Compressed Oops mode: Zero based, Oop shift amount: 3

CDS archive(s) mapped at: [0x0000000000000000-0x0000000000000000-0x0000000000000000), size 0, SharedBaseAddress: 0x0000000800000000, ArchiveRelocationMode: 1.
Narrow klass base: 0x0000000000000000, Narrow klass shift: 0, Narrow klass range: 0x0

GC Precious Log:
<Empty>

Heap:
 garbage-first heap   total 0K, used 0K [0x0000000702200000, 0x0000000800000000)
  region size 2048K, 0 young (0K), 0 survivors (0K)

[error occurred during error reporting (printing heap information), id 0xc0000005, EXCEPTION_ACCESS_VIOLATION (0xc0000005) at pc=0x00007ffb5f4c2699]

GC Heap History (0 events):
No events

Dll operation events (1 events):
Event: 0.007 Loaded shared library C:\Users\i n f i n i t y\AppData\Local\Programs\Eclipse Adoptium\jdk-17.0.8.101-hotspot\bin\java.dll

Deoptimization events (0 events):
No events

Classes unloaded (0 events):
No events

Classes redefined (0 events):
No events

Internal exceptions (0 events):
No events

VM Operations (0 events):
No events

Events (0 events):
No events


Dynamic libraries:
0x00007ff7c92f0000 - 0x00007ff7c92fe000 	C:\Users\i n f i n i t y\AppData\Local\Programs\Eclipse Adoptium\jdk-17.0.8.101-hotspot\bin\java.exe
0x00007ffbf1d90000 - 0x00007ffbf1f88000 	C:\Windows\SYSTEM32\ntdll.dll
0x00007ffbf15f0000 - 0x00007ffbf16b2000 	C:\Windows\System32\KERNEL32.DLL
0x00007ffbef4e0000 - 0x00007ffbef7d6000 	C:\Windows\System32\KERNELBASE.dll
0x00007ffbef7e0000 - 0x00007ffbef8e0000 	C:\Windows\System32\ucrtbase.dll
0x00007ffbc07d0000 - 0x00007ffbc07e9000 	C:\Users\i n f i n i t y\AppData\Local\Programs\Eclipse Adoptium\jdk-17.0.8.101-hotspot\bin\VCRUNTIME140.dll
0x00007ffbc0850000 - 0x00007ffbc0867000 	C:\Users\i n f i n i t y\AppData\Local\Programs\Eclipse Adoptium\jdk-17.0.8.101-hotspot\bin\jli.dll
0x00007ffbf0d70000 - 0x00007ffbf0f0d000 	C:\Windows\System32\USER32.dll
0x00007ffbdbb20000 - 0x00007ffbdbdba000 	C:\Windows\WinSxS\amd64_microsoft.windows.common-controls_6595b64144ccf1df_6.0.19041.5794_none_60bcd33171f2783c\COMCTL32.dll
0x00007ffbefa50000 - 0x00007ffbefa72000 	C:\Windows\System32\win32u.dll
0x00007ffbefdc0000 - 0x00007ffbefe5e000 	C:\Windows\System32\msvcrt.dll
0x00007ffbf0fe0000 - 0x00007ffbf100b000 	C:\Windows\System32\GDI32.dll
0x00007ffbef930000 - 0x00007ffbefa4a000 	C:\Windows\System32\gdi32full.dll
0x00007ffbefd20000 - 0x00007ffbefdbd000 	C:\Windows\System32\msvcp_win.dll
0x00007ffbf17f0000 - 0x00007ffbf181f000 	C:\Windows\System32\IMM32.DLL
0x00007ffbda9a0000 - 0x00007ffbda9ac000 	C:\Users\i n f i n i t y\AppData\Local\Programs\Eclipse Adoptium\jdk-17.0.8.101-hotspot\bin\vcruntime140_1.dll
0x00007ffb949e0000 - 0x00007ffb94a71000 	C:\Users\i n f i n i t y\AppData\Local\Programs\Eclipse Adoptium\jdk-17.0.8.101-hotspot\bin\msvcp140.dll
0x00007ffb5edf0000 - 0x00007ffb5fa3c000 	C:\Users\i n f i n i t y\AppData\Local\Programs\Eclipse Adoptium\jdk-17.0.8.101-hotspot\bin\server\jvm.dll
0x00007ffbf19a0000 - 0x00007ffbf1a4f000 	C:\Windows\System32\ADVAPI32.dll
0x00007ffbf1190000 - 0x00007ffbf122f000 	C:\Windows\System32\sechost.dll
0x00007ffbf16c0000 - 0x00007ffbf17e3000 	C:\Windows\System32\RPCRT4.dll
0x00007ffbef4b0000 - 0x00007ffbef4d7000 	C:\Windows\System32\bcrypt.dll
0x00007ffbd8690000 - 0x00007ffbd8699000 	C:\Windows\SYSTEM32\WSOCK32.dll
0x00007ffbddcf0000 - 0x00007ffbddd17000 	C:\Windows\SYSTEM32\WINMM.dll
0x00007ffbf1880000 - 0x00007ffbf18eb000 	C:\Windows\System32\WS2_32.dll
0x00007ffbe9d20000 - 0x00007ffbe9d2a000 	C:\Windows\SYSTEM32\VERSION.dll
0x00007ffbee9c0000 - 0x00007ffbeea0b000 	C:\Windows\SYSTEM32\POWRPROF.dll
0x00007ffbee830000 - 0x00007ffbee842000 	C:\Windows\SYSTEM32\UMPDC.dll
0x00007ffbed2b0000 - 0x00007ffbed2c2000 	C:\Windows\SYSTEM32\kernel.appcore.dll
0x00007ffbd9ee0000 - 0x00007ffbd9eea000 	C:\Users\i n f i n i t y\AppData\Local\Programs\Eclipse Adoptium\jdk-17.0.8.101-hotspot\bin\jimage.dll
0x00007ffbdc140000 - 0x00007ffbdc341000 	C:\Windows\SYSTEM32\DBGHELP.DLL
0x00007ffbd5fe0000 - 0x00007ffbd6014000 	C:\Windows\SYSTEM32\dbgcore.DLL
0x00007ffbefbe0000 - 0x00007ffbefc62000 	C:\Windows\System32\bcryptPrimitives.dll
0x00007ffbbee90000 - 0x00007ffbbeeb5000 	C:\Users\i n f i n i t y\AppData\Local\Programs\Eclipse Adoptium\jdk-17.0.8.101-hotspot\bin\java.dll

dbghelp: loaded successfully - version: 4.0.5 - missing functions: none
symbol engine: initialized successfully - sym options: 0x614 - pdb path: .;C:\Users\i n f i n i t y\AppData\Local\Programs\Eclipse Adoptium\jdk-17.0.8.101-hotspot\bin;C:\Windows\SYSTEM32;C:\Windows\WinSxS\amd64_microsoft.windows.common-controls_6595b64144ccf1df_6.0.19041.5794_none_60bcd33171f2783c;C:\Users\i n f i n i t y\AppData\Local\Programs\Eclipse Adoptium\jdk-17.0.8.101-hotspot\bin\server

VM Arguments:
jvm_args: -XX:TieredStopAtLevel=1 -Dfile.encoding=windows-1252 -Duser.country=US -Duser.language=en -Duser.variant 
java_command: com.example.ecodb.Application
java_class_path (initial): D:\GP\Final_imp\BACKEND\demo\build\classes\java\main;D:\GP\Final_imp\BACKEND\demo\build\resources\main;C:\Users\i n f i n i t y\.gradle\caches\modules-2\files-2.1\io.jsonwebtoken\jjwt-impl\0.11.5\40a599f0e8a8e4e0701596fbb15e67bfda64fdf0\jjwt-impl-0.11.5.jar;C:\Users\i n f i n i t y\.gradle\caches\modules-2\files-2.1\io.jsonwebtoken\jjwt-jackson\0.11.5\3b83a06809e98a69402d7333dcf67df6f6ea4579\jjwt-jackson-0.11.5.jar;C:\Users\i n f i n i t y\.gradle\caches\modules-2\files-2.1\io.jsonwebtoken\jjwt-api\0.11.5\f742940045619d06383e7df37b21ac422b476cf1\jjwt-api-0.11.5.jar;C:\Users\i n f i n i t y\.gradle\caches\modules-2\files-2.1\org.springdoc\springdoc-openapi-starter-webmvc-ui\2.3.0\b4af31e9d40539c94f8debbf760134d961333c24\springdoc-openapi-starter-webmvc-ui-2.3.0.jar;C:\Users\i n f i n i t y\.gradle\caches\modules-2\files-2.1\com.mysql\mysql-connector-j\9.1.0\5fb1d513278e1a9767dfa80ea9d8d7ee909f1a\mysql-connector-j-9.1.0.jar;C:\Users\i n f i n i t y\.gradle\caches\modules-2\files-2.1\com.h2database\h2\2.3.232\4fcc05d966ccdb2812ae8b9a718f69226c0cf4e2\h2-2.3.232.jar;C:\Users\i n f i n i t y\.gradle\caches\modules-2\files-2.1\org.hibernate.orm\hibernate-core\6.6.8.Final\2738c642d5e505249faa2f923e03541aa6b96916\hibernate-core-6.6.8.Final.jar;C:\Users\i n f i n i t y\.gradle\caches\modules-2\files-2.1\org.springframework.data\spring-data-jpa\3.4.3\7e4c0e9c14f4d971a9de6aff3c9beece2001480b\spring-data-jpa-3.4.3.jar;C:\Users\i n f i n i t y\.gradle\caches\modules-2\files-2.1\org.springframework\spring-aspects\6.2.3\f90a794dd3f81a1addc0552bc091e3f85b2428de\spring-aspects-6.2.3.jar;C:\Users\i n f i n i t y\.gradle\caches\modules-2\files-2.1\org.springdoc\springdoc-openapi-starter-webmvc-api\2.3.0\e8e6e46e2b7875c1789782d3820536bb2d868b17\springdoc-openapi-starter-webmvc-api-2.3.0.jar;C:\Users\i n f i n i t y\.gradle\caches\modules-2\files-2.1\org.springframework\spring-webmvc\6.2.3\485f6e351bba471fc8f841f39eaf6488896369ff\spring-webmvc-6.2.3.jar;C:\Us
Launcher Type: SUN_STANDARD

[Global flags]
     intx CICompilerCount                          = 4                                         {product} {ergonomic}
     uint ConcGCThreads                            = 2                                         {product} {ergonomic}
     uint G1ConcRefinementThreads                  = 8                                         {product} {ergonomic}
   size_t G1HeapRegionSize                         = 2097152                                   {product} {ergonomic}
    uintx GCDrainStackTargetSize                   = 64                                        {product} {ergonomic}
   size_t InitialHeapSize                          = 266338304                                 {product} {ergonomic}
   size_t MarkStackSize                            = 4194304                                   {product} {ergonomic}
   size_t MaxHeapSize                              = 4259315712                                {product} {ergonomic}
   size_t MinHeapDeltaBytes                        = 2097152                                   {product} {ergonomic}
   size_t MinHeapSize                              = 8388608                                   {product} {ergonomic}
    uintx NonProfiledCodeHeapSize                  = 0                                      {pd product} {ergonomic}
     bool ProfileInterpreter                       = false                                  {pd product} {command line}
    uintx ProfiledCodeHeapSize                     = 0                                      {pd product} {ergonomic}
   size_t SoftMaxHeapSize                          = 4259315712                             {manageable} {ergonomic}
     intx TieredStopAtLevel                        = 1                                         {product} {command line}
     bool UseCompressedClassPointers               = true                           {product lp64_product} {ergonomic}
     bool UseCompressedOops                        = true                           {product lp64_product} {ergonomic}
     bool UseG1GC                                  = true                                      {product} {ergonomic}
     bool UseLargePagesIndividualAllocation        = false                                  {pd product} {ergonomic}

Logging:
Log output configuration:
 #0: stdout all=warning uptime,level,tags
 #1: stderr all=off uptime,level,tags

Environment Variables:
JAVA_HOME=C:\Users\i n f i n i t y\AppData\Local\Programs\Eclipse Adoptium\jdk-17.0.8.101-hotspot\
CLASSPATH=D:\GP\Final_imp\BACKEND\demo\\gradle\wrapper\gradle-wrapper.jar
PATH=C:\Users\i n f i n i t y\AppData\Local\Programs\Python\Python312\Scripts\;C:\Users\i n f i n i t y\AppData\Local\Programs\Python\Python312\;C:\Program Files\Common Files\Oracle\Java\javapath;C:\Program Files (x86)\Common Files\Oracle\Java\java8path;C:\Program Files (x86)\Common Files\Oracle\Java\javapath;C:\Windows\system32;C:\Windows;C:\Windows\System32\Wbem;C:\Windows\System32\WindowsPowerShell\v1.0\;C:\Windows\System32\OpenSSH\;C:\Program Files (x86)\NVIDIA Corporation\PhysX\Common;C:\Program Files\Git\cmd;C:\Program Files\Microsoft SQL Server\150\Tools\Binn\;C:\Program Files\Microsoft SQL Server\Client SDK\ODBC\170\Tools\Binn\;C:\Program Files\dotnet\;C:\Program Files (x86)\Windows Kits\10\Windows Performance Toolkit\;C:\Program Files (x86)\Microsoft SQL Server\160\Tools\Binn\;C:\Program Files\Microsoft SQL Server\160\Tools\Binn\;C:\Program Files\Microsoft SQL Server\160\DTS\Binn\;C:\Program Files\MySQL\MySQL Server 8.0\bin;C:\ProgramData\chocolatey\bin;C:\Program Files\MongoDB\DatabaseTools\bin;C:\Users\i n f i n i t y\AppData\Local\Android\Sdk\platform-tools\;C:\SDKs\Android\flutter\bin\cache\dart-sdk\bin;C:\Users\i n f i n i t y\AppData\Local\Pub\Cache\bin\;C:\Users\i n f i n i t y\AppData\Local\nvm;C:\nvm4w\nodejs;C:\Users\i n f i n i t y\AppData\Local\nvm;C:\Program Files\Apache\maven-mvnd-2.0.0-rc-3-windows-amd64\mvn\bin;;C:\Program Files\NVIDIA Corporation\NVIDIA App\NvDLISR;C:\Program Files\MySQL\MySQL Shell 8.0\bin\;C:\Users\i n f i n i t y\AppData\Local\Programs\Eclipse Adoptium\jdk-17.0.8.101-hotspot\bin;C:\Users\i n f i n i t y\AppData\Local\Microsoft\WindowsApps;C:\SDKs\Android\flutter\bin;C:\Users\i n f i n i t y\.dotnet\tools;C:\Users\i n f i n i t y\AppData\Local\Programs\Microsoft VS Code\bin;C:\Users\i n f i n i t y\AppData\Local\Programs\Azure Data Studio\bin;C:\Users\i n f i n i t y\AppData\Local\GitHubDesktop\bin;C:\Program Files\JetBrains\IntelliJ IDEA 2023.3.6\bin;;C:\Users\i n f i n i t y\AppData\Local\JetBrains\IntelliJ IDEA Community 
USERNAME=ics
LANG=en_US.UTF-8
OS=Windows_NT
PROCESSOR_IDENTIFIER=Intel64 Family 6 Model 158 Stepping 9, GenuineIntel
TMP=C:\Users\INFINI~1\AppData\Local\Temp
TEMP=C:\Users\INFINI~1\AppData\Local\Temp



---------------  S Y S T E M  ---------------

OS:
 Windows 10 , 64 bit Build 19041 (10.0.19041.5794)
OS uptime: 13 days 23:15 hours

CPU: total 8 (initial active 8) (4 cores per cpu, 2 threads per core) family 6 model 158 stepping 9 microcode 0xb4, cx8, cmov, fxsr, ht, mmx, 3dnowpref, sse, sse2, sse3, ssse3, sse4.1, sse4.2, popcnt, lzcnt, tsc, tscinvbit, avx, avx2, aes, erms, clmul, bmi1, bmi2, adx, fma, vzeroupper, clflush, clflushopt
Processor Information for all 8 processors :
  Max Mhz: 2801, Current Mhz: 2801, Mhz Limit: 2801

Memory: 4k page, system-wide physical 16245M (2034M free)
TotalPageFile size 22113M (AvailPageFile size 123M)
current process WorkingSet (physical memory assigned to process): 10M, peak: 10M
current process commit charge ("private bytes"): 55M, peak: 309M

vm_info: OpenJDK 64-Bit Server VM (17.0.8.1+1) for windows-amd64 JRE (17.0.8.1+1), built on Aug 23 2023 15:29:17 by "admin" with MS VC++ 16.7 (VS2019)

END.
