#
# There is insufficient memory for the Java Runtime Environment to continue.
# Native memory allocation (malloc) failed to allocate 1236816 bytes for Chunk::new
# Possible reasons:
#   The system is out of physical RAM or swap space
#   The process is running with CompressedOops enabled, and the Java Heap may be blocking the growth of the native heap
# Possible solutions:
#   Reduce memory load on the system
#   Increase physical memory or swap space
#   Check if swap backing store is full
#   Decrease Java heap size (-Xmx/-Xms)
#   Decrease number of Java threads
#   Decrease Java thread stack sizes (-Xss)
#   Set larger code cache with -XX:ReservedCodeCacheSize=
#   JVM is running with Zero Based Compressed Oops mode in which the Java heap is
#     placed in the first 32GB address space. The Java Heap base address is the
#     maximum limit for the native heap growth. Please use -XX:HeapBaseMinAddress
#     to set the Java Heap base and to place the Java Heap above 32GB virtual address.
# This output file may be truncated or incomplete.
#
#  Out of Memory Error (arena.cpp:189), pid=19656, tid=21232
#
# JRE version: OpenJDK Runtime Environment Temurin-17.0.8.1+1 (17.0.8.1+1) (build 17.0.8.1+1)
# Java VM: OpenJDK 64-Bit Server VM Temurin-17.0.8.1+1 (17.0.8.1+1, mixed mode, sharing, tiered, compressed oops, compressed class ptrs, g1 gc, windows-amd64)
# No core dump will be written. Minidumps are not enabled by default on client versions of Windows
#

---------------  S U M M A R Y ------------

Command Line: -Dfile.encoding=windows-1252 -Duser.country=US -Duser.language=en -Duser.variant com.example.ecodb.Application

Host: Intel(R) Core(TM) i7-7700HQ CPU @ 2.80GHz, 8 cores, 15G,  Windows 10 , 64 bit Build 19041 (10.0.19041.5794)
Time: Sun Jun  8 10:02:08 2025 Egypt Daylight Time elapsed time: 7231.598847 seconds (0d 2h 0m 31s)

---------------  T H R E A D  ---------------

Current thread (0x0000015c6e3b2f60):  JavaThread "C2 CompilerThread0" daemon [_thread_in_native, id=21232, stack(0x0000002dbea00000,0x0000002dbeb00000)]


Current CompileTask:
C2:7231598 19250   !   4       org.hibernate.metamodel.mapping.internal.ToOneAttributeMapping::resolveCircularFetch (418 bytes)

Stack: [0x0000002dbea00000,0x0000002dbeb00000]
Native frames: (J=compiled Java code, j=interpreted, Vv=VM code, C=native code)
V  [jvm.dll+0x678b0a]
V  [jvm.dll+0x835e84]
V  [jvm.dll+0x83762e]
V  [jvm.dll+0x837c93]
V  [jvm.dll+0x24746f]
V  [jvm.dll+0xac20c]
V  [jvm.dll+0xac7dc]
V  [jvm.dll+0x365c52]
V  [jvm.dll+0x1bd012]
V  [jvm.dll+0x219d49]
V  [jvm.dll+0x219011]
V  [jvm.dll+0x1a534d]
V  [jvm.dll+0x228d8a]
V  [jvm.dll+0x226dcc]
V  [jvm.dll+0x7ec09b]
V  [jvm.dll+0x7e64ca]
V  [jvm.dll+0x677955]
C  [ucrtbase.dll+0x21bb2]
C  [KERNEL32.DLL+0x17374]
C  [ntdll.dll+0x4cc91]


---------------  P R O C E S S  ---------------

Threads class SMR info:
_java_thread_list=0x0000015c758334e0, length=29, elements={
0x0000015c6e389190, 0x0000015c6e38c020, 0x0000015c6e3a4af0, 0x0000015c6e3a1340,
0x0000015c6e3a1d60, 0x0000015c6e3a3bc0, 0x0000015c6e3b2f60, 0x0000015c6e3c1990,
0x0000015c6e3a2270, 0x0000015c6e3a1850, 0x0000015c6e3a36b0, 0x0000015c7414dcd0,
0x0000015c7414ec00, 0x0000015c74150a60, 0x0000015c7414c890, 0x0000015c74150f70,
0x0000015c74151990, 0x0000015c7414e1e0, 0x0000015c7414d7c0, 0x0000015c7414be70,
0x0000015c7414d2b0, 0x0000015c7414f110, 0x0000015c7414c380, 0x0000015c7414fb30,
0x0000015c7414af40, 0x0000015c74151ea0, 0x0000015c741523b0, 0x0000015c7414b450,
0x0000015c741528c0
}

Java Threads: ( => current thread )
  0x0000015c6e389190 JavaThread "Reference Handler" daemon [_thread_blocked, id=10796, stack(0x0000002dbe400000,0x0000002dbe500000)]
  0x0000015c6e38c020 JavaThread "Finalizer" daemon [_thread_blocked, id=19464, stack(0x0000002dbe500000,0x0000002dbe600000)]
  0x0000015c6e3a4af0 JavaThread "Signal Dispatcher" daemon [_thread_blocked, id=19864, stack(0x0000002dbe600000,0x0000002dbe700000)]
  0x0000015c6e3a1340 JavaThread "Attach Listener" daemon [_thread_blocked, id=21104, stack(0x0000002dbe700000,0x0000002dbe800000)]
  0x0000015c6e3a1d60 JavaThread "Service Thread" daemon [_thread_blocked, id=700, stack(0x0000002dbe800000,0x0000002dbe900000)]
  0x0000015c6e3a3bc0 JavaThread "Monitor Deflation Thread" daemon [_thread_blocked, id=6428, stack(0x0000002dbe900000,0x0000002dbea00000)]
=>0x0000015c6e3b2f60 JavaThread "C2 CompilerThread0" daemon [_thread_in_native, id=21232, stack(0x0000002dbea00000,0x0000002dbeb00000)]
  0x0000015c6e3c1990 JavaThread "C1 CompilerThread0" daemon [_thread_blocked, id=18812, stack(0x0000002dbeb00000,0x0000002dbec00000)]
  0x0000015c6e3a2270 JavaThread "Sweeper thread" daemon [_thread_blocked, id=21384, stack(0x0000002dbec00000,0x0000002dbed00000)]
  0x0000015c6e3a1850 JavaThread "Notification Thread" daemon [_thread_blocked, id=16876, stack(0x0000002dbed00000,0x0000002dbee00000)]
  0x0000015c6e3a36b0 JavaThread "Common-Cleaner" daemon [_thread_blocked, id=20944, stack(0x0000002dbef00000,0x0000002dbf000000)]
  0x0000015c7414dcd0 JavaThread "mysql-cj-abandoned-connection-cleanup" daemon [_thread_blocked, id=19572, stack(0x0000002dbfa00000,0x0000002dbfb00000)]
  0x0000015c7414ec00 JavaThread "HikariPool-1 housekeeper" daemon [_thread_blocked, id=20072, stack(0x0000002dbfc00000,0x0000002dbfd00000)]
  0x0000015c74150a60 JavaThread "Catalina-utility-1" [_thread_blocked, id=15656, stack(0x0000002dbfe00000,0x0000002dbff00000)]
  0x0000015c7414c890 JavaThread "Catalina-utility-2" [_thread_blocked, id=5220, stack(0x0000002dbff00000,0x0000002dc0000000)]
  0x0000015c74150f70 JavaThread "container-0" [_thread_blocked, id=18964, stack(0x0000002dc0000000,0x0000002dc0100000)]
  0x0000015c74151990 JavaThread "http-nio-8080-exec-1" daemon [_thread_blocked, id=13188, stack(0x0000002dbfd00000,0x0000002dbfe00000)]
  0x0000015c7414e1e0 JavaThread "http-nio-8080-exec-2" daemon [_thread_blocked, id=18844, stack(0x0000002dc0600000,0x0000002dc0700000)]
  0x0000015c7414d7c0 JavaThread "http-nio-8080-exec-3" daemon [_thread_blocked, id=21216, stack(0x0000002dc0700000,0x0000002dc0800000)]
  0x0000015c7414be70 JavaThread "http-nio-8080-exec-4" daemon [_thread_blocked, id=14260, stack(0x0000002dc0800000,0x0000002dc0900000)]
  0x0000015c7414d2b0 JavaThread "http-nio-8080-exec-5" daemon [_thread_blocked, id=6596, stack(0x0000002dc0900000,0x0000002dc0a00000)]
  0x0000015c7414f110 JavaThread "http-nio-8080-exec-6" daemon [_thread_blocked, id=20720, stack(0x0000002dc0a00000,0x0000002dc0b00000)]
  0x0000015c7414c380 JavaThread "http-nio-8080-exec-7" daemon [_thread_blocked, id=20956, stack(0x0000002dc0b00000,0x0000002dc0c00000)]
  0x0000015c7414fb30 JavaThread "http-nio-8080-exec-8" daemon [_thread_blocked, id=13236, stack(0x0000002dc0c00000,0x0000002dc0d00000)]
  0x0000015c7414af40 JavaThread "http-nio-8080-exec-9" daemon [_thread_blocked, id=17448, stack(0x0000002dc0d00000,0x0000002dc0e00000)]
  0x0000015c74151ea0 JavaThread "http-nio-8080-exec-10" daemon [_thread_blocked, id=18496, stack(0x0000002dc0e00000,0x0000002dc0f00000)]
  0x0000015c741523b0 JavaThread "http-nio-8080-Poller" daemon [_thread_in_native, id=6376, stack(0x0000002dc0f00000,0x0000002dc1000000)]
  0x0000015c7414b450 JavaThread "http-nio-8080-Acceptor" daemon [_thread_in_native, id=15004, stack(0x0000002dc1000000,0x0000002dc1100000)]
  0x0000015c741528c0 JavaThread "DestroyJavaVM" [_thread_blocked, id=19124, stack(0x0000002dbdd00000,0x0000002dbde00000)]

Other Threads:
  0x0000015c6e383520 VMThread "VM Thread" [stack: 0x0000002dbe300000,0x0000002dbe400000] [id=21000]
  0x0000015c6e4ed6c0 WatcherThread [stack: 0x0000002dbee00000,0x0000002dbef00000] [id=12676]
  0x0000015c4b496220 GCTaskThread "GC Thread#0" [stack: 0x0000002dbde00000,0x0000002dbdf00000] [id=20660]
  0x0000015c73796000 GCTaskThread "GC Thread#1" [stack: 0x0000002dbf200000,0x0000002dbf300000] [id=19312]
  0x0000015c737962c0 GCTaskThread "GC Thread#2" [stack: 0x0000002dbf300000,0x0000002dbf400000] [id=448]
  0x0000015c73796580 GCTaskThread "GC Thread#3" [stack: 0x0000002dbf400000,0x0000002dbf500000] [id=18972]
  0x0000015c736d3050 GCTaskThread "GC Thread#4" [stack: 0x0000002dbf500000,0x0000002dbf600000] [id=20964]
  0x0000015c736d3310 GCTaskThread "GC Thread#5" [stack: 0x0000002dbf600000,0x0000002dbf700000] [id=4204]
  0x0000015c73a0a3f0 GCTaskThread "GC Thread#6" [stack: 0x0000002dbf800000,0x0000002dbf900000] [id=19524]
  0x0000015c74e1dfd0 GCTaskThread "GC Thread#7" [stack: 0x0000002dbf900000,0x0000002dbfa00000] [id=21112]
  0x0000015c4b4a6f40 ConcurrentGCThread "G1 Main Marker" [stack: 0x0000002dbdf00000,0x0000002dbe000000] [id=19872]
  0x0000015c4b4a7950 ConcurrentGCThread "G1 Conc#0" [stack: 0x0000002dbe000000,0x0000002dbe100000] [id=20724]
  0x0000015c74fd1930 ConcurrentGCThread "G1 Conc#1" [stack: 0x0000002dbf700000,0x0000002dbf800000] [id=13052]
  0x0000015c6e240630 ConcurrentGCThread "G1 Refine#0" [stack: 0x0000002dbe100000,0x0000002dbe200000] [id=3424]
  0x0000015c7407ffb0 ConcurrentGCThread "G1 Refine#1" [stack: 0x0000002dc0100000,0x0000002dc0200000] [id=21252]
  0x0000015c7407fcc0 ConcurrentGCThread "G1 Refine#2" [stack: 0x0000002dc0200000,0x0000002dc0300000] [id=19132]
  0x0000015c740802a0 ConcurrentGCThread "G1 Refine#3" [stack: 0x0000002dc0300000,0x0000002dc0400000] [id=18684]
  0x0000015c7407f3f0 ConcurrentGCThread "G1 Refine#4" [stack: 0x0000002dc0400000,0x0000002dc0500000] [id=15932]
  0x0000015c7407f9d0 ConcurrentGCThread "G1 Refine#5" [stack: 0x0000002dc0500000,0x0000002dc0600000] [id=17260]
  0x0000015c6e240e70 ConcurrentGCThread "G1 Service" [stack: 0x0000002dbe200000,0x0000002dbe300000] [id=17032]

Threads with active compile tasks:
C2 CompilerThread0  7231633 19250   !   4       org.hibernate.metamodel.mapping.internal.ToOneAttributeMapping::resolveCircularFetch (418 bytes)

VM state: not at safepoint (normal execution)

VM Mutex/Monitor currently owned by a thread: None

Heap address: 0x0000000702200000, size: 4062 MB, Compressed Oops mode: Zero based, Oop shift amount: 3

CDS archive(s) mapped at: [0x0000015c00000000-0x0000015c00bd0000-0x0000015c00bd0000), size 12386304, SharedBaseAddress: 0x0000015c00000000, ArchiveRelocationMode: 1.
Compressed class space mapped at: 0x0000015c01000000-0x0000015c41000000, reserved size: 1073741824
Narrow klass base: 0x0000015c00000000, Narrow klass shift: 0, Narrow klass range: 0x100000000

GC Precious Log:
 CPUs: 8 total, 8 available
 Memory: 16245M
 Large Page Support: Disabled
 NUMA Support: Disabled
 Compressed Oops: Enabled (Zero based)
 Heap Region Size: 2M
 Heap Min Capacity: 8M
 Heap Initial Capacity: 254M
 Heap Max Capacity: 4062M
 Pre-touch: Disabled
 Parallel Workers: 8
 Concurrent Workers: 2
 Concurrent Refinement Workers: 8
 Periodic GC: Disabled

Heap:
 garbage-first heap   total 532480K, used 383542K [0x0000000702200000, 0x0000000800000000)
  region size 2048K, 120 young (245760K), 2 survivors (4096K)
 Metaspace       used 94933K, committed 96000K, reserved 1179648K
  class space    used 12406K, committed 12928K, reserved 1048576K

Heap Regions: E=young(eden), S=young(survivor), O=old, HS=humongous(starts), HC=humongous(continues), CS=collection set, F=free, OA=open archive, CA=closed archive, TAMS=top-at-mark-start (previous, next)
|   0|0x0000000702200000, 0x0000000702400000, 0x0000000702400000|100%| O|  |TAMS 0x0000000702400000, 0x0000000702200000| Untracked 
|   1|0x0000000702400000, 0x0000000702600000, 0x0000000702600000|100%| O|  |TAMS 0x0000000702600000, 0x0000000702400000| Untracked 
|   2|0x0000000702600000, 0x0000000702800000, 0x0000000702800000|100%| O|  |TAMS 0x0000000702800000, 0x0000000702600000| Untracked 
|   3|0x0000000702800000, 0x00000007029a8c00, 0x0000000702a00000| 82%| O|  |TAMS 0x00000007029a8c00, 0x0000000702800000| Untracked 
|   4|0x0000000702a00000, 0x0000000702c00000, 0x0000000702c00000|100%| O|  |TAMS 0x0000000702c00000, 0x0000000702a00000| Untracked 
|   5|0x0000000702c00000, 0x0000000702e00000, 0x0000000702e00000|100%| O|  |TAMS 0x0000000702e00000, 0x0000000702c00000| Untracked 
|   6|0x0000000702e00000, 0x0000000703000000, 0x0000000703000000|100%| O|  |TAMS 0x0000000703000000, 0x0000000702e00000| Untracked 
|   7|0x0000000703000000, 0x0000000703200000, 0x0000000703200000|100%| O|  |TAMS 0x0000000703200000, 0x0000000703000000| Untracked 
|   8|0x0000000703200000, 0x0000000703400000, 0x0000000703400000|100%| O|  |TAMS 0x0000000703400000, 0x0000000703200000| Untracked 
|   9|0x0000000703400000, 0x000000070348f800, 0x0000000703600000| 28%| O|  |TAMS 0x000000070348f800, 0x0000000703400000| Untracked 
|  10|0x0000000703600000, 0x0000000703800000, 0x0000000703800000|100%| O|  |TAMS 0x0000000703800000, 0x0000000703600000| Untracked 
|  11|0x0000000703800000, 0x0000000703a00000, 0x0000000703a00000|100%| O|  |TAMS 0x0000000703a00000, 0x0000000703800000| Untracked 
|  12|0x0000000703a00000, 0x0000000703c00000, 0x0000000703c00000|100%| O|  |TAMS 0x0000000703c00000, 0x0000000703a00000| Untracked 
|  13|0x0000000703c00000, 0x0000000703e00000, 0x0000000703e00000|100%| O|  |TAMS 0x0000000703e00000, 0x0000000703c00000| Untracked 
|  14|0x0000000703e00000, 0x0000000704000000, 0x0000000704000000|100%| O|  |TAMS 0x0000000704000000, 0x0000000703e00000| Untracked 
|  15|0x0000000704000000, 0x0000000704200000, 0x0000000704200000|100%| O|  |TAMS 0x0000000704000000, 0x0000000704000000| Untracked 
|  16|0x0000000704200000, 0x0000000704400000, 0x0000000704400000|100%| O|  |TAMS 0x0000000704400000, 0x0000000704200000| Untracked 
|  17|0x0000000704400000, 0x0000000704600000, 0x0000000704600000|100%| O|  |TAMS 0x0000000704600000, 0x0000000704400000| Untracked 
|  18|0x0000000704600000, 0x0000000704800000, 0x0000000704800000|100%| O|  |TAMS 0x0000000704800000, 0x0000000704600000| Untracked 
|  19|0x0000000704800000, 0x0000000704a00000, 0x0000000704a00000|100%| O|  |TAMS 0x0000000704a00000, 0x0000000704800000| Untracked 
|  20|0x0000000704a00000, 0x0000000704c00000, 0x0000000704c00000|100%| O|  |TAMS 0x0000000704c00000, 0x0000000704a00000| Untracked 
|  21|0x0000000704c00000, 0x0000000704e00000, 0x0000000704e00000|100%| O|  |TAMS 0x0000000704e00000, 0x0000000704c00000| Untracked 
|  22|0x0000000704e00000, 0x0000000705000000, 0x0000000705000000|100%| O|  |TAMS 0x0000000705000000, 0x0000000704e00000| Untracked 
|  23|0x0000000705000000, 0x0000000705200000, 0x0000000705200000|100%| O|  |TAMS 0x0000000705200000, 0x0000000705000000| Untracked 
|  24|0x0000000705200000, 0x0000000705400000, 0x0000000705400000|100%| O|  |TAMS 0x0000000705400000, 0x0000000705200000| Untracked 
|  25|0x0000000705400000, 0x0000000705600000, 0x0000000705600000|100%| O|  |TAMS 0x0000000705600000, 0x0000000705400000| Untracked 
|  26|0x0000000705600000, 0x0000000705800000, 0x0000000705800000|100%| O|  |TAMS 0x0000000705800000, 0x0000000705600000| Untracked 
|  27|0x0000000705800000, 0x0000000705a00000, 0x0000000705a00000|100%| O|  |TAMS 0x0000000705a00000, 0x0000000705800000| Untracked 
|  28|0x0000000705a00000, 0x0000000705c00000, 0x0000000705c00000|100%| O|  |TAMS 0x0000000705c00000, 0x0000000705a00000| Untracked 
|  29|0x0000000705c00000, 0x0000000705e00000, 0x0000000705e00000|100%| O|  |TAMS 0x0000000705e00000, 0x0000000705c00000| Untracked 
|  30|0x0000000705e00000, 0x0000000706000000, 0x0000000706000000|100%| O|  |TAMS 0x0000000705e00000, 0x0000000705e00000| Untracked 
|  31|0x0000000706000000, 0x0000000706200000, 0x0000000706200000|100%| O|  |TAMS 0x0000000706000000, 0x0000000706000000| Untracked 
|  32|0x0000000706200000, 0x0000000706400000, 0x0000000706400000|100%| O|  |TAMS 0x0000000706400000, 0x0000000706200000| Untracked 
|  33|0x0000000706400000, 0x0000000706600000, 0x0000000706600000|100%| O|  |TAMS 0x0000000706600000, 0x0000000706400000| Untracked 
|  34|0x0000000706600000, 0x0000000706800000, 0x0000000706800000|100%| O|  |TAMS 0x0000000706800000, 0x0000000706600000| Untracked 
|  35|0x0000000706800000, 0x0000000706a00000, 0x0000000706a00000|100%| O|  |TAMS 0x0000000706a00000, 0x0000000706800000| Untracked 
|  36|0x0000000706a00000, 0x0000000706c00000, 0x0000000706c00000|100%| O|  |TAMS 0x0000000706c00000, 0x0000000706a00000| Untracked 
|  37|0x0000000706c00000, 0x0000000706e00000, 0x0000000706e00000|100%| O|  |TAMS 0x0000000706c00000, 0x0000000706c00000| Untracked 
|  38|0x0000000706e00000, 0x0000000707000000, 0x0000000707000000|100%| O|  |TAMS 0x0000000707000000, 0x0000000706e00000| Untracked 
|  39|0x0000000707000000, 0x0000000707200000, 0x0000000707200000|100%| O|  |TAMS 0x0000000707200000, 0x0000000707000000| Untracked 
|  40|0x0000000707200000, 0x0000000707400000, 0x0000000707400000|100%| O|  |TAMS 0x0000000707400000, 0x0000000707200000| Untracked 
|  41|0x0000000707400000, 0x0000000707600000, 0x0000000707600000|100%| O|  |TAMS 0x0000000707600000, 0x0000000707400000| Untracked 
|  42|0x0000000707600000, 0x0000000707800000, 0x0000000707800000|100%| O|  |TAMS 0x0000000707800000, 0x0000000707600000| Untracked 
|  43|0x0000000707800000, 0x0000000707a00000, 0x0000000707a00000|100%| O|  |TAMS 0x0000000707a00000, 0x0000000707800000| Untracked 
|  44|0x0000000707a00000, 0x0000000707c00000, 0x0000000707c00000|100%| O|  |TAMS 0x0000000707c00000, 0x0000000707a00000| Untracked 
|  45|0x0000000707c00000, 0x0000000707e00000, 0x0000000707e00000|100%| O|  |TAMS 0x0000000707e00000, 0x0000000707c00000| Untracked 
|  46|0x0000000707e00000, 0x0000000708000000, 0x0000000708000000|100%| O|  |TAMS 0x0000000708000000, 0x0000000707e00000| Untracked 
|  47|0x0000000708000000, 0x0000000708200000, 0x0000000708200000|100%| O|  |TAMS 0x0000000708200000, 0x0000000708000000| Untracked 
|  48|0x0000000708200000, 0x0000000708400000, 0x0000000708400000|100%| O|  |TAMS 0x0000000708400000, 0x0000000708200000| Untracked 
|  49|0x0000000708400000, 0x0000000708600000, 0x0000000708600000|100%| O|  |TAMS 0x0000000708600000, 0x0000000708400000| Untracked 
|  50|0x0000000708600000, 0x0000000708600000, 0x0000000708800000|  0%| F|  |TAMS 0x0000000708600000, 0x0000000708600000| Untracked 
|  51|0x0000000708800000, 0x0000000708a00000, 0x0000000708a00000|100%| O|  |TAMS 0x0000000708a00000, 0x0000000708800000| Untracked 
|  52|0x0000000708a00000, 0x0000000708c00000, 0x0000000708c00000|100%| O|  |TAMS 0x0000000708c00000, 0x0000000708a00000| Untracked 
|  53|0x0000000708c00000, 0x0000000708e00000, 0x0000000708e00000|100%| O|  |TAMS 0x0000000708e00000, 0x0000000708c00000| Untracked 
|  54|0x0000000708e00000, 0x0000000709000000, 0x0000000709000000|100%| O|  |TAMS 0x0000000709000000, 0x0000000708e00000| Untracked 
|  55|0x0000000709000000, 0x0000000709000000, 0x0000000709200000|  0%| F|  |TAMS 0x0000000709000000, 0x0000000709000000| Untracked 
|  56|0x0000000709200000, 0x0000000709400000, 0x0000000709400000|100%| O|  |TAMS 0x0000000709400000, 0x0000000709200000| Untracked 
|  57|0x0000000709400000, 0x0000000709600000, 0x0000000709600000|100%| O|  |TAMS 0x0000000709600000, 0x0000000709400000| Untracked 
|  58|0x0000000709600000, 0x0000000709800000, 0x0000000709800000|100%| O|  |TAMS 0x0000000709800000, 0x0000000709600000| Untracked 
|  59|0x0000000709800000, 0x0000000709a00000, 0x0000000709a00000|100%| O|  |TAMS 0x0000000709a00000, 0x0000000709800000| Untracked 
|  60|0x0000000709a00000, 0x0000000709c00000, 0x0000000709c00000|100%| O|  |TAMS 0x0000000709c00000, 0x0000000709a00000| Untracked 
|  61|0x0000000709c00000, 0x0000000709e00000, 0x0000000709e00000|100%| O|  |TAMS 0x0000000709e00000, 0x0000000709c00000| Untracked 
|  62|0x0000000709e00000, 0x000000070a000000, 0x000000070a000000|100%| O|  |TAMS 0x000000070a000000, 0x0000000709e00000| Untracked 
|  63|0x000000070a000000, 0x000000070a200000, 0x000000070a200000|100%| O|  |TAMS 0x000000070a1cac00, 0x000000070a000000| Untracked 
|  64|0x000000070a200000, 0x000000070a400000, 0x000000070a400000|100%| O|  |TAMS 0x000000070a200000, 0x000000070a200000| Untracked 
|  65|0x000000070a400000, 0x000000070a600000, 0x000000070a600000|100%| O|  |TAMS 0x000000070a400000, 0x000000070a400000| Untracked 
|  66|0x000000070a600000, 0x000000070a800000, 0x000000070a800000|100%| O|  |TAMS 0x000000070a600000, 0x000000070a600000| Untracked 
|  67|0x000000070a800000, 0x000000070aa00000, 0x000000070aa00000|100%| O|  |TAMS 0x000000070a800000, 0x000000070a800000| Untracked 
|  68|0x000000070aa00000, 0x000000070ac00000, 0x000000070ac00000|100%| O|  |TAMS 0x000000070aa00000, 0x000000070aa00000| Untracked 
|  69|0x000000070ac00000, 0x000000070adcae00, 0x000000070ae00000| 89%| O|  |TAMS 0x000000070ac00000, 0x000000070ac00000| Untracked 
|  70|0x000000070ae00000, 0x000000070b000000, 0x000000070b000000|100%| O|  |TAMS 0x000000070ae00000, 0x000000070ae00000| Untracked 
|  71|0x000000070b000000, 0x000000070b1c6a00, 0x000000070b200000| 88%| O|  |TAMS 0x000000070b000000, 0x000000070b000000| Untracked 
|  72|0x000000070b200000, 0x000000070b200000, 0x000000070b400000|  0%| F|  |TAMS 0x000000070b200000, 0x000000070b200000| Untracked 
|  73|0x000000070b400000, 0x000000070b400000, 0x000000070b600000|  0%| F|  |TAMS 0x000000070b400000, 0x000000070b400000| Untracked 
|  74|0x000000070b600000, 0x000000070b600000, 0x000000070b800000|  0%| F|  |TAMS 0x000000070b600000, 0x000000070b600000| Untracked 
|  75|0x000000070b800000, 0x000000070b800000, 0x000000070ba00000|  0%| F|  |TAMS 0x000000070b800000, 0x000000070b800000| Untracked 
|  76|0x000000070ba00000, 0x000000070ba00000, 0x000000070bc00000|  0%| F|  |TAMS 0x000000070ba00000, 0x000000070ba00000| Untracked 
|  77|0x000000070bc00000, 0x000000070bc00000, 0x000000070be00000|  0%| F|  |TAMS 0x000000070bc00000, 0x000000070bc00000| Untracked 
|  78|0x000000070be00000, 0x000000070be00000, 0x000000070c000000|  0%| F|  |TAMS 0x000000070be00000, 0x000000070be00000| Untracked 
|  79|0x000000070c000000, 0x000000070c000000, 0x000000070c200000|  0%| F|  |TAMS 0x000000070c000000, 0x000000070c000000| Untracked 
|  80|0x000000070c200000, 0x000000070c200000, 0x000000070c400000|  0%| F|  |TAMS 0x000000070c200000, 0x000000070c200000| Untracked 
|  81|0x000000070c400000, 0x000000070c400000, 0x000000070c600000|  0%| F|  |TAMS 0x000000070c400000, 0x000000070c400000| Untracked 
|  82|0x000000070c600000, 0x000000070c600000, 0x000000070c800000|  0%| F|  |TAMS 0x000000070c600000, 0x000000070c600000| Untracked 
|  83|0x000000070c800000, 0x000000070c800000, 0x000000070ca00000|  0%| F|  |TAMS 0x000000070c800000, 0x000000070c800000| Untracked 
|  84|0x000000070ca00000, 0x000000070ca00000, 0x000000070cc00000|  0%| F|  |TAMS 0x000000070ca00000, 0x000000070ca00000| Untracked 
|  85|0x000000070cc00000, 0x000000070cc00000, 0x000000070ce00000|  0%| F|  |TAMS 0x000000070cc00000, 0x000000070cc00000| Untracked 
|  86|0x000000070ce00000, 0x000000070ce00000, 0x000000070d000000|  0%| F|  |TAMS 0x000000070ce00000, 0x000000070ce00000| Untracked 
|  87|0x000000070d000000, 0x000000070d000000, 0x000000070d200000|  0%| F|  |TAMS 0x000000070d000000, 0x000000070d000000| Untracked 
|  88|0x000000070d200000, 0x000000070d200000, 0x000000070d400000|  0%| F|  |TAMS 0x000000070d200000, 0x000000070d200000| Untracked 
|  89|0x000000070d400000, 0x000000070d400000, 0x000000070d600000|  0%| F|  |TAMS 0x000000070d400000, 0x000000070d400000| Untracked 
|  90|0x000000070d600000, 0x000000070d600000, 0x000000070d800000|  0%| F|  |TAMS 0x000000070d600000, 0x000000070d600000| Untracked 
|  91|0x000000070d800000, 0x000000070d800000, 0x000000070da00000|  0%| F|  |TAMS 0x000000070d800000, 0x000000070d800000| Untracked 
|  92|0x000000070da00000, 0x000000070da00000, 0x000000070dc00000|  0%| F|  |TAMS 0x000000070da00000, 0x000000070da00000| Untracked 
|  93|0x000000070dc00000, 0x000000070dc00000, 0x000000070de00000|  0%| F|  |TAMS 0x000000070dc00000, 0x000000070dc00000| Untracked 
|  94|0x000000070de00000, 0x000000070de00000, 0x000000070e000000|  0%| F|  |TAMS 0x000000070de00000, 0x000000070de00000| Untracked 
|  95|0x000000070e000000, 0x000000070e000000, 0x000000070e200000|  0%| F|  |TAMS 0x000000070e000000, 0x000000070e000000| Untracked 
|  96|0x000000070e200000, 0x000000070e200000, 0x000000070e400000|  0%| F|  |TAMS 0x000000070e200000, 0x000000070e200000| Untracked 
|  97|0x000000070e400000, 0x000000070e400000, 0x000000070e600000|  0%| F|  |TAMS 0x000000070e400000, 0x000000070e400000| Untracked 
|  98|0x000000070e600000, 0x000000070e600000, 0x000000070e800000|  0%| F|  |TAMS 0x000000070e600000, 0x000000070e600000| Untracked 
|  99|0x000000070e800000, 0x000000070e800000, 0x000000070ea00000|  0%| F|  |TAMS 0x000000070e800000, 0x000000070e800000| Untracked 
| 100|0x000000070ea00000, 0x000000070ea00000, 0x000000070ec00000|  0%| F|  |TAMS 0x000000070ea00000, 0x000000070ea00000| Untracked 
| 101|0x000000070ec00000, 0x000000070ec00000, 0x000000070ee00000|  0%| F|  |TAMS 0x000000070ec00000, 0x000000070ec00000| Untracked 
| 102|0x000000070ee00000, 0x000000070ee00000, 0x000000070f000000|  0%| F|  |TAMS 0x000000070ee00000, 0x000000070ee00000| Untracked 
| 103|0x000000070f000000, 0x000000070f000000, 0x000000070f200000|  0%| F|  |TAMS 0x000000070f000000, 0x000000070f000000| Untracked 
| 104|0x000000070f200000, 0x000000070f200000, 0x000000070f400000|  0%| F|  |TAMS 0x000000070f200000, 0x000000070f200000| Untracked 
| 105|0x000000070f400000, 0x000000070f400000, 0x000000070f600000|  0%| F|  |TAMS 0x000000070f400000, 0x000000070f400000| Untracked 
| 106|0x000000070f600000, 0x000000070f600000, 0x000000070f800000|  0%| F|  |TAMS 0x000000070f600000, 0x000000070f600000| Untracked 
| 107|0x000000070f800000, 0x000000070f800000, 0x000000070fa00000|  0%| F|  |TAMS 0x000000070f800000, 0x000000070f800000| Untracked 
| 108|0x000000070fa00000, 0x000000070fa00000, 0x000000070fc00000|  0%| F|  |TAMS 0x000000070fa00000, 0x000000070fa00000| Untracked 
| 109|0x000000070fc00000, 0x000000070fc00000, 0x000000070fe00000|  0%| F|  |TAMS 0x000000070fc00000, 0x000000070fc00000| Untracked 
| 110|0x000000070fe00000, 0x000000070fe00000, 0x0000000710000000|  0%| F|  |TAMS 0x000000070fe00000, 0x000000070fe00000| Untracked 
| 111|0x0000000710000000, 0x00000007100c3d80, 0x0000000710200000| 38%| S|CS|TAMS 0x0000000710000000, 0x0000000710000000| Complete 
| 112|0x0000000710200000, 0x0000000710400000, 0x0000000710400000|100%| S|CS|TAMS 0x0000000710200000, 0x0000000710200000| Complete 
| 113|0x0000000710400000, 0x0000000710400000, 0x0000000710600000|  0%| F|  |TAMS 0x0000000710400000, 0x0000000710400000| Untracked 
| 114|0x0000000710600000, 0x0000000710600000, 0x0000000710800000|  0%| F|  |TAMS 0x0000000710600000, 0x0000000710600000| Untracked 
| 115|0x0000000710800000, 0x0000000710800000, 0x0000000710a00000|  0%| F|  |TAMS 0x0000000710800000, 0x0000000710800000| Untracked 
| 116|0x0000000710a00000, 0x0000000710a00000, 0x0000000710c00000|  0%| F|  |TAMS 0x0000000710a00000, 0x0000000710a00000| Untracked 
| 117|0x0000000710c00000, 0x0000000710c00000, 0x0000000710e00000|  0%| F|  |TAMS 0x0000000710c00000, 0x0000000710c00000| Untracked 
| 118|0x0000000710e00000, 0x0000000710e00000, 0x0000000711000000|  0%| F|  |TAMS 0x0000000710e00000, 0x0000000710e00000| Untracked 
| 119|0x0000000711000000, 0x0000000711000000, 0x0000000711200000|  0%| F|  |TAMS 0x0000000711000000, 0x0000000711000000| Untracked 
| 120|0x0000000711200000, 0x0000000711200000, 0x0000000711400000|  0%| F|  |TAMS 0x0000000711200000, 0x0000000711200000| Untracked 
| 121|0x0000000711400000, 0x0000000711400000, 0x0000000711600000|  0%| F|  |TAMS 0x0000000711400000, 0x0000000711400000| Untracked 
| 122|0x0000000711600000, 0x0000000711600000, 0x0000000711800000|  0%| F|  |TAMS 0x0000000711600000, 0x0000000711600000| Untracked 
| 123|0x0000000711800000, 0x0000000711800000, 0x0000000711a00000|  0%| F|  |TAMS 0x0000000711800000, 0x0000000711800000| Untracked 
| 124|0x0000000711a00000, 0x0000000711a00000, 0x0000000711c00000|  0%| F|  |TAMS 0x0000000711a00000, 0x0000000711a00000| Untracked 
| 125|0x0000000711c00000, 0x0000000711c00000, 0x0000000711e00000|  0%| F|  |TAMS 0x0000000711c00000, 0x0000000711c00000| Untracked 
| 126|0x0000000711e00000, 0x0000000711e00000, 0x0000000712000000|  0%| F|  |TAMS 0x0000000711e00000, 0x0000000711e00000| Untracked 
| 127|0x0000000712000000, 0x0000000712000000, 0x0000000712200000|  0%| F|  |TAMS 0x0000000712000000, 0x0000000712000000| Untracked 
| 128|0x0000000712200000, 0x0000000712200000, 0x0000000712400000|  0%| F|  |TAMS 0x0000000712200000, 0x0000000712200000| Untracked 
| 129|0x0000000712400000, 0x0000000712400000, 0x0000000712600000|  0%| F|  |TAMS 0x0000000712400000, 0x0000000712400000| Untracked 
| 130|0x0000000712600000, 0x0000000712600000, 0x0000000712800000|  0%| F|  |TAMS 0x0000000712600000, 0x0000000712600000| Untracked 
| 131|0x0000000712800000, 0x0000000712800000, 0x0000000712a00000|  0%| F|  |TAMS 0x0000000712800000, 0x0000000712800000| Untracked 
| 132|0x0000000712a00000, 0x0000000712a00000, 0x0000000712c00000|  0%| F|  |TAMS 0x0000000712a00000, 0x0000000712a00000| Untracked 
| 133|0x0000000712c00000, 0x0000000712c00000, 0x0000000712e00000|  0%| F|  |TAMS 0x0000000712c00000, 0x0000000712c00000| Untracked 
| 134|0x0000000712e00000, 0x0000000712e00000, 0x0000000713000000|  0%| F|  |TAMS 0x0000000712e00000, 0x0000000712e00000| Untracked 
| 135|0x0000000713000000, 0x0000000713000000, 0x0000000713200000|  0%| F|  |TAMS 0x0000000713000000, 0x0000000713000000| Untracked 
| 136|0x0000000713200000, 0x0000000713200000, 0x0000000713400000|  0%| F|  |TAMS 0x0000000713200000, 0x0000000713200000| Untracked 
| 137|0x0000000713400000, 0x0000000713400000, 0x0000000713600000|  0%| F|  |TAMS 0x0000000713400000, 0x0000000713400000| Untracked 
| 138|0x0000000713600000, 0x0000000713600000, 0x0000000713800000|  0%| F|  |TAMS 0x0000000713600000, 0x0000000713600000| Untracked 
| 139|0x0000000713800000, 0x0000000713800000, 0x0000000713a00000|  0%| F|  |TAMS 0x0000000713800000, 0x0000000713800000| Untracked 
| 140|0x0000000713a00000, 0x0000000713a00000, 0x0000000713c00000|  0%| F|  |TAMS 0x0000000713a00000, 0x0000000713a00000| Untracked 
| 141|0x0000000713c00000, 0x0000000713c00000, 0x0000000713e00000|  0%| F|  |TAMS 0x0000000713c00000, 0x0000000713c00000| Untracked 
| 142|0x0000000713e00000, 0x0000000714000000, 0x0000000714000000|100%| E|  |TAMS 0x0000000713e00000, 0x0000000713e00000| Complete 
| 143|0x0000000714000000, 0x0000000714200000, 0x0000000714200000|100%| E|CS|TAMS 0x0000000714000000, 0x0000000714000000| Complete 
| 144|0x0000000714200000, 0x0000000714400000, 0x0000000714400000|100%| E|CS|TAMS 0x0000000714200000, 0x0000000714200000| Complete 
| 145|0x0000000714400000, 0x0000000714600000, 0x0000000714600000|100%| E|CS|TAMS 0x0000000714400000, 0x0000000714400000| Complete 
| 146|0x0000000714600000, 0x0000000714800000, 0x0000000714800000|100%| E|CS|TAMS 0x0000000714600000, 0x0000000714600000| Complete 
| 147|0x0000000714800000, 0x0000000714a00000, 0x0000000714a00000|100%| E|CS|TAMS 0x0000000714800000, 0x0000000714800000| Complete 
| 148|0x0000000714a00000, 0x0000000714c00000, 0x0000000714c00000|100%| E|CS|TAMS 0x0000000714a00000, 0x0000000714a00000| Complete 
| 149|0x0000000714c00000, 0x0000000714e00000, 0x0000000714e00000|100%| E|CS|TAMS 0x0000000714c00000, 0x0000000714c00000| Complete 
| 150|0x0000000714e00000, 0x0000000715000000, 0x0000000715000000|100%| E|CS|TAMS 0x0000000714e00000, 0x0000000714e00000| Complete 
| 151|0x0000000715000000, 0x0000000715200000, 0x0000000715200000|100%| E|CS|TAMS 0x0000000715000000, 0x0000000715000000| Complete 
| 152|0x0000000715200000, 0x0000000715400000, 0x0000000715400000|100%| E|CS|TAMS 0x0000000715200000, 0x0000000715200000| Complete 
| 153|0x0000000715400000, 0x0000000715600000, 0x0000000715600000|100%| E|CS|TAMS 0x0000000715400000, 0x0000000715400000| Complete 
| 154|0x0000000715600000, 0x0000000715800000, 0x0000000715800000|100%| E|CS|TAMS 0x0000000715600000, 0x0000000715600000| Complete 
| 155|0x0000000715800000, 0x0000000715a00000, 0x0000000715a00000|100%| E|CS|TAMS 0x0000000715800000, 0x0000000715800000| Complete 
| 156|0x0000000715a00000, 0x0000000715c00000, 0x0000000715c00000|100%| E|CS|TAMS 0x0000000715a00000, 0x0000000715a00000| Complete 
| 157|0x0000000715c00000, 0x0000000715e00000, 0x0000000715e00000|100%| E|CS|TAMS 0x0000000715c00000, 0x0000000715c00000| Complete 
| 158|0x0000000715e00000, 0x0000000716000000, 0x0000000716000000|100%| E|CS|TAMS 0x0000000715e00000, 0x0000000715e00000| Complete 
| 159|0x0000000716000000, 0x0000000716200000, 0x0000000716200000|100%| E|CS|TAMS 0x0000000716000000, 0x0000000716000000| Complete 
| 160|0x0000000716200000, 0x0000000716400000, 0x0000000716400000|100%| E|CS|TAMS 0x0000000716200000, 0x0000000716200000| Complete 
| 161|0x0000000716400000, 0x0000000716600000, 0x0000000716600000|100%| E|CS|TAMS 0x0000000716400000, 0x0000000716400000| Complete 
| 162|0x0000000716600000, 0x0000000716800000, 0x0000000716800000|100%| E|CS|TAMS 0x0000000716600000, 0x0000000716600000| Complete 
| 163|0x0000000716800000, 0x0000000716a00000, 0x0000000716a00000|100%| E|CS|TAMS 0x0000000716800000, 0x0000000716800000| Complete 
| 164|0x0000000716a00000, 0x0000000716c00000, 0x0000000716c00000|100%| E|CS|TAMS 0x0000000716a00000, 0x0000000716a00000| Complete 
| 165|0x0000000716c00000, 0x0000000716e00000, 0x0000000716e00000|100%| E|CS|TAMS 0x0000000716c00000, 0x0000000716c00000| Complete 
| 166|0x0000000716e00000, 0x0000000717000000, 0x0000000717000000|100%| E|CS|TAMS 0x0000000716e00000, 0x0000000716e00000| Complete 
| 167|0x0000000717000000, 0x0000000717200000, 0x0000000717200000|100%| E|CS|TAMS 0x0000000717000000, 0x0000000717000000| Complete 
| 168|0x0000000717200000, 0x0000000717400000, 0x0000000717400000|100%| E|CS|TAMS 0x0000000717200000, 0x0000000717200000| Complete 
| 169|0x0000000717400000, 0x0000000717600000, 0x0000000717600000|100%| E|CS|TAMS 0x0000000717400000, 0x0000000717400000| Complete 
| 170|0x0000000717600000, 0x0000000717800000, 0x0000000717800000|100%| E|CS|TAMS 0x0000000717600000, 0x0000000717600000| Complete 
| 171|0x0000000717800000, 0x0000000717a00000, 0x0000000717a00000|100%| E|CS|TAMS 0x0000000717800000, 0x0000000717800000| Complete 
| 172|0x0000000717a00000, 0x0000000717c00000, 0x0000000717c00000|100%| E|CS|TAMS 0x0000000717a00000, 0x0000000717a00000| Complete 
| 173|0x0000000717c00000, 0x0000000717e00000, 0x0000000717e00000|100%| E|CS|TAMS 0x0000000717c00000, 0x0000000717c00000| Complete 
| 174|0x0000000717e00000, 0x0000000718000000, 0x0000000718000000|100%| E|CS|TAMS 0x0000000717e00000, 0x0000000717e00000| Complete 
| 175|0x0000000718000000, 0x0000000718200000, 0x0000000718200000|100%| E|CS|TAMS 0x0000000718000000, 0x0000000718000000| Complete 
| 176|0x0000000718200000, 0x0000000718400000, 0x0000000718400000|100%| E|CS|TAMS 0x0000000718200000, 0x0000000718200000| Complete 
| 177|0x0000000718400000, 0x0000000718600000, 0x0000000718600000|100%| E|CS|TAMS 0x0000000718400000, 0x0000000718400000| Complete 
| 178|0x0000000718600000, 0x0000000718800000, 0x0000000718800000|100%| E|CS|TAMS 0x0000000718600000, 0x0000000718600000| Complete 
| 179|0x0000000718800000, 0x0000000718a00000, 0x0000000718a00000|100%| E|CS|TAMS 0x0000000718800000, 0x0000000718800000| Complete 
| 180|0x0000000718a00000, 0x0000000718c00000, 0x0000000718c00000|100%| E|CS|TAMS 0x0000000718a00000, 0x0000000718a00000| Complete 
| 181|0x0000000718c00000, 0x0000000718e00000, 0x0000000718e00000|100%| E|CS|TAMS 0x0000000718c00000, 0x0000000718c00000| Complete 
| 182|0x0000000718e00000, 0x0000000719000000, 0x0000000719000000|100%| E|CS|TAMS 0x0000000718e00000, 0x0000000718e00000| Complete 
| 183|0x0000000719000000, 0x0000000719200000, 0x0000000719200000|100%| E|CS|TAMS 0x0000000719000000, 0x0000000719000000| Complete 
| 184|0x0000000719200000, 0x0000000719400000, 0x0000000719400000|100%| E|CS|TAMS 0x0000000719200000, 0x0000000719200000| Complete 
| 185|0x0000000719400000, 0x0000000719600000, 0x0000000719600000|100%| E|CS|TAMS 0x0000000719400000, 0x0000000719400000| Complete 
| 186|0x0000000719600000, 0x0000000719800000, 0x0000000719800000|100%| E|CS|TAMS 0x0000000719600000, 0x0000000719600000| Complete 
| 187|0x0000000719800000, 0x0000000719a00000, 0x0000000719a00000|100%| E|CS|TAMS 0x0000000719800000, 0x0000000719800000| Complete 
| 188|0x0000000719a00000, 0x0000000719c00000, 0x0000000719c00000|100%| E|CS|TAMS 0x0000000719a00000, 0x0000000719a00000| Complete 
| 189|0x0000000719c00000, 0x0000000719e00000, 0x0000000719e00000|100%| E|CS|TAMS 0x0000000719c00000, 0x0000000719c00000| Complete 
| 190|0x0000000719e00000, 0x000000071a000000, 0x000000071a000000|100%| E|CS|TAMS 0x0000000719e00000, 0x0000000719e00000| Complete 
| 191|0x000000071a000000, 0x000000071a200000, 0x000000071a200000|100%| E|CS|TAMS 0x000000071a000000, 0x000000071a000000| Complete 
| 192|0x000000071a200000, 0x000000071a400000, 0x000000071a400000|100%| E|CS|TAMS 0x000000071a200000, 0x000000071a200000| Complete 
| 193|0x000000071a400000, 0x000000071a600000, 0x000000071a600000|100%| E|CS|TAMS 0x000000071a400000, 0x000000071a400000| Complete 
| 194|0x000000071a600000, 0x000000071a800000, 0x000000071a800000|100%| E|CS|TAMS 0x000000071a600000, 0x000000071a600000| Complete 
| 195|0x000000071a800000, 0x000000071aa00000, 0x000000071aa00000|100%| E|CS|TAMS 0x000000071a800000, 0x000000071a800000| Complete 
| 196|0x000000071aa00000, 0x000000071ac00000, 0x000000071ac00000|100%| E|CS|TAMS 0x000000071aa00000, 0x000000071aa00000| Complete 
| 197|0x000000071ac00000, 0x000000071ae00000, 0x000000071ae00000|100%| E|CS|TAMS 0x000000071ac00000, 0x000000071ac00000| Complete 
| 198|0x000000071ae00000, 0x000000071b000000, 0x000000071b000000|100%| E|CS|TAMS 0x000000071ae00000, 0x000000071ae00000| Complete 
| 199|0x000000071b000000, 0x000000071b200000, 0x000000071b200000|100%| E|CS|TAMS 0x000000071b000000, 0x000000071b000000| Complete 
| 200|0x000000071b200000, 0x000000071b400000, 0x000000071b400000|100%| E|CS|TAMS 0x000000071b200000, 0x000000071b200000| Complete 
| 201|0x000000071b400000, 0x000000071b600000, 0x000000071b600000|100%| E|CS|TAMS 0x000000071b400000, 0x000000071b400000| Complete 
| 202|0x000000071b600000, 0x000000071b800000, 0x000000071b800000|100%| E|CS|TAMS 0x000000071b600000, 0x000000071b600000| Complete 
| 203|0x000000071b800000, 0x000000071ba00000, 0x000000071ba00000|100%| E|CS|TAMS 0x000000071b800000, 0x000000071b800000| Complete 
| 204|0x000000071ba00000, 0x000000071bc00000, 0x000000071bc00000|100%| E|CS|TAMS 0x000000071ba00000, 0x000000071ba00000| Complete 
| 205|0x000000071bc00000, 0x000000071be00000, 0x000000071be00000|100%| E|CS|TAMS 0x000000071bc00000, 0x000000071bc00000| Complete 
| 206|0x000000071be00000, 0x000000071c000000, 0x000000071c000000|100%| E|CS|TAMS 0x000000071be00000, 0x000000071be00000| Complete 
| 207|0x000000071c000000, 0x000000071c200000, 0x000000071c200000|100%| E|CS|TAMS 0x000000071c000000, 0x000000071c000000| Complete 
| 208|0x000000071c200000, 0x000000071c400000, 0x000000071c400000|100%| E|CS|TAMS 0x000000071c200000, 0x000000071c200000| Complete 
| 209|0x000000071c400000, 0x000000071c600000, 0x000000071c600000|100%| E|CS|TAMS 0x000000071c400000, 0x000000071c400000| Complete 
| 210|0x000000071c600000, 0x000000071c800000, 0x000000071c800000|100%| E|CS|TAMS 0x000000071c600000, 0x000000071c600000| Complete 
| 211|0x000000071c800000, 0x000000071ca00000, 0x000000071ca00000|100%| E|CS|TAMS 0x000000071c800000, 0x000000071c800000| Complete 
| 212|0x000000071ca00000, 0x000000071cc00000, 0x000000071cc00000|100%| E|CS|TAMS 0x000000071ca00000, 0x000000071ca00000| Complete 
| 213|0x000000071cc00000, 0x000000071ce00000, 0x000000071ce00000|100%| E|CS|TAMS 0x000000071cc00000, 0x000000071cc00000| Complete 
| 214|0x000000071ce00000, 0x000000071d000000, 0x000000071d000000|100%| E|CS|TAMS 0x000000071ce00000, 0x000000071ce00000| Complete 
| 215|0x000000071d000000, 0x000000071d200000, 0x000000071d200000|100%| E|CS|TAMS 0x000000071d000000, 0x000000071d000000| Complete 
| 216|0x000000071d200000, 0x000000071d400000, 0x000000071d400000|100%| E|CS|TAMS 0x000000071d200000, 0x000000071d200000| Complete 
| 217|0x000000071d400000, 0x000000071d600000, 0x000000071d600000|100%| E|CS|TAMS 0x000000071d400000, 0x000000071d400000| Complete 
| 218|0x000000071d600000, 0x000000071d800000, 0x000000071d800000|100%| E|CS|TAMS 0x000000071d600000, 0x000000071d600000| Complete 
| 219|0x000000071d800000, 0x000000071da00000, 0x000000071da00000|100%| E|CS|TAMS 0x000000071d800000, 0x000000071d800000| Complete 
| 220|0x000000071da00000, 0x000000071dc00000, 0x000000071dc00000|100%| E|CS|TAMS 0x000000071da00000, 0x000000071da00000| Complete 
| 221|0x000000071dc00000, 0x000000071de00000, 0x000000071de00000|100%| E|CS|TAMS 0x000000071dc00000, 0x000000071dc00000| Complete 
| 222|0x000000071de00000, 0x000000071e000000, 0x000000071e000000|100%| E|CS|TAMS 0x000000071de00000, 0x000000071de00000| Complete 
| 223|0x000000071e000000, 0x000000071e200000, 0x000000071e200000|100%| E|CS|TAMS 0x000000071e000000, 0x000000071e000000| Complete 
| 224|0x000000071e200000, 0x000000071e400000, 0x000000071e400000|100%| E|CS|TAMS 0x000000071e200000, 0x000000071e200000| Complete 
| 225|0x000000071e400000, 0x000000071e600000, 0x000000071e600000|100%| E|CS|TAMS 0x000000071e400000, 0x000000071e400000| Complete 
| 226|0x000000071e600000, 0x000000071e800000, 0x000000071e800000|100%| E|CS|TAMS 0x000000071e600000, 0x000000071e600000| Complete 
| 227|0x000000071e800000, 0x000000071ea00000, 0x000000071ea00000|100%| E|CS|TAMS 0x000000071e800000, 0x000000071e800000| Complete 
| 228|0x000000071ea00000, 0x000000071ec00000, 0x000000071ec00000|100%| E|CS|TAMS 0x000000071ea00000, 0x000000071ea00000| Complete 
| 229|0x000000071ec00000, 0x000000071ee00000, 0x000000071ee00000|100%| E|CS|TAMS 0x000000071ec00000, 0x000000071ec00000| Complete 
| 230|0x000000071ee00000, 0x000000071f000000, 0x000000071f000000|100%| E|CS|TAMS 0x000000071ee00000, 0x000000071ee00000| Complete 
| 231|0x000000071f000000, 0x000000071f200000, 0x000000071f200000|100%| E|CS|TAMS 0x000000071f000000, 0x000000071f000000| Complete 
| 232|0x000000071f200000, 0x000000071f400000, 0x000000071f400000|100%| E|CS|TAMS 0x000000071f200000, 0x000000071f200000| Complete 
| 233|0x000000071f400000, 0x000000071f600000, 0x000000071f600000|100%| E|CS|TAMS 0x000000071f400000, 0x000000071f400000| Complete 
| 234|0x000000071f600000, 0x000000071f800000, 0x000000071f800000|100%| E|CS|TAMS 0x000000071f600000, 0x000000071f600000| Complete 
| 235|0x000000071f800000, 0x000000071fa00000, 0x000000071fa00000|100%| E|CS|TAMS 0x000000071f800000, 0x000000071f800000| Complete 
| 236|0x000000071fa00000, 0x000000071fc00000, 0x000000071fc00000|100%| E|CS|TAMS 0x000000071fa00000, 0x000000071fa00000| Complete 
| 237|0x000000071fc00000, 0x000000071fe00000, 0x000000071fe00000|100%| E|CS|TAMS 0x000000071fc00000, 0x000000071fc00000| Complete 
| 238|0x000000071fe00000, 0x0000000720000000, 0x0000000720000000|100%| E|CS|TAMS 0x000000071fe00000, 0x000000071fe00000| Complete 
| 239|0x0000000720000000, 0x0000000720200000, 0x0000000720200000|100%| E|CS|TAMS 0x0000000720000000, 0x0000000720000000| Complete 
| 240|0x0000000720200000, 0x0000000720400000, 0x0000000720400000|100%| E|CS|TAMS 0x0000000720200000, 0x0000000720200000| Complete 
| 241|0x0000000720400000, 0x0000000720600000, 0x0000000720600000|100%| E|CS|TAMS 0x0000000720400000, 0x0000000720400000| Complete 
| 242|0x0000000720600000, 0x0000000720800000, 0x0000000720800000|100%| E|CS|TAMS 0x0000000720600000, 0x0000000720600000| Complete 
| 243|0x0000000720800000, 0x0000000720a00000, 0x0000000720a00000|100%| E|CS|TAMS 0x0000000720800000, 0x0000000720800000| Complete 
| 244|0x0000000720a00000, 0x0000000720c00000, 0x0000000720c00000|100%| E|CS|TAMS 0x0000000720a00000, 0x0000000720a00000| Complete 
| 245|0x0000000720c00000, 0x0000000720e00000, 0x0000000720e00000|100%| E|CS|TAMS 0x0000000720c00000, 0x0000000720c00000| Complete 
| 246|0x0000000720e00000, 0x0000000721000000, 0x0000000721000000|100%| E|CS|TAMS 0x0000000720e00000, 0x0000000720e00000| Complete 
| 247|0x0000000721000000, 0x0000000721200000, 0x0000000721200000|100%| E|CS|TAMS 0x0000000721000000, 0x0000000721000000| Complete 
| 248|0x0000000721200000, 0x0000000721400000, 0x0000000721400000|100%| E|CS|TAMS 0x0000000721200000, 0x0000000721200000| Complete 
| 249|0x0000000721400000, 0x0000000721600000, 0x0000000721600000|100%| E|CS|TAMS 0x0000000721400000, 0x0000000721400000| Complete 
| 320|0x000000072a200000, 0x000000072a400000, 0x000000072a400000|100%| E|CS|TAMS 0x000000072a200000, 0x000000072a200000| Complete 
| 321|0x000000072a400000, 0x000000072a600000, 0x000000072a600000|100%| E|CS|TAMS 0x000000072a400000, 0x000000072a400000| Complete 
| 322|0x000000072a600000, 0x000000072a800000, 0x000000072a800000|100%| E|CS|TAMS 0x000000072a600000, 0x000000072a600000| Complete 
| 323|0x000000072a800000, 0x000000072aa00000, 0x000000072aa00000|100%| E|CS|TAMS 0x000000072a800000, 0x000000072a800000| Complete 
| 324|0x000000072aa00000, 0x000000072ac00000, 0x000000072ac00000|100%| E|CS|TAMS 0x000000072aa00000, 0x000000072aa00000| Complete 
| 325|0x000000072ac00000, 0x000000072ae00000, 0x000000072ae00000|100%| E|CS|TAMS 0x000000072ac00000, 0x000000072ac00000| Complete 
| 326|0x000000072ae00000, 0x000000072b000000, 0x000000072b000000|100%| E|CS|TAMS 0x000000072ae00000, 0x000000072ae00000| Complete 
| 327|0x000000072b000000, 0x000000072b200000, 0x000000072b200000|100%| E|CS|TAMS 0x000000072b000000, 0x000000072b000000| Complete 
| 328|0x000000072b200000, 0x000000072b400000, 0x000000072b400000|100%| E|CS|TAMS 0x000000072b200000, 0x000000072b200000| Complete 
| 329|0x000000072b400000, 0x000000072b600000, 0x000000072b600000|100%| E|CS|TAMS 0x000000072b400000, 0x000000072b400000| Complete 

Card table byte_map: [0x0000015c62a20000,0x0000015c63210000] _byte_map_base: 0x0000015c5f20f000

Marking Bits (Prev, Next): (CMBitMap*) 0x0000015c4b496880, (CMBitMap*) 0x0000015c4b496840
 Prev Bits: [0x0000015c67980000, 0x0000015c6b8f8000)
 Next Bits: [0x0000015c63a00000, 0x0000015c67978000)

Polling page: 0x0000015c493d0000

Metaspace:

Usage:
  Non-class:     80.59 MB used.
      Class:     12.12 MB used.
       Both:     92.71 MB used.

Virtual space:
  Non-class space:      128.00 MB reserved,      81.12 MB ( 63%) committed,  2 nodes.
      Class space:        1.00 GB reserved,      12.62 MB (  1%) committed,  1 nodes.
             Both:        1.12 GB reserved,      93.75 MB (  8%) committed. 

Chunk freelists:
   Non-Class:  14.78 MB
       Class:  3.41 MB
        Both:  18.19 MB

MaxMetaspaceSize: unlimited
CompressedClassSpaceSize: 1.00 GB
Initial GC threshold: 21.00 MB
Current GC threshold: 115.88 MB
CDS: on
MetaspaceReclaimPolicy: balanced
 - commit_granule_bytes: 65536.
 - commit_granule_words: 8192.
 - virtual_space_node_default_size: 8388608.
 - enlarge_chunks_in_place: 1.
 - new_chunks_are_fully_committed: 0.
 - uncommit_free_chunks: 1.
 - use_allocation_guard: 0.
 - handle_deallocations: 1.


Internal statistics:

num_allocs_failed_limit: 9.
num_arena_births: 1766.
num_arena_deaths: 0.
num_vsnodes_births: 3.
num_vsnodes_deaths: 0.
num_space_committed: 1500.
num_space_uncommitted: 0.
num_chunks_returned_to_freelist: 9.
num_chunks_taken_from_freelist: 5680.
num_chunk_merges: 9.
num_chunk_splits: 3868.
num_chunks_enlarged: 2694.
num_inconsistent_stats: 0.

CodeHeap 'non-profiled nmethods': size=120000Kb used=15341Kb max_used=15341Kb free=104658Kb
 bounds [0x0000015c5a9d0000, 0x0000015c5b8d0000, 0x0000015c61f00000]
CodeHeap 'profiled nmethods': size=120000Kb used=29687Kb max_used=30827Kb free=90312Kb
 bounds [0x0000015c52f00000, 0x0000015c54d20000, 0x0000015c5a430000]
CodeHeap 'non-nmethods': size=5760Kb used=1395Kb max_used=1487Kb free=4364Kb
 bounds [0x0000015c5a430000, 0x0000015c5a6a0000, 0x0000015c5a9d0000]
 total_blobs=16531 nmethods=15798 adapters=643
 compilation: enabled
              stopped_count=0, restarted_count=0
 full_count=0

Compilation events (20 events):
Event: 7162.968 Thread 0x0000015c6e3b2f60 nmethod 19235 0x0000015c5b8bb110 code [0x0000015c5b8bb580, 0x0000015c5b8c0048]
Event: 7162.968 Thread 0x0000015c6e3b2f60 19242       4       org.springframework.web.context.request.RequestContextHolder::setRequestAttributes (44 bytes)
Event: 7162.985 Thread 0x0000015c6e3b2f60 nmethod 19242 0x0000015c5b8c2a10 code [0x0000015c5b8c2c00, 0x0000015c5b8c38a8]
Event: 7162.985 Thread 0x0000015c6e3b2f60 19243       4       com.fasterxml.jackson.core.json.UTF8StreamJsonParser::_nextAfterName (62 bytes)
Event: 7162.987 Thread 0x0000015c6e3b2f60 nmethod 19243 0x0000015c5b8c3f90 code [0x0000015c5b8c4120, 0x0000015c5b8c43a8]
Event: 7162.987 Thread 0x0000015c6e3b2f60 19241       4       org.hibernate.query.sqm.tree.domain.SqmSingularJoin::getModel (5 bytes)
Event: 7162.987 Thread 0x0000015c6e3b2f60 nmethod 19241 0x0000015c5b8c4510 code [0x0000015c5b8c46a0, 0x0000015c5b8c4798]
Event: 7231.152 Thread 0x0000015c6e3b2f60 19244       4       jdk.internal.math.FloatingDecimal$BinaryToASCIIBuffer::dtoa (1509 bytes)
Event: 7231.168 Thread 0x0000015c6e3c1990 19245       3       org.hibernate.query.sqm.tree.SqmStatement$ParameterResolutions$1::getJpaCriteriaParamResolutions (4 bytes)
Event: 7231.168 Thread 0x0000015c6e3c1990 nmethod 19245 0x0000015c544ce490 code [0x0000015c544ce620, 0x0000015c544ce798]
Event: 7231.185 Thread 0x0000015c6e3b2f60 nmethod 19244 0x0000015c5b8c4890 code [0x0000015c5b8c4a80, 0x0000015c5b8c59d8]
Event: 7231.185 Thread 0x0000015c6e3b2f60 19246       4       java.lang.Object::toString (36 bytes)
Event: 7231.239 Thread 0x0000015c6e3b2f60 nmethod 19246 0x0000015c5b8c6490 code [0x0000015c5b8c6700, 0x0000015c5b8c7ee0]
Event: 7231.239 Thread 0x0000015c6e3b2f60 19248       4       org.apache.catalina.connector.RequestFacade::getQueryString (12 bytes)
Event: 7231.244 Thread 0x0000015c6e3b2f60 nmethod 19248 0x0000015c5b8c8990 code [0x0000015c5b8c8b40, 0x0000015c5b8c8f78]
Event: 7231.244 Thread 0x0000015c6e3b2f60 19247       4       org.hibernate.query.sqm.sql.internal.SqlAstQueryPartProcessingStateImpl::<init> (27 bytes)
Event: 7231.284 Thread 0x0000015c6e3b2f60 nmethod 19247 0x0000015c5b8c9210 code [0x0000015c5b8c9420, 0x0000015c5b8ca7c8]
Event: 7231.284 Thread 0x0000015c6e3b2f60 19249       4       org.hibernate.metamodel.mapping.BasicValuedModelPart::getSingleJdbcMapping (5 bytes)
Event: 7231.284 Thread 0x0000015c6e3b2f60 nmethod 19249 0x0000015c5b8cb190 code [0x0000015c5b8cb320, 0x0000015c5b8cb418]
Event: 7231.313 Thread 0x0000015c6e3b2f60 19250   !   4       org.hibernate.metamodel.mapping.internal.ToOneAttributeMapping::resolveCircularFetch (418 bytes)

GC Heap History (20 events):
Event: 8.768 GC heap before
{Heap before GC invocations=27 (full 0):
 garbage-first heap   total 251904K, used 111733K [0x0000000702200000, 0x0000000800000000)
  region size 2048K, 7 young (14336K), 6 survivors (12288K)
 Metaspace       used 69406K, committed 70016K, reserved 1114112K
  class space    used 9758K, committed 10048K, reserved 1048576K
}
Event: 8.775 GC heap after
{Heap after GC invocations=28 (full 0):
 garbage-first heap   total 251904K, used 90337K [0x0000000702200000, 0x0000000800000000)
  region size 2048K, 1 young (2048K), 1 survivors (2048K)
 Metaspace       used 69406K, committed 70016K, reserved 1114112K
  class space    used 9758K, committed 10048K, reserved 1048576K
}
Event: 8.890 GC heap before
{Heap before GC invocations=28 (full 0):
 garbage-first heap   total 251904K, used 157921K [0x0000000702200000, 0x0000000800000000)
  region size 2048K, 33 young (67584K), 1 survivors (2048K)
 Metaspace       used 69406K, committed 70016K, reserved 1114112K
  class space    used 9758K, committed 10048K, reserved 1048576K
}
Event: 8.902 GC heap after
{Heap after GC invocations=29 (full 0):
 garbage-first heap   total 251904K, used 113851K [0x0000000702200000, 0x0000000800000000)
  region size 2048K, 5 young (10240K), 5 survivors (10240K)
 Metaspace       used 69406K, committed 70016K, reserved 1114112K
  class space    used 9758K, committed 10048K, reserved 1048576K
}
Event: 9.011 GC heap before
{Heap before GC invocations=29 (full 0):
 garbage-first heap   total 251904K, used 175291K [0x0000000702200000, 0x0000000800000000)
  region size 2048K, 33 young (67584K), 5 survivors (10240K)
 Metaspace       used 69407K, committed 70016K, reserved 1114112K
  class space    used 9758K, committed 10048K, reserved 1048576K
}
Event: 9.027 GC heap after
{Heap after GC invocations=30 (full 0):
 garbage-first heap   total 251904K, used 139276K [0x0000000702200000, 0x0000000800000000)
  region size 2048K, 5 young (10240K), 5 survivors (10240K)
 Metaspace       used 69407K, committed 70016K, reserved 1114112K
  class space    used 9758K, committed 10048K, reserved 1048576K
}
Event: 9.091 GC heap before
{Heap before GC invocations=30 (full 0):
 garbage-first heap   total 251904K, used 184332K [0x0000000702200000, 0x0000000800000000)
  region size 2048K, 27 young (55296K), 5 survivors (10240K)
 Metaspace       used 69410K, committed 70016K, reserved 1114112K
  class space    used 9758K, committed 10048K, reserved 1048576K
}
Event: 9.104 GC heap after
{Heap after GC invocations=31 (full 0):
 garbage-first heap   total 675840K, used 144107K [0x0000000702200000, 0x0000000800000000)
  region size 2048K, 2 young (4096K), 2 survivors (4096K)
 Metaspace       used 69410K, committed 70016K, reserved 1114112K
  class space    used 9758K, committed 10048K, reserved 1048576K
}
Event: 419.897 GC heap before
{Heap before GC invocations=32 (full 0):
 garbage-first heap   total 532480K, used 424683K [0x0000000702200000, 0x0000000800000000)
  region size 2048K, 143 young (292864K), 2 survivors (4096K)
 Metaspace       used 90111K, committed 91008K, reserved 1179648K
  class space    used 12217K, committed 12672K, reserved 1048576K
}
Event: 419.914 GC heap after
{Heap after GC invocations=33 (full 0):
 garbage-first heap   total 532480K, used 145312K [0x0000000702200000, 0x0000000800000000)
  region size 2048K, 6 young (12288K), 6 survivors (12288K)
 Metaspace       used 90111K, committed 91008K, reserved 1179648K
  class space    used 12217K, committed 12672K, reserved 1048576K
}
Event: 436.463 GC heap before
{Heap before GC invocations=33 (full 0):
 garbage-first heap   total 532480K, used 157600K [0x0000000702200000, 0x0000000800000000)
  region size 2048K, 13 young (26624K), 6 survivors (12288K)
 Metaspace       used 90484K, committed 91456K, reserved 1179648K
  class space    used 12219K, committed 12672K, reserved 1048576K
}
Event: 436.470 GC heap after
{Heap after GC invocations=34 (full 0):
 garbage-first heap   total 532480K, used 142987K [0x0000000702200000, 0x0000000800000000)
  region size 2048K, 1 young (2048K), 1 survivors (2048K)
 Metaspace       used 90484K, committed 91456K, reserved 1179648K
  class space    used 12219K, committed 12672K, reserved 1048576K
}
Event: 2246.762 GC heap before
{Heap before GC invocations=34 (full 0):
 garbage-first heap   total 532480K, used 394891K [0x0000000702200000, 0x0000000800000000)
  region size 2048K, 124 young (253952K), 1 survivors (2048K)
 Metaspace       used 93634K, committed 94656K, reserved 1179648K
  class space    used 12367K, committed 12864K, reserved 1048576K
}
Event: 2246.766 GC heap after
{Heap after GC invocations=35 (full 0):
 garbage-first heap   total 532480K, used 143159K [0x0000000702200000, 0x0000000800000000)
  region size 2048K, 2 young (4096K), 2 survivors (4096K)
 Metaspace       used 93634K, committed 94656K, reserved 1179648K
  class space    used 12367K, committed 12864K, reserved 1048576K
}
Event: 3323.939 GC heap before
{Heap before GC invocations=35 (full 0):
 garbage-first heap   total 532480K, used 413495K [0x0000000702200000, 0x0000000800000000)
  region size 2048K, 134 young (274432K), 2 survivors (4096K)
 Metaspace       used 94127K, committed 95168K, reserved 1179648K
  class space    used 12378K, committed 12864K, reserved 1048576K
}
Event: 3323.944 GC heap after
{Heap after GC invocations=36 (full 0):
 garbage-first heap   total 532480K, used 143228K [0x0000000702200000, 0x0000000800000000)
  region size 2048K, 2 young (4096K), 2 survivors (4096K)
 Metaspace       used 94127K, committed 95168K, reserved 1179648K
  class space    used 12378K, committed 12864K, reserved 1048576K
}
Event: 4899.249 GC heap before
{Heap before GC invocations=36 (full 0):
 garbage-first heap   total 532480K, used 429948K [0x0000000702200000, 0x0000000800000000)
  region size 2048K, 142 young (290816K), 2 survivors (4096K)
 Metaspace       used 94644K, committed 95616K, reserved 1179648K
  class space    used 12395K, committed 12864K, reserved 1048576K
}
Event: 4899.256 GC heap after
{Heap after GC invocations=37 (full 0):
 garbage-first heap   total 532480K, used 143784K [0x0000000702200000, 0x0000000800000000)
  region size 2048K, 2 young (4096K), 2 survivors (4096K)
 Metaspace       used 94644K, committed 95616K, reserved 1179648K
  class space    used 12395K, committed 12864K, reserved 1048576K
}
Event: 6100.033 GC heap before
{Heap before GC invocations=37 (full 0):
 garbage-first heap   total 532480K, used 440744K [0x0000000702200000, 0x0000000800000000)
  region size 2048K, 147 young (301056K), 2 survivors (4096K)
 Metaspace       used 94799K, committed 95808K, reserved 1179648K
  class space    used 12399K, committed 12928K, reserved 1048576K
}
Event: 6100.039 GC heap after
{Heap after GC invocations=38 (full 0):
 garbage-first heap   total 532480K, used 143926K [0x0000000702200000, 0x0000000800000000)
  region size 2048K, 2 young (4096K), 2 survivors (4096K)
 Metaspace       used 94799K, committed 95808K, reserved 1179648K
  class space    used 12399K, committed 12928K, reserved 1048576K
}

Dll operation events (10 events):
Event: 0.006 Loaded shared library C:\Users\i n f i n i t y\AppData\Local\Programs\Eclipse Adoptium\jdk-17.0.8.101-hotspot\bin\java.dll
Event: 0.023 Loaded shared library C:\Users\i n f i n i t y\AppData\Local\Programs\Eclipse Adoptium\jdk-17.0.8.101-hotspot\bin\jsvml.dll
Event: 0.095 Loaded shared library C:\Users\i n f i n i t y\AppData\Local\Programs\Eclipse Adoptium\jdk-17.0.8.101-hotspot\bin\net.dll
Event: 0.096 Loaded shared library C:\Users\i n f i n i t y\AppData\Local\Programs\Eclipse Adoptium\jdk-17.0.8.101-hotspot\bin\nio.dll
Event: 0.100 Loaded shared library C:\Users\i n f i n i t y\AppData\Local\Programs\Eclipse Adoptium\jdk-17.0.8.101-hotspot\bin\zip.dll
Event: 0.208 Loaded shared library C:\Users\i n f i n i t y\AppData\Local\Programs\Eclipse Adoptium\jdk-17.0.8.101-hotspot\bin\jimage.dll
Event: 1.624 Loaded shared library C:\Users\i n f i n i t y\AppData\Local\Programs\Eclipse Adoptium\jdk-17.0.8.101-hotspot\bin\sunmscapi.dll
Event: 3.848 Loaded shared library C:\Users\i n f i n i t y\AppData\Local\Programs\Eclipse Adoptium\jdk-17.0.8.101-hotspot\bin\management.dll
Event: 3.851 Loaded shared library C:\Users\i n f i n i t y\AppData\Local\Programs\Eclipse Adoptium\jdk-17.0.8.101-hotspot\bin\management_ext.dll
Event: 4.548 Loaded shared library C:\Users\i n f i n i t y\AppData\Local\Programs\Eclipse Adoptium\jdk-17.0.8.101-hotspot\bin\verify.dll

Deoptimization events (20 events):
Event: 6510.909 Thread 0x0000015c7414f110 Uncommon trap: trap_request=0xffffff45 fr.pc=0x0000015c5b591024 relative=0x0000000000000604
Event: 6510.909 Thread 0x0000015c7414f110 Uncommon trap: reason=unstable_if action=reinterpret pc=0x0000015c5b591024 method=com.fasterxml.jackson.core.json.UTF8StreamJsonParser._nextTokenNotInObject(I)Lcom/fasterxml/jackson/core/JsonToken; @ 3 c2
Event: 6510.909 Thread 0x0000015c7414f110 DEOPT PACKING pc=0x0000015c5b591024 sp=0x0000002dc0afaf00
Event: 6510.909 Thread 0x0000015c7414f110 DEOPT UNPACKING pc=0x0000015c5a4869a3 sp=0x0000002dc0afaed8 mode 2
Event: 6814.303 Thread 0x0000015c7414fb30 Uncommon trap: trap_request=0xffffffbe fr.pc=0x0000015c5b826fe4 relative=0x00000000000001c4
Event: 6814.303 Thread 0x0000015c7414c380 Uncommon trap: trap_request=0xffffffbe fr.pc=0x0000015c5b826fe4 relative=0x00000000000001c4
Event: 6814.303 Thread 0x0000015c7414fb30 Uncommon trap: reason=profile_predicate action=maybe_recompile pc=0x0000015c5b826fe4 method=java.util.LinkedHashMap.valuesToArray([Ljava/lang/Object;)[Ljava/lang/Object; @ 12 c2
Event: 6814.303 Thread 0x0000015c7414c380 Uncommon trap: reason=profile_predicate action=maybe_recompile pc=0x0000015c5b826fe4 method=java.util.LinkedHashMap.valuesToArray([Ljava/lang/Object;)[Ljava/lang/Object; @ 12 c2
Event: 6814.303 Thread 0x0000015c7414fb30 DEOPT PACKING pc=0x0000015c5b826fe4 sp=0x0000002dc0cfa540
Event: 6814.303 Thread 0x0000015c7414c380 DEOPT PACKING pc=0x0000015c5b826fe4 sp=0x0000002dc0bfa700
Event: 6814.303 Thread 0x0000015c7414fb30 DEOPT UNPACKING pc=0x0000015c5a4869a3 sp=0x0000002dc0cfa4f8 mode 2
Event: 6814.303 Thread 0x0000015c7414c380 DEOPT UNPACKING pc=0x0000015c5a4869a3 sp=0x0000002dc0bfa6b8 mode 2
Event: 6814.303 Thread 0x0000015c74151990 Uncommon trap: trap_request=0xffffffbe fr.pc=0x0000015c5b826fe4 relative=0x00000000000001c4
Event: 6814.303 Thread 0x0000015c74151990 Uncommon trap: reason=profile_predicate action=maybe_recompile pc=0x0000015c5b826fe4 method=java.util.LinkedHashMap.valuesToArray([Ljava/lang/Object;)[Ljava/lang/Object; @ 12 c2
Event: 6814.303 Thread 0x0000015c74151990 DEOPT PACKING pc=0x0000015c5b826fe4 sp=0x0000002dbfdfa4a0
Event: 6814.303 Thread 0x0000015c74151990 DEOPT UNPACKING pc=0x0000015c5a4869a3 sp=0x0000002dbfdfa458 mode 2
Event: 6814.352 Thread 0x0000015c7414e1e0 Uncommon trap: trap_request=0xffffffbe fr.pc=0x0000015c5b826fe4 relative=0x00000000000001c4
Event: 6814.352 Thread 0x0000015c7414e1e0 Uncommon trap: reason=profile_predicate action=maybe_recompile pc=0x0000015c5b826fe4 method=java.util.LinkedHashMap.valuesToArray([Ljava/lang/Object;)[Ljava/lang/Object; @ 12 c2
Event: 6814.352 Thread 0x0000015c7414e1e0 DEOPT PACKING pc=0x0000015c5b826fe4 sp=0x0000002dc06fa340
Event: 6814.352 Thread 0x0000015c7414e1e0 DEOPT UNPACKING pc=0x0000015c5a4869a3 sp=0x0000002dc06fa2f8 mode 2

Classes unloaded (0 events):
No events

Classes redefined (0 events):
No events

Internal exceptions (20 events):
Event: 3682.235 Thread 0x0000015c7414af40 Exception <a 'sun/nio/fs/WindowsException'{0x000000071fd2cbb0}> (0x000000071fd2cbb0) 
thrown [s\src\hotspot\share\prims\jni.cpp, line 516]
Event: 3697.635 Thread 0x0000015c74151ea0 Exception <a 'sun/nio/fs/WindowsException'{0x000000071fa11940}> (0x000000071fa11940) 
thrown [s\src\hotspot\share\prims\jni.cpp, line 516]
Event: 3706.398 Thread 0x0000015c7414e1e0 Exception <a 'sun/nio/fs/WindowsException'{0x000000071fac9758}> (0x000000071fac9758) 
thrown [s\src\hotspot\share\prims\jni.cpp, line 516]
Event: 3757.568 Thread 0x0000015c74151990 Exception <a 'sun/nio/fs/WindowsException'{0x000000071da3e228}> (0x000000071da3e228) 
thrown [s\src\hotspot\share\prims\jni.cpp, line 516]
Event: 3766.275 Thread 0x0000015c7414f110 Exception <a 'sun/nio/fs/WindowsException'{0x000000071dab6550}> (0x000000071dab6550) 
thrown [s\src\hotspot\share\prims\jni.cpp, line 516]
Event: 3770.525 Thread 0x0000015c7414d2b0 Exception <a 'sun/nio/fs/WindowsException'{0x000000071d87df68}> (0x000000071d87df68) 
thrown [s\src\hotspot\share\prims\jni.cpp, line 516]
Event: 3788.132 Thread 0x0000015c74151990 Exception <a 'sun/nio/fs/WindowsException'{0x000000071d941b68}> (0x000000071d941b68) 
thrown [s\src\hotspot\share\prims\jni.cpp, line 516]
Event: 3802.832 Thread 0x0000015c7414be70 Exception <a 'sun/nio/fs/WindowsException'{0x000000071d9e6530}> (0x000000071d9e6530) 
thrown [s\src\hotspot\share\prims\jni.cpp, line 516]
Event: 3810.112 Thread 0x0000015c7414c380 Exception <a 'sun/nio/fs/WindowsException'{0x000000071d71f270}> (0x000000071d71f270) 
thrown [s\src\hotspot\share\prims\jni.cpp, line 516]
Event: 3815.116 Thread 0x0000015c74151ea0 Exception <a 'sun/nio/fs/WindowsException'{0x000000071d462d50}> (0x000000071d462d50) 
thrown [s\src\hotspot\share\prims\jni.cpp, line 516]
Event: 3929.403 Thread 0x0000015c74151990 Implicit null exception at 0x0000015c5b13b18d to 0x0000015c5b13b60c
Event: 4599.312 Thread 0x0000015c7414c380 Implicit null exception at 0x0000015c5b5fddc0 to 0x0000015c5b603a00
Event: 5388.270 Thread 0x0000015c7414c890 Implicit null exception at 0x0000015c5b707835 to 0x0000015c5b707afc
Event: 5389.274 Thread 0x0000015c7414c890 Implicit null exception at 0x0000015c5b707835 to 0x0000015c5b707afc
Event: 5390.272 Thread 0x0000015c7414c890 Implicit null exception at 0x0000015c5b707835 to 0x0000015c5b707afc
Event: 5391.271 Thread 0x0000015c7414c890 Implicit null exception at 0x0000015c5b707835 to 0x0000015c5b707afc
Event: 5765.516 Thread 0x0000015c7414be70 Implicit null exception at 0x0000015c5b737ea8 to 0x0000015c5b7394c8
Event: 5774.775 Thread 0x0000015c7414c380 Implicit null exception at 0x0000015c5b73ac28 to 0x0000015c5b73af84
Event: 6204.883 Thread 0x0000015c7414af40 Exception <a 'java/lang/reflect/InvocationTargetException'{0x000000071fa8f308}> (0x000000071fa8f308) 
thrown [s\src\hotspot\share\runtime\reflection.cpp, line 1121]
Event: 6204.885 Thread 0x0000015c7414af40 Exception <a 'java/lang/reflect/InvocationTargetException'{0x000000071faa2130}> (0x000000071faa2130) 
thrown [s\src\hotspot\share\runtime\reflection.cpp, line 1121]

VM Operations (20 events):
Event: 7043.837 Executing VM operation: Cleanup
Event: 7043.837 Executing VM operation: Cleanup done
Event: 7044.841 Executing VM operation: Cleanup
Event: 7044.841 Executing VM operation: Cleanup done
Event: 7093.008 Executing VM operation: HandshakeAllThreads
Event: 7093.008 Executing VM operation: HandshakeAllThreads done
Event: 7110.130 Executing VM operation: Cleanup
Event: 7110.130 Executing VM operation: Cleanup done
Event: 7113.159 Executing VM operation: Cleanup
Event: 7113.159 Executing VM operation: Cleanup done
Event: 7153.226 Executing VM operation: HandshakeAllThreads
Event: 7153.226 Executing VM operation: HandshakeAllThreads done
Event: 7160.271 Executing VM operation: Cleanup
Event: 7160.271 Executing VM operation: Cleanup done
Event: 7163.298 Executing VM operation: Cleanup
Event: 7163.298 Executing VM operation: Cleanup done
Event: 7213.234 Executing VM operation: HandshakeAllThreads
Event: 7213.234 Executing VM operation: HandshakeAllThreads done
Event: 7231.328 Executing VM operation: Cleanup
Event: 7231.328 Executing VM operation: Cleanup done

Events (20 events):
Event: 7071.774 Thread 0x0000015c73f5c8b0 Thread added: 0x0000015c73f5c8b0
Event: 7071.775 Thread 0x0000015c73f5ed80 Thread added: 0x0000015c73f5ed80
Event: 7076.788 Thread 0x0000015c73f5c8b0 Thread exited: 0x0000015c73f5c8b0
Event: 7076.834 Thread 0x0000015c73f5ed80 Thread exited: 0x0000015c73f5ed80
Event: 7090.530 Thread 0x0000015c73d4eea0 Thread added: 0x0000015c73d4eea0
Event: 7090.531 Thread 0x0000015c76feaff0 Thread added: 0x0000015c76feaff0
Event: 7095.537 Thread 0x0000015c73d4eea0 Thread exited: 0x0000015c73d4eea0
Event: 7095.584 Thread 0x0000015c76feaff0 Thread exited: 0x0000015c76feaff0
Event: 7111.866 Thread 0x0000015c7646d4c0 Thread added: 0x0000015c7646d4c0
Event: 7111.867 Thread 0x0000015c73f5f290 Thread added: 0x0000015c73f5f290
Event: 7116.870 Thread 0x0000015c7646d4c0 Thread exited: 0x0000015c7646d4c0
Event: 7116.916 Thread 0x0000015c73f5f290 Thread exited: 0x0000015c73f5f290
Event: 7117.706 Thread 0x0000015c73f5f7a0 Thread added: 0x0000015c73f5f7a0
Event: 7117.707 Thread 0x0000015c73f5c3a0 Thread added: 0x0000015c73f5c3a0
Event: 7131.221 Thread 0x0000015c73f5f7a0 Thread exited: 0x0000015c73f5f7a0
Event: 7131.268 Thread 0x0000015c73f5c3a0 Thread exited: 0x0000015c73f5c3a0
Event: 7132.365 Thread 0x0000015c7646d9d0 Thread added: 0x0000015c7646d9d0
Event: 7132.366 Thread 0x0000015c76c54d00 Thread added: 0x0000015c76c54d00
Event: 7137.367 Thread 0x0000015c7646d9d0 Thread exited: 0x0000015c7646d9d0
Event: 7137.412 Thread 0x0000015c76c54d00 Thread exited: 0x0000015c76c54d00


Dynamic libraries:
0x00007ff694060000 - 0x00007ff69406e000 	C:\Users\i n f i n i t y\AppData\Local\Programs\Eclipse Adoptium\jdk-17.0.8.101-hotspot\bin\java.exe
0x00007fff04b90000 - 0x00007fff04d88000 	C:\Windows\SYSTEM32\ntdll.dll
0x00007fff02c30000 - 0x00007fff02cf2000 	C:\Windows\System32\KERNEL32.DLL
0x00007fff028c0000 - 0x00007fff02bb6000 	C:\Windows\System32\KERNELBASE.dll
0x00007fff02470000 - 0x00007fff02570000 	C:\Windows\System32\ucrtbase.dll
0x00007ffe9ac60000 - 0x00007ffe9ac79000 	C:\Users\i n f i n i t y\AppData\Local\Programs\Eclipse Adoptium\jdk-17.0.8.101-hotspot\bin\VCRUNTIME140.dll
0x00007ffea9690000 - 0x00007ffea96a7000 	C:\Users\i n f i n i t y\AppData\Local\Programs\Eclipse Adoptium\jdk-17.0.8.101-hotspot\bin\jli.dll
0x00007fff04780000 - 0x00007fff0491d000 	C:\Windows\System32\USER32.dll
0x00007ffeeeb80000 - 0x00007ffeeee1a000 	C:\Windows\WinSxS\amd64_microsoft.windows.common-controls_6595b64144ccf1df_6.0.19041.5794_none_60bcd33171f2783c\COMCTL32.dll
0x00007fff02890000 - 0x00007fff028b2000 	C:\Windows\System32\win32u.dll
0x00007fff046e0000 - 0x00007fff0477e000 	C:\Windows\System32\msvcrt.dll
0x00007fff04ae0000 - 0x00007fff04b0b000 	C:\Windows\System32\GDI32.dll
0x00007fff02620000 - 0x00007fff0273a000 	C:\Windows\System32\gdi32full.dll
0x00007fff027f0000 - 0x00007fff0288d000 	C:\Windows\System32\msvcp_win.dll
0x00007fff04b20000 - 0x00007fff04b4f000 	C:\Windows\System32\IMM32.DLL
0x00007ffeaa2d0000 - 0x00007ffeaa2dc000 	C:\Users\i n f i n i t y\AppData\Local\Programs\Eclipse Adoptium\jdk-17.0.8.101-hotspot\bin\vcruntime140_1.dll
0x00007ffe53e20000 - 0x00007ffe53eb1000 	C:\Users\i n f i n i t y\AppData\Local\Programs\Eclipse Adoptium\jdk-17.0.8.101-hotspot\bin\msvcp140.dll
0x00007ffe3e970000 - 0x00007ffe3f5bc000 	C:\Users\i n f i n i t y\AppData\Local\Programs\Eclipse Adoptium\jdk-17.0.8.101-hotspot\bin\server\jvm.dll
0x00007fff04990000 - 0x00007fff04a3f000 	C:\Windows\System32\ADVAPI32.dll
0x00007fff04a40000 - 0x00007fff04adf000 	C:\Windows\System32\sechost.dll
0x00007fff041f0000 - 0x00007fff04313000 	C:\Windows\System32\RPCRT4.dll
0x00007fff025f0000 - 0x00007fff02617000 	C:\Windows\System32\bcrypt.dll
0x00007fff01770000 - 0x00007fff017bb000 	C:\Windows\SYSTEM32\POWRPROF.dll
0x00007ffeeccc0000 - 0x00007ffeeccc9000 	C:\Windows\SYSTEM32\WSOCK32.dll
0x00007ffeefc10000 - 0x00007ffeefc37000 	C:\Windows\SYSTEM32\WINMM.dll
0x00007ffefcf50000 - 0x00007ffefcf5a000 	C:\Windows\SYSTEM32\VERSION.dll
0x00007fff04920000 - 0x00007fff0498b000 	C:\Windows\System32\WS2_32.dll
0x00007fff01630000 - 0x00007fff01642000 	C:\Windows\SYSTEM32\UMPDC.dll
0x00007fff000b0000 - 0x00007fff000c2000 	C:\Windows\SYSTEM32\kernel.appcore.dll
0x00007ffea9620000 - 0x00007ffea962a000 	C:\Users\i n f i n i t y\AppData\Local\Programs\Eclipse Adoptium\jdk-17.0.8.101-hotspot\bin\jimage.dll
0x00007ffeef040000 - 0x00007ffeef241000 	C:\Windows\SYSTEM32\DBGHELP.DLL
0x00007ffeeb150000 - 0x00007ffeeb184000 	C:\Windows\SYSTEM32\dbgcore.DLL
0x00007fff02390000 - 0x00007fff02412000 	C:\Windows\System32\bcryptPrimitives.dll
0x00007ffe80d70000 - 0x00007ffe80d95000 	C:\Users\i n f i n i t y\AppData\Local\Programs\Eclipse Adoptium\jdk-17.0.8.101-hotspot\bin\java.dll
0x00007ffe45550000 - 0x00007ffe45626000 	C:\Users\i n f i n i t y\AppData\Local\Programs\Eclipse Adoptium\jdk-17.0.8.101-hotspot\bin\jsvml.dll
0x00007fff030a0000 - 0x00007fff0380e000 	C:\Windows\System32\SHELL32.dll
0x00007fff002b0000 - 0x00007fff00a53000 	C:\Windows\SYSTEM32\windows.storage.dll
0x00007fff03dc0000 - 0x00007fff04113000 	C:\Windows\System32\combase.dll
0x00007fff01c60000 - 0x00007fff01c8b000 	C:\Windows\SYSTEM32\Wldp.dll
0x00007fff04120000 - 0x00007fff041ed000 	C:\Windows\System32\OLEAUT32.dll
0x00007fff02d00000 - 0x00007fff02dad000 	C:\Windows\System32\SHCORE.dll
0x00007fff02f20000 - 0x00007fff02f75000 	C:\Windows\System32\shlwapi.dll
0x00007fff02160000 - 0x00007fff02185000 	C:\Windows\SYSTEM32\profapi.dll
0x00007ffe9aa80000 - 0x00007ffe9aa99000 	C:\Users\i n f i n i t y\AppData\Local\Programs\Eclipse Adoptium\jdk-17.0.8.101-hotspot\bin\net.dll
0x00007ffefb020000 - 0x00007ffefb12a000 	C:\Windows\SYSTEM32\WINHTTP.dll
0x00007fff019c0000 - 0x00007fff01a2c000 	C:\Windows\system32\mswsock.dll
0x00007ffe948e0000 - 0x00007ffe948f5000 	C:\Users\i n f i n i t y\AppData\Local\Programs\Eclipse Adoptium\jdk-17.0.8.101-hotspot\bin\nio.dll
0x00007ffe94200000 - 0x00007ffe94218000 	C:\Users\i n f i n i t y\AppData\Local\Programs\Eclipse Adoptium\jdk-17.0.8.101-hotspot\bin\zip.dll
0x00007ffed9d50000 - 0x00007ffed9d5e000 	C:\Users\i n f i n i t y\AppData\Local\Programs\Eclipse Adoptium\jdk-17.0.8.101-hotspot\bin\sunmscapi.dll
0x00007fff02230000 - 0x00007fff0238d000 	C:\Windows\System32\CRYPT32.dll
0x00007fff01cd0000 - 0x00007fff01cf7000 	C:\Windows\SYSTEM32\ncrypt.dll
0x00007fff01c90000 - 0x00007fff01ccb000 	C:\Windows\SYSTEM32\NTASN1.dll
0x00007fff01bc0000 - 0x00007fff01bd8000 	C:\Windows\SYSTEM32\CRYPTSP.dll
0x00007fff01270000 - 0x00007fff012a8000 	C:\Windows\system32\rsaenh.dll
0x00007fff02120000 - 0x00007fff0214e000 	C:\Windows\SYSTEM32\USERENV.dll
0x00007fff01bb0000 - 0x00007fff01bbc000 	C:\Windows\SYSTEM32\CRYPTBASE.dll
0x00007fff01650000 - 0x00007fff0168b000 	C:\Windows\SYSTEM32\IPHLPAPI.DLL
0x00007fff04b10000 - 0x00007fff04b18000 	C:\Windows\System32\NSI.dll
0x00007ffefca20000 - 0x00007ffefca37000 	C:\Windows\SYSTEM32\dhcpcsvc6.DLL
0x00007ffefc920000 - 0x00007ffefc93d000 	C:\Windows\SYSTEM32\dhcpcsvc.DLL
0x00007fff016a0000 - 0x00007fff0176a000 	C:\Windows\SYSTEM32\DNSAPI.dll
0x00007ffeff2e0000 - 0x00007ffeff2e9000 	C:\Users\i n f i n i t y\AppData\Local\Programs\Eclipse Adoptium\jdk-17.0.8.101-hotspot\bin\management.dll
0x00007ffefc8f0000 - 0x00007ffefc8fb000 	C:\Users\i n f i n i t y\AppData\Local\Programs\Eclipse Adoptium\jdk-17.0.8.101-hotspot\bin\management_ext.dll
0x00007fff02c20000 - 0x00007fff02c28000 	C:\Windows\System32\PSAPI.DLL
0x00007ffea8ff0000 - 0x00007ffea9000000 	C:\Users\i n f i n i t y\AppData\Local\Programs\Eclipse Adoptium\jdk-17.0.8.101-hotspot\bin\verify.dll
0x00007ffefaf50000 - 0x00007ffefaf5a000 	C:\Windows\System32\rasadhlp.dll
0x00007ffef7fb0000 - 0x00007ffef8030000 	C:\Windows\System32\fwpuclnt.dll
0x00007ffe941b0000 - 0x00007ffe941b7000 	C:\Windows\system32\wshunix.dll

dbghelp: loaded successfully - version: 4.0.5 - missing functions: none
symbol engine: initialized successfully - sym options: 0x614 - pdb path: .;C:\Users\i n f i n i t y\AppData\Local\Programs\Eclipse Adoptium\jdk-17.0.8.101-hotspot\bin;C:\Windows\SYSTEM32;C:\Windows\WinSxS\amd64_microsoft.windows.common-controls_6595b64144ccf1df_6.0.19041.5794_none_60bcd33171f2783c;C:\Users\i n f i n i t y\AppData\Local\Programs\Eclipse Adoptium\jdk-17.0.8.101-hotspot\bin\server

VM Arguments:
jvm_args: -Dfile.encoding=windows-1252 -Duser.country=US -Duser.language=en -Duser.variant 
java_command: com.example.ecodb.Application
java_class_path (initial): D:\GP\Final_imp\BACKEND\demo\build\classes\java\main;D:\GP\Final_imp\BACKEND\demo\build\resources\main;C:\Users\i n f i n i t y\.gradle\caches\modules-2\files-2.1\org.springframework.boot\spring-boot-starter-data-jpa\3.4.3\29c90fec6e887dc01df09ea4c3548b5a04b7afb4\spring-boot-starter-data-jpa-3.4.3.jar;C:\Users\i n f i n i t y\.gradle\caches\modules-2\files-2.1\org.springframework.boot\spring-boot-starter-web\3.4.3\87e7a401e7d249fefc7f372f5681e8620234624c\spring-boot-starter-web-3.4.3.jar;C:\Users\i n f i n i t y\.gradle\caches\modules-2\files-2.1\org.springframework.boot\spring-boot-starter-security\3.4.3\b474a2f9fdd7e46cfb662b13bb38d9da9e7682d0\spring-boot-starter-security-3.4.3.jar;C:\Users\i n f i n i t y\.gradle\caches\modules-2\files-2.1\org.springframework.boot\spring-boot-starter-validation\3.4.3\cbbea0ff19a55bc84926a04be99045c7eba2420\spring-boot-starter-validation-3.4.3.jar;C:\Users\i n f i n i t y\.gradle\caches\modules-2\files-2.1\org.springframework.boot\spring-boot-starter-mail\3.4.3\e9f326755180984e7166c829c48552f12762e596\spring-boot-starter-mail-3.4.3.jar;C:\Users\i n f i n i t y\.gradle\caches\modules-2\files-2.1\io.jsonwebtoken\jjwt-impl\0.11.5\40a599f0e8a8e4e0701596fbb15e67bfda64fdf0\jjwt-impl-0.11.5.jar;C:\Users\i n f i n i t y\.gradle\caches\modules-2\files-2.1\io.jsonwebtoken\jjwt-jackson\0.11.5\3b83a06809e98a69402d7333dcf67df6f6ea4579\jjwt-jackson-0.11.5.jar;C:\Users\i n f i n i t y\.gradle\caches\modules-2\files-2.1\io.jsonwebtoken\jjwt-api\0.11.5\f742940045619d06383e7df37b21ac422b476cf1\jjwt-api-0.11.5.jar;C:\Users\i n f i n i t y\.gradle\caches\modules-2\files-2.1\org.springdoc\springdoc-openapi-starter-webmvc-ui\2.3.0\b4af31e9d40539c94f8debbf760134d961333c24\springdoc-openapi-starter-webmvc-ui-2.3.0.jar;C:\Users\i n f i n i t y\.gradle\caches\modules-2\files-2.1\com.mysql\mysql-connector-j\9.1.0\5fb1d513278e1a9767dfa80ea9d8d7ee909f1a\mysql-connector-j-9.1.0.jar;C:\Users\i n f i n i t y\.gradle\caches\modules-2\
Launcher Type: SUN_STANDARD

[Global flags]
     intx CICompilerCount                          = 4                                         {product} {ergonomic}
     uint ConcGCThreads                            = 2                                         {product} {ergonomic}
     uint G1ConcRefinementThreads                  = 8                                         {product} {ergonomic}
   size_t G1HeapRegionSize                         = 2097152                                   {product} {ergonomic}
    uintx GCDrainStackTargetSize                   = 64                                        {product} {ergonomic}
   size_t InitialHeapSize                          = 266338304                                 {product} {ergonomic}
   size_t MarkStackSize                            = 4194304                                   {product} {ergonomic}
   size_t MaxHeapSize                              = 4259315712                                {product} {ergonomic}
   size_t MaxNewSize                               = 2554331136                                {product} {ergonomic}
   size_t MinHeapDeltaBytes                        = 2097152                                   {product} {ergonomic}
   size_t MinHeapSize                              = 8388608                                   {product} {ergonomic}
    uintx NonNMethodCodeHeapSize                   = 5839372                                {pd product} {ergonomic}
    uintx NonProfiledCodeHeapSize                  = 122909434                              {pd product} {ergonomic}
    uintx ProfiledCodeHeapSize                     = 122909434                              {pd product} {ergonomic}
    uintx ReservedCodeCacheSize                    = 251658240                              {pd product} {ergonomic}
     bool SegmentedCodeCache                       = true                                      {product} {ergonomic}
   size_t SoftMaxHeapSize                          = 4259315712                             {manageable} {ergonomic}
     bool UseCompressedClassPointers               = true                           {product lp64_product} {ergonomic}
     bool UseCompressedOops                        = true                           {product lp64_product} {ergonomic}
     bool UseG1GC                                  = true                                      {product} {ergonomic}
     bool UseLargePagesIndividualAllocation        = false                                  {pd product} {ergonomic}

Logging:
Log output configuration:
 #0: stdout all=warning uptime,level,tags
 #1: stderr all=off uptime,level,tags

Environment Variables:
JAVA_HOME=C:\Users\i n f i n i t y\AppData\Local\Programs\Eclipse Adoptium\jdk-17.0.8.101-hotspot\
PATH=C:\Users\i n f i n i t y\AppData\Local\Programs\Python\Python312\Scripts\;C:\Users\i n f i n i t y\AppData\Local\Programs\Python\Python312\;C:\Program Files\Common Files\Oracle\Java\javapath;C:\Program Files (x86)\Common Files\Oracle\Java\java8path;C:\Program Files (x86)\Common Files\Oracle\Java\javapath;C:\Windows\system32;C:\Windows;C:\Windows\System32\Wbem;C:\Windows\System32\WindowsPowerShell\v1.0\;C:\Windows\System32\OpenSSH\;C:\Program Files (x86)\NVIDIA Corporation\PhysX\Common;C:\Program Files\Git\cmd;C:\Program Files\Microsoft SQL Server\150\Tools\Binn\;C:\Program Files\Microsoft SQL Server\Client SDK\ODBC\170\Tools\Binn\;C:\Program Files\dotnet\;C:\Program Files (x86)\Windows Kits\10\Windows Performance Toolkit\;C:\Program Files (x86)\Microsoft SQL Server\160\Tools\Binn\;C:\Program Files\Microsoft SQL Server\160\Tools\Binn\;C:\Program Files\Microsoft SQL Server\160\DTS\Binn\;C:\Program Files\MySQL\MySQL Server 8.0\bin;C:\ProgramData\chocolatey\bin;C:\Program Files\MongoDB\DatabaseTools\bin;C:\Users\i n f i n i t y\AppData\Local\Android\Sdk\platform-tools\;C:\SDKs\Android\flutter\bin\cache\dart-sdk\bin;C:\Users\i n f i n i t y\AppData\Local\Pub\Cache\bin\;C:\Users\i n f i n i t y\AppData\Local\nvm;C:\nvm4w\nodejs;C:\Users\i n f i n i t y\AppData\Local\nvm;C:\Program Files\Apache\maven-mvnd-2.0.0-rc-3-windows-amd64\mvn\bin;;C:\Program Files\NVIDIA Corporation\NVIDIA App\NvDLISR;C:\Program Files\MySQL\MySQL Shell 8.0\bin\;C:\Users\i n f i n i t y\AppData\Local\Programs\Eclipse Adoptium\jdk-17.0.8.101-hotspot\bin;C:\Users\i n f i n i t y\AppData\Local\Microsoft\WindowsApps;C:\SDKs\Android\flutter\bin;C:\Users\i n f i n i t y\.dotnet\tools;C:\Users\i n f i n i t y\AppData\Local\Programs\Microsoft VS Code\bin;C:\Users\i n f i n i t y\AppData\Local\Programs\Azure Data Studio\bin;C:\Users\i n f i n i t y\AppData\Local\GitHubDesktop\bin;C:\Program Files\JetBrains\IntelliJ IDEA 2023.3.6\bin;;C:\Users\i n f i n i t y\AppData\Local\JetBrains\IntelliJ IDEA Community 
USERNAME=ics
OS=Windows_NT
PROCESSOR_IDENTIFIER=Intel64 Family 6 Model 158 Stepping 9, GenuineIntel
TMP=C:\Users\INFINI~1\AppData\Local\Temp
TEMP=C:\Users\INFINI~1\AppData\Local\Temp



---------------  S Y S T E M  ---------------

OS:
 Windows 10 , 64 bit Build 19041 (10.0.19041.5794)
OS uptime: 0 days 11:30 hours

CPU: total 8 (initial active 8) (4 cores per cpu, 2 threads per core) family 6 model 158 stepping 9 microcode 0xb4, cx8, cmov, fxsr, ht, mmx, 3dnowpref, sse, sse2, sse3, ssse3, sse4.1, sse4.2, popcnt, lzcnt, tsc, tscinvbit, avx, avx2, aes, erms, clmul, bmi1, bmi2, adx, fma, vzeroupper, clflush, clflushopt
Processor Information for all 8 processors :
  Max Mhz: 2801, Current Mhz: 2801, Mhz Limit: 2801

Memory: 4k page, system-wide physical 16245M (2459M free)
TotalPageFile size 22113M (AvailPageFile size 56M)
current process WorkingSet (physical memory assigned to process): 518M, peak: 767M
current process commit charge ("private bytes"): 858M, peak: 942M

vm_info: OpenJDK 64-Bit Server VM (17.0.8.1+1) for windows-amd64 JRE (17.0.8.1+1), built on Aug 23 2023 15:29:17 by "admin" with MS VC++ 16.7 (VS2019)

END.
