#
# There is insufficient memory for the Java Runtime Environment to continue.
# Native memory allocation (malloc) failed to allocate 1048576 bytes. Error detail: AllocateHeap
# Possible reasons:
#   The system is out of physical RAM or swap space
#   This process is running with CompressedOops enabled, and the Java Heap may be blocking the growth of the native heap
# Possible solutions:
#   Reduce memory load on the system
#   Increase physical memory or swap space
#   Check if swap backing store is full
#   Decrease Java heap size (-Xmx/-Xms)
#   Decrease number of Java threads
#   Decrease Java thread stack sizes (-Xss)
#   Set larger code cache with -XX:ReservedCodeCacheSize=
#   JVM is running with Unscaled Compressed Oops mode in which the Java heap is
#     placed in the first 4GB address space. The Java Heap base address is the
#     maximum limit for the native heap growth. Please use -XX:HeapBaseMinAddress
#     to set the Java Heap base and to place the Java Heap above 4GB virtual address.
# This output file may be truncated or incomplete.
#
#  Out of Memory Error (allocation.cpp:44), pid=21280, tid=19820
#
# JRE version:  (21.0.7+6) (build )
# Java VM: OpenJDK 64-Bit Server VM (21.0.7+6-LTS, mixed mode, tiered, compressed oops, compressed class ptrs, parallel gc, windows-amd64)
# No core dump will be written. Minidumps are not enabled by default on client versions of Windows
#

---------------  S U M M A R Y ------------

Command Line: --add-modules=ALL-SYSTEM --add-opens=java.base/java.util=ALL-UNNAMED --add-opens=java.base/java.lang=ALL-UNNAMED --add-opens=java.base/sun.nio.fs=ALL-UNNAMED -Declipse.application=org.eclipse.jdt.ls.core.id1 -Dosgi.bundles.defaultStartLevel=4 -Declipse.product=org.eclipse.jdt.ls.core.product -Djava.import.generatesMetadataFilesAtProjectRoot=false -DDetectVMInstallationsJob.disabled=true -Dfile.encoding=utf8 -XX:+UseParallelGC -XX:GCTimeRatio=4 -XX:AdaptiveSizePolicyWeight=90 -Dsun.zip.disableMemoryMapping=true -Xmx2G -Xms100m -Xlog:disable -javaagent:c:\Users\i n f i n i t y\.vscode\extensions\redhat.java-1.43.0-win32-x64\lombok\lombok-1.18.39-4050.jar -XX:+HeapDumpOnOutOfMemoryError -XX:HeapDumpPath=c:\Users\i n f i n i t y\AppData\Roaming\Code\User\workspaceStorage\4ca01db43b3517ea70915ca51dddf76f\redhat.java -Daether.dependencyCollector.impl=bf c:\Users\i n f i n i t y\.vscode\extensions\redhat.java-1.43.0-win32-x64\server\plugins\org.eclipse.equinox.launcher_1.7.0.v20250519-0528.jar -configuration c:\Users\i n f i n i t y\AppData\Roaming\Code\User\globalStorage\redhat.java\1.43.0\config_win -data c:\Users\i n f i n i t y\AppData\Roaming\Code\User\workspaceStorage\4ca01db43b3517ea70915ca51dddf76f\redhat.java\jdt_ws --pipe=\\.\pipe\lsp-b52fcf22b3b5580a9597664c61adc34f-sock

Host: Intel(R) Core(TM) i7-7700HQ CPU @ 2.80GHz, 8 cores, 15G,  Windows 10 , 64 bit Build 19041 (10.0.19041.5915)
Time: Thu Jul  3 04:29:10 2025 Egypt Daylight Time elapsed time: 0.105317 seconds (0d 0h 0m 0s)

---------------  T H R E A D  ---------------

Current thread (0x0000029f902a8420):  JavaThread "Unknown thread" [_thread_in_vm, id=19820, stack(0x000000e187100000,0x000000e187200000) (1024K)]

Stack: [0x000000e187100000,0x000000e187200000]
Native frames: (J=compiled Java code, j=interpreted, Vv=VM code, C=native code)
V  [jvm.dll+0x6ce119]
V  [jvm.dll+0x8a84a1]
V  [jvm.dll+0x8aa9ce]
V  [jvm.dll+0x8ab0b3]
V  [jvm.dll+0x27f8a6]
V  [jvm.dll+0xbfba7]
V  [jvm.dll+0x702092]
V  [jvm.dll+0x702dcc]
V  [jvm.dll+0x6dcc63]
V  [jvm.dll+0x871dbc]
V  [jvm.dll+0x3bc47c]
V  [jvm.dll+0x85a848]
V  [jvm.dll+0x45080e]
V  [jvm.dll+0x452451]
C  [jli.dll+0x5278]
C  [ucrtbase.dll+0x21bb2]
C  [KERNEL32.DLL+0x17374]
C  [ntdll.dll+0x4cc91]


---------------  P R O C E S S  ---------------

Threads class SMR info:
_java_thread_list=0x0000029f9259e460, length=1, elements={
0x0000029f902a8420
}

Java Threads: ( => current thread )
=>0x0000029f902a8420 JavaThread "Unknown thread"             [_thread_in_vm, id=19820, stack(0x000000e187100000,0x000000e187200000) (1024K)]
Total: 1

Other Threads:
  0x0000029f9259f0e0 WatcherThread "VM Periodic Task Thread"        [id=22364, stack(0x000000e187300000,0x000000e187400000) (1024K)]
  0x0000029f92552240 WorkerThread "GC Thread#0"                     [id=19580, stack(0x000000e187200000,0x000000e187300000) (1024K)]
Total: 2

Threads with active compile tasks:
Total: 0

VM state: not at safepoint (normal execution)

VM Mutex/Monitor currently owned by a thread: None

Heap address: 0x0000000080000000, size: 2048 MB, Compressed Oops mode: 32-bit

CDS archive(s) not mapped
Compressed class space mapped at: 0x0000000100000000-0x0000000140000000, reserved size: 1073741824
Narrow klass base: 0x0000000000000000, Narrow klass shift: 3, Narrow klass range: 0x140000000

GC Precious Log:
 CardTable entry size: 512
 CPUs: 8 total, 8 available
 Memory: 16245M
 Large Page Support: Disabled
 NUMA Support: Disabled
 Compressed Oops: Enabled (32-bit)
 Alignments: Space 512K, Generation 512K, Heap 2M
 Heap Min Capacity: 100M
 Heap Initial Capacity: 100M
 Heap Max Capacity: 2G
 Pre-touch: Disabled
 Parallel Workers: 8

Heap:
 PSYoungGen      total 29696K, used 512K [0x00000000d5580000, 0x00000000d7680000, 0x0000000100000000)
  eden space 25600K, 2% used [0x00000000d5580000,0x00000000d5600070,0x00000000d6e80000)
  from space 4096K, 0% used [0x00000000d7280000,0x00000000d7280000,0x00000000d7680000)
  to   space 4096K, 0% used [0x00000000d6e80000,0x00000000d6e80000,0x00000000d7280000)
 ParOldGen       total 68608K, used 0K [0x0000000080000000, 0x0000000084300000, 0x00000000d5580000)
  object space 68608K, 0% used [0x0000000080000000,0x0000000080000000,0x0000000084300000)
 Metaspace       used 1392K, committed 1472K, reserved 1114112K
  class space    used 109K, committed 128K, reserved 1048576K

Card table byte_map: [0x0000029f91ee0000,0x0000029f922f0000] _byte_map_base: 0x0000029f91ae0000

Marking Bits: (ParMarkBitMap*) 0x00007fffcb1631f0
 Begin Bits: [0x0000029fa49e0000, 0x0000029fa69e0000)
 End Bits:   [0x0000029fa69e0000, 0x0000029fa89e0000)

Polling page: 0x0000029f90410000

Metaspace:

Usage:
  Non-class:      1.25 MB used.
      Class:    109.62 KB used.
       Both:      1.36 MB used.

Virtual space:
  Non-class space:       64.00 MB reserved,       1.31 MB (  2%) committed,  1 nodes.
      Class space:        1.00 GB reserved,     128.00 KB ( <1%) committed,  1 nodes.
             Both:        1.06 GB reserved,       1.44 MB ( <1%) committed. 

Chunk freelists:
   Non-Class:  12.00 MB
       Class:  15.75 MB
        Both:  27.75 MB

MaxMetaspaceSize: unlimited
CompressedClassSpaceSize: 1.00 GB
Initial GC threshold: 21.00 MB
Current GC threshold: 17179869184.00 GB
CDS: off
 - commit_granule_bytes: 65536.
 - commit_granule_words: 8192.
 - virtual_space_node_default_size: 8388608.
 - enlarge_chunks_in_place: 1.
 - use_allocation_guard: 0.


Internal statistics:

num_allocs_failed_limit: 0.
num_arena_births: 2.
num_arena_deaths: 0.
num_vsnodes_births: 2.
num_vsnodes_deaths: 0.
num_space_committed: 23.
num_space_uncommitted: 0.
num_chunks_returned_to_freelist: 0.
num_chunks_taken_from_freelist: 3.
num_chunk_merges: 0.
num_chunk_splits: 2.
num_chunks_enlarged: 0.
num_inconsistent_stats: 0.

CodeHeap 'non-profiled nmethods': size=120000Kb used=0Kb max_used=0Kb free=120000Kb
 bounds [0x0000029f9d200000, 0x0000029f9d470000, 0x0000029fa4730000]
CodeHeap 'profiled nmethods': size=120000Kb used=0Kb max_used=0Kb free=120000Kb
 bounds [0x0000029f95730000, 0x0000029f959a0000, 0x0000029f9cc60000]
CodeHeap 'non-nmethods': size=5760Kb used=194Kb max_used=342Kb free=5565Kb
 bounds [0x0000029f9cc60000, 0x0000029f9ced0000, 0x0000029f9d200000]
 total_blobs=70 nmethods=0 adapters=48
 compilation: enabled
              stopped_count=0, restarted_count=0
 full_count=0

Compilation events (0 events):
No events

GC Heap History (0 events):
No events

Dll operation events (2 events):
Event: 0.016 Loaded shared library c:\Users\i n f i n i t y\.vscode\extensions\redhat.java-1.43.0-win32-x64\jre\21.0.7-win32-x86_64\bin\java.dll
Event: 0.028 Loaded shared library c:\Users\i n f i n i t y\.vscode\extensions\redhat.java-1.43.0-win32-x64\jre\21.0.7-win32-x86_64\bin\zip.dll

Deoptimization events (0 events):
No events

Classes loaded (20 events):
Event: 0.095 Loading class java/util/Iterator
Event: 0.095 Loading class java/util/Iterator done
Event: 0.095 Loading class java/lang/reflect/RecordComponent
Event: 0.095 Loading class java/lang/reflect/RecordComponent done
Event: 0.095 Loading class jdk/internal/vm/vector/VectorSupport
Event: 0.096 Loading class jdk/internal/vm/vector/VectorSupport done
Event: 0.096 Loading class jdk/internal/vm/vector/VectorSupport$VectorPayload
Event: 0.096 Loading class jdk/internal/vm/vector/VectorSupport$VectorPayload done
Event: 0.096 Loading class jdk/internal/vm/vector/VectorSupport$Vector
Event: 0.096 Loading class jdk/internal/vm/vector/VectorSupport$Vector done
Event: 0.096 Loading class jdk/internal/vm/vector/VectorSupport$VectorMask
Event: 0.096 Loading class jdk/internal/vm/vector/VectorSupport$VectorMask done
Event: 0.096 Loading class jdk/internal/vm/vector/VectorSupport$VectorShuffle
Event: 0.096 Loading class jdk/internal/vm/vector/VectorSupport$VectorShuffle done
Event: 0.096 Loading class jdk/internal/vm/FillerObject
Event: 0.096 Loading class jdk/internal/vm/FillerObject done
Event: 0.099 Loading class java/lang/NullPointerException
Event: 0.099 Loading class java/lang/NullPointerException done
Event: 0.099 Loading class java/lang/ArithmeticException
Event: 0.099 Loading class java/lang/ArithmeticException done

Classes unloaded (0 events):
No events

Classes redefined (0 events):
No events

Internal exceptions (0 events):
No events

ZGC Phase Switch (0 events):
No events

VM Operations (0 events):
No events

Memory protections (0 events):
No events

Nmethod flushes (0 events):
No events

Events (1 events):
Event: 0.026 Thread 0x0000029f902a8420 Thread added: 0x0000029f902a8420


Dynamic libraries:
0x00007ff73d4f0000 - 0x00007ff73d4fe000 	c:\Users\i n f i n i t y\.vscode\extensions\redhat.java-1.43.0-win32-x64\jre\21.0.7-win32-x86_64\bin\java.exe
0x00007ff841730000 - 0x00007ff841928000 	C:\Windows\SYSTEM32\ntdll.dll
0x00007ff83f9c0000 - 0x00007ff83fa82000 	C:\Windows\System32\KERNEL32.DLL
0x00007ff83f320000 - 0x00007ff83f616000 	C:\Windows\System32\KERNELBASE.dll
0x00007ff83f0b0000 - 0x00007ff83f1b0000 	C:\Windows\System32\ucrtbase.dll
0x00007ff80b640000 - 0x00007ff80b658000 	c:\Users\i n f i n i t y\.vscode\extensions\redhat.java-1.43.0-win32-x64\jre\21.0.7-win32-x86_64\bin\jli.dll
0x00007ff840880000 - 0x00007ff840a1d000 	C:\Windows\System32\USER32.dll
0x00007ff83ee90000 - 0x00007ff83eeb2000 	C:\Windows\System32\win32u.dll
0x00007ff8416c0000 - 0x00007ff8416eb000 	C:\Windows\System32\GDI32.dll
0x00007ff83f1b0000 - 0x00007ff83f2c9000 	C:\Windows\System32\gdi32full.dll
0x00007ff83edc0000 - 0x00007ff83ee5d000 	C:\Windows\System32\msvcp_win.dll
0x00007ff80a7a0000 - 0x00007ff80a7be000 	c:\Users\i n f i n i t y\.vscode\extensions\redhat.java-1.43.0-win32-x64\jre\21.0.7-win32-x86_64\bin\VCRUNTIME140.dll
0x00007ff82b450000 - 0x00007ff82b6ea000 	C:\Windows\WinSxS\amd64_microsoft.windows.common-controls_6595b64144ccf1df_6.0.19041.5915_none_60b4b9d171f9c7c7\COMCTL32.dll
0x00007ff840b40000 - 0x00007ff840bde000 	C:\Windows\System32\msvcrt.dll
0x00007ff840a30000 - 0x00007ff840a5f000 	C:\Windows\System32\IMM32.DLL
0x00007ff82e2e0000 - 0x00007ff82e2ec000 	c:\Users\i n f i n i t y\.vscode\extensions\redhat.java-1.43.0-win32-x64\jre\21.0.7-win32-x86_64\bin\vcruntime140_1.dll
0x00007fffeb130000 - 0x00007fffeb1bd000 	c:\Users\i n f i n i t y\.vscode\extensions\redhat.java-1.43.0-win32-x64\jre\21.0.7-win32-x86_64\bin\msvcp140.dll
0x00007fffca4b0000 - 0x00007fffcb240000 	c:\Users\i n f i n i t y\.vscode\extensions\redhat.java-1.43.0-win32-x64\jre\21.0.7-win32-x86_64\bin\server\jvm.dll
0x00007ff83f860000 - 0x00007ff83f911000 	C:\Windows\System32\ADVAPI32.dll
0x00007ff83f920000 - 0x00007ff83f9bf000 	C:\Windows\System32\sechost.dll
0x00007ff83fe10000 - 0x00007ff83ff33000 	C:\Windows\System32\RPCRT4.dll
0x00007ff83ee60000 - 0x00007ff83ee87000 	C:\Windows\System32\bcrypt.dll
0x00007ff840790000 - 0x00007ff8407fb000 	C:\Windows\System32\WS2_32.dll
0x00007ff83e350000 - 0x00007ff83e39b000 	C:\Windows\SYSTEM32\POWRPROF.dll
0x00007ff82d630000 - 0x00007ff82d657000 	C:\Windows\SYSTEM32\WINMM.dll
0x00007ff83a250000 - 0x00007ff83a25a000 	C:\Windows\SYSTEM32\VERSION.dll
0x00007ff83e1c0000 - 0x00007ff83e1d2000 	C:\Windows\SYSTEM32\UMPDC.dll
0x00007ff83cc40000 - 0x00007ff83cc52000 	C:\Windows\SYSTEM32\kernel.appcore.dll
0x00007ff82cc70000 - 0x00007ff82cc7a000 	c:\Users\i n f i n i t y\.vscode\extensions\redhat.java-1.43.0-win32-x64\jre\21.0.7-win32-x86_64\bin\jimage.dll
0x00007ff82bb40000 - 0x00007ff82bd41000 	C:\Windows\SYSTEM32\DBGHELP.DLL
0x00007ff826010000 - 0x00007ff826044000 	C:\Windows\SYSTEM32\dbgcore.DLL
0x00007ff83f020000 - 0x00007ff83f0a2000 	C:\Windows\System32\bcryptPrimitives.dll
0x00007ff826110000 - 0x00007ff82611f000 	c:\Users\i n f i n i t y\.vscode\extensions\redhat.java-1.43.0-win32-x64\jre\21.0.7-win32-x86_64\bin\instrument.dll
0x00007ff807dd0000 - 0x00007ff807def000 	c:\Users\i n f i n i t y\.vscode\extensions\redhat.java-1.43.0-win32-x64\jre\21.0.7-win32-x86_64\bin\java.dll
0x00007ff8027c0000 - 0x00007ff8027d8000 	c:\Users\i n f i n i t y\.vscode\extensions\redhat.java-1.43.0-win32-x64\jre\21.0.7-win32-x86_64\bin\zip.dll

dbghelp: loaded successfully - version: 4.0.5 - missing functions: none
symbol engine: initialized successfully - sym options: 0x614 - pdb path: .;c:\Users\i n f i n i t y\.vscode\extensions\redhat.java-1.43.0-win32-x64\jre\21.0.7-win32-x86_64\bin;C:\Windows\SYSTEM32;C:\Windows\WinSxS\amd64_microsoft.windows.common-controls_6595b64144ccf1df_6.0.19041.5915_none_60b4b9d171f9c7c7;c:\Users\i n f i n i t y\.vscode\extensions\redhat.java-1.43.0-win32-x64\jre\21.0.7-win32-x86_64\bin\server

VM Arguments:
jvm_args: --add-modules=ALL-SYSTEM --add-opens=java.base/java.util=ALL-UNNAMED --add-opens=java.base/java.lang=ALL-UNNAMED --add-opens=java.base/sun.nio.fs=ALL-UNNAMED -Declipse.application=org.eclipse.jdt.ls.core.id1 -Dosgi.bundles.defaultStartLevel=4 -Declipse.product=org.eclipse.jdt.ls.core.product -Djava.import.generatesMetadataFilesAtProjectRoot=false -DDetectVMInstallationsJob.disabled=true -Dfile.encoding=utf8 -XX:+UseParallelGC -XX:GCTimeRatio=4 -XX:AdaptiveSizePolicyWeight=90 -Dsun.zip.disableMemoryMapping=true -Xmx2G -Xms100m -Xlog:disable -javaagent:c:\Users\i n f i n i t y\.vscode\extensions\redhat.java-1.43.0-win32-x64\lombok\lombok-1.18.39-4050.jar -XX:+HeapDumpOnOutOfMemoryError -XX:HeapDumpPath=c:\Users\i n f i n i t y\AppData\Roaming\Code\User\workspaceStorage\4ca01db43b3517ea70915ca51dddf76f\redhat.java -Daether.dependencyCollector.impl=bf 
java_command: c:\Users\i n f i n i t y\.vscode\extensions\redhat.java-1.43.0-win32-x64\server\plugins\org.eclipse.equinox.launcher_1.7.0.v20250519-0528.jar -configuration c:\Users\i n f i n i t y\AppData\Roaming\Code\User\globalStorage\redhat.java\1.43.0\config_win -data c:\Users\i n f i n i t y\AppData\Roaming\Code\User\workspaceStorage\4ca01db43b3517ea70915ca51dddf76f\redhat.java\jdt_ws --pipe=\\.\pipe\lsp-b52fcf22b3b5580a9597664c61adc34f-sock
java_class_path (initial): c:\Users\i n f i n i t y\.vscode\extensions\redhat.java-1.43.0-win32-x64\server\plugins\org.eclipse.equinox.launcher_1.7.0.v20250519-0528.jar
Launcher Type: SUN_STANDARD

[Global flags]
    uintx AdaptiveSizePolicyWeight                 = 90                                        {product} {command line}
     intx CICompilerCount                          = 4                                         {product} {ergonomic}
    uintx GCTimeRatio                              = 4                                         {product} {command line}
     bool HeapDumpOnOutOfMemoryError               = true                                   {manageable} {command line}
    ccstr HeapDumpPath                             = c:\Users\i n f i n i t y\AppData\Roaming\Code\User\workspaceStorage\4ca01db43b3517ea70915ca51dddf76f\redhat.java         {manageable} {command line}
   size_t InitialHeapSize                          = 104857600                                 {product} {command line}
   size_t MaxHeapSize                              = 2147483648                                {product} {command line}
   size_t MaxNewSize                               = 715653120                                 {product} {ergonomic}
   size_t MinHeapDeltaBytes                        = 524288                                    {product} {ergonomic}
   size_t MinHeapSize                              = 104857600                                 {product} {command line}
   size_t NewSize                                  = 34603008                                  {product} {ergonomic}
    uintx NonNMethodCodeHeapSize                   = 5839372                                {pd product} {ergonomic}
    uintx NonProfiledCodeHeapSize                  = 122909434                              {pd product} {ergonomic}
   size_t OldSize                                  = 70254592                                  {product} {ergonomic}
    uintx ProfiledCodeHeapSize                     = 122909434                              {pd product} {ergonomic}
    uintx ReservedCodeCacheSize                    = 251658240                              {pd product} {ergonomic}
     bool SegmentedCodeCache                       = true                                      {product} {ergonomic}
   size_t SoftMaxHeapSize                          = 2147483648                             {manageable} {ergonomic}
     bool UseCompressedOops                        = true                           {product lp64_product} {ergonomic}
     bool UseLargePagesIndividualAllocation        = false                                  {pd product} {ergonomic}
     bool UseParallelGC                            = true                                      {product} {command line}

Logging:
Log output configuration:
 #0: stdout all=off uptime,level,tags foldmultilines=false
 #1: stderr all=off uptime,level,tags foldmultilines=false

Environment Variables:
JAVA_HOME=C:\Users\i n f i n i t y\AppData\Local\Programs\Eclipse Adoptium\jdk-17.0.8.101-hotspot\
PATH=C:\Users\i n f i n i t y\AppData\Local\Programs\Python\Python312\Scripts\;C:\Users\i n f i n i t y\AppData\Local\Programs\Python\Python312\;C:\Program Files\Common Files\Oracle\Java\javapath;C:\Program Files (x86)\Common Files\Oracle\Java\java8path;C:\Program Files (x86)\Common Files\Oracle\Java\javapath;C:\Windows\system32;C:\Windows;C:\Windows\System32\Wbem;C:\Windows\System32\WindowsPowerShell\v1.0\;C:\Windows\System32\OpenSSH\;C:\Program Files (x86)\NVIDIA Corporation\PhysX\Common;C:\Program Files\Git\cmd;C:\Program Files\Microsoft SQL Server\150\Tools\Binn\;C:\Program Files\Microsoft SQL Server\Client SDK\ODBC\170\Tools\Binn\;C:\Program Files\dotnet\;C:\Program Files (x86)\Windows Kits\10\Windows Performance Toolkit\;C:\Program Files (x86)\Microsoft SQL Server\160\Tools\Binn\;C:\Program Files\Microsoft SQL Server\160\Tools\Binn\;C:\Program Files\Microsoft SQL Server\160\DTS\Binn\;C:\Program Files\MySQL\MySQL Server 8.0\bin;C:\ProgramData\chocolatey\bin;C:\Program Files\MongoDB\DatabaseTools\bin;C:\Users\i n f i n i t y\AppData\Local\Android\Sdk\platform-tools\;C:\SDKs\Android\flutter\bin\cache\dart-sdk\bin;C:\Users\i n f i n i t y\AppData\Local\Pub\Cache\bin\;C:\Users\i n f i n i t y\AppData\Local\nvm;C:\nvm4w\nodejs;C:\Users\i n f i n i t y\AppData\Local\nvm;C:\Program Files\Apache\maven-mvnd-2.0.0-rc-3-windows-amd64\mvn\bin;;C:\Program Files\NVIDIA Corporation\NVIDIA App\NvDLISR;C:\Program Files\MySQL\MySQL Shell 8.0\bin\;C:\Users\i n f i n i t y\AppData\Local\Programs\Eclipse Adoptium\jdk-17.0.8.101-hotspot\bin;C:\Users\i n f i n i t y\AppData\Local\Microsoft\WindowsApps;C:\SDKs\Android\flutter\bin;C:\Users\i n f i n i t y\.dotnet\tools;C:\Users\i n f i n i t y\AppData\Local\Programs\Microsoft VS Code\bin;C:\Users\i n f i n i t y\AppData\Local\Programs\Azure Data Studio\bin;C:\Users\i n f i n i t y\AppData\Local\GitHubDesktop\bin;C:\Program Files\JetBrains\IntelliJ IDEA 2023.3.6\bin;;C:\Users\i n f i n i t y\AppData\Local\JetBrains\IntelliJ IDEA Community Edition 2023.3.6\bin;;C:\Users\i n f i n i t y\AppData\Local\Microsoft\WinGet\Packages\Schniz.fnm_Microsoft.Winget.Source_8wekyb3d8bbwe;C:\Program Files\MongoDB\Shell\bin\;C:\Users\i n f i n i t y\AppData\Local\nvm;C:\nvm4w\nodejs;C:\Users\i n f i n i t y\AppData\Roaming\npm
USERNAME=ics
OS=Windows_NT
PROCESSOR_IDENTIFIER=Intel64 Family 6 Model 158 Stepping 9, GenuineIntel
TMP=C:\Users\INFINI~1\AppData\Local\Temp
TEMP=C:\Users\INFINI~1\AppData\Local\Temp




Periodic native trim disabled

---------------  S Y S T E M  ---------------

OS:
 Windows 10 , 64 bit Build 19041 (10.0.19041.5915)
OS uptime: 4 days 12:26 hours

CPU: total 8 (initial active 8) (4 cores per cpu, 2 threads per core) family 6 model 158 stepping 9 microcode 0xb4, cx8, cmov, fxsr, ht, mmx, 3dnowpref, sse, sse2, sse3, ssse3, sse4.1, sse4.2, popcnt, lzcnt, tsc, tscinvbit, avx, avx2, aes, erms, clmul, bmi1, bmi2, adx, fma, vzeroupper, clflush, clflushopt, rdtscp, f16c
Processor Information for the first 8 processors :
  Max Mhz: 2801, Current Mhz: 2800, Mhz Limit: 2772

Memory: 4k page, system-wide physical 16245M (3173M free)
TotalPageFile size 22113M (AvailPageFile size 6M)
current process WorkingSet (physical memory assigned to process): 16M, peak: 16M
current process commit charge ("private bytes"): 183M, peak: 191M

vm_info: OpenJDK 64-Bit Server VM (21.0.7+6-LTS) for windows-amd64 JRE (21.0.7+6-LTS), built on 2025-04-15T00:00:00Z by "admin" with MS VC++ 17.7 (VS2022)

END.
